WARNING - 2023-10-29 19:24:27 --> [DEPRECATED] Creation of dynamic property App\Controllers\Unidades::$unidades is deprecated in APPPATH\Controllers\Unidades.php on line 9.
 1 SYSTEMPATH\CodeIgniter.php(891): App\Controllers\Unidades->__construct()
 2 SYSTEMPATH\CodeIgniter.php(485): CodeIgniter\CodeIgniter->createController()
 3 SYSTEMPATH\CodeIgniter.php(353): CodeIgniter\CodeIgniter->handleRequest(null, Object(Config\Cache), false)
 4 FCPATH\index.php(79): CodeIgniter\CodeIgniter->run()
INFO - 2023-10-29 19:24:27 --> Session: Class initialized using 'CodeIgniter\Session\Handlers\FileHandler' driver.
WARNING - 2023-10-29 19:32:19 --> [DEPRECATED] Creation of dynamic property App\Controllers\Unidades::$unidades is deprecated in APPPATH\Controllers\Unidades.php on line 9.
 1 SYSTEMPATH\CodeIgniter.php(891): App\Controllers\Unidades->__construct()
 2 SYSTEMPATH\CodeIgniter.php(485): CodeIgniter\CodeIgniter->createController()
 3 SYSTEMPATH\CodeIgniter.php(353): CodeIgniter\CodeIgniter->handleRequest(null, Object(Config\Cache), false)
 4 FCPATH\index.php(79): CodeIgniter\CodeIgniter->run()
INFO - 2023-10-29 19:32:19 --> Session: Class initialized using 'CodeIgniter\Session\Handlers\FileHandler' driver.
WARNING - 2023-10-29 19:32:32 --> [DEPRECATED] Creation of dynamic property App\Controllers\Unidades::$unidades is deprecated in APPPATH\Controllers\Unidades.php on line 9.
 1 SYSTEMPATH\CodeIgniter.php(891): App\Controllers\Unidades->__construct()
 2 SYSTEMPATH\CodeIgniter.php(485): CodeIgniter\CodeIgniter->createController()
 3 SYSTEMPATH\CodeIgniter.php(353): CodeIgniter\CodeIgniter->handleRequest(null, Object(Config\Cache), false)
 4 FCPATH\index.php(79): CodeIgniter\CodeIgniter->run()
WARNING - 2023-10-29 19:32:32 --> [DEPRECATED] Creation of dynamic property App\Controllers\Unidades::$unidades is deprecated in APPPATH\Controllers\Unidades.php on line 9.
 1 SYSTEMPATH\CodeIgniter.php(891): App\Controllers\Unidades->__construct()
 2 SYSTEMPATH\CodeIgniter.php(485): CodeIgniter\CodeIgniter->createController()
 3 SYSTEMPATH\CodeIgniter.php(353): CodeIgniter\CodeIgniter->handleRequest(null, Object(Config\Cache), false)
 4 FCPATH\index.php(79): CodeIgniter\CodeIgniter->run()
INFO - 2023-10-29 19:32:32 --> Session: Class initialized using 'CodeIgniter\Session\Handlers\FileHandler' driver.
WARNING - 2023-10-29 19:32:34 --> [DEPRECATED] Creation of dynamic property App\Controllers\Unidades::$unidades is deprecated in APPPATH\Controllers\Unidades.php on line 9.
 1 SYSTEMPATH\CodeIgniter.php(891): App\Controllers\Unidades->__construct()
 2 SYSTEMPATH\CodeIgniter.php(485): CodeIgniter\CodeIgniter->createController()
 3 SYSTEMPATH\CodeIgniter.php(353): CodeIgniter\CodeIgniter->handleRequest(null, Object(Config\Cache), false)
 4 FCPATH\index.php(79): CodeIgniter\CodeIgniter->run()
INFO - 2023-10-29 19:32:34 --> Session: Class initialized using 'CodeIgniter\Session\Handlers\FileHandler' driver.
WARNING - 2023-10-29 19:37:58 --> [DEPRECATED] Creation of dynamic property App\Controllers\Unidades::$unidades is deprecated in APPPATH\Controllers\Unidades.php on line 9.
 1 SYSTEMPATH\CodeIgniter.php(891): App\Controllers\Unidades->__construct()
 2 SYSTEMPATH\CodeIgniter.php(485): CodeIgniter\CodeIgniter->createController()
 3 SYSTEMPATH\CodeIgniter.php(353): CodeIgniter\CodeIgniter->handleRequest(null, Object(Config\Cache), false)
 4 FCPATH\index.php(79): CodeIgniter\CodeIgniter->run()
INFO - 2023-10-29 19:37:58 --> Session: Class initialized using 'CodeIgniter\Session\Handlers\FileHandler' driver.
WARNING - 2023-10-29 19:38:27 --> [DEPRECATED] Creation of dynamic property App\Controllers\Unidades::$unidades is deprecated in APPPATH\Controllers\Unidades.php on line 9.
 1 SYSTEMPATH\CodeIgniter.php(891): App\Controllers\Unidades->__construct()
 2 SYSTEMPATH\CodeIgniter.php(485): CodeIgniter\CodeIgniter->createController()
 3 SYSTEMPATH\CodeIgniter.php(353): CodeIgniter\CodeIgniter->handleRequest(null, Object(Config\Cache), false)
 4 FCPATH\index.php(79): CodeIgniter\CodeIgniter->run()
INFO - 2023-10-29 19:38:27 --> Session: Class initialized using 'CodeIgniter\Session\Handlers\FileHandler' driver.
WARNING - 2023-10-29 19:38:41 --> [DEPRECATED] Creation of dynamic property App\Controllers\Unidades::$unidades is deprecated in APPPATH\Controllers\Unidades.php on line 9.
 1 SYSTEMPATH\CodeIgniter.php(891): App\Controllers\Unidades->__construct()
 2 SYSTEMPATH\CodeIgniter.php(485): CodeIgniter\CodeIgniter->createController()
 3 SYSTEMPATH\CodeIgniter.php(353): CodeIgniter\CodeIgniter->handleRequest(null, Object(Config\Cache), false)
 4 FCPATH\index.php(79): CodeIgniter\CodeIgniter->run()
WARNING - 2023-10-29 19:38:41 --> [DEPRECATED] Creation of dynamic property App\Controllers\Unidades::$unidades is deprecated in APPPATH\Controllers\Unidades.php on line 9.
 1 SYSTEMPATH\CodeIgniter.php(891): App\Controllers\Unidades->__construct()
 2 SYSTEMPATH\CodeIgniter.php(485): CodeIgniter\CodeIgniter->createController()
 3 SYSTEMPATH\CodeIgniter.php(353): CodeIgniter\CodeIgniter->handleRequest(null, Object(Config\Cache), false)
 4 FCPATH\index.php(79): CodeIgniter\CodeIgniter->run()
INFO - 2023-10-29 19:38:41 --> Session: Class initialized using 'CodeIgniter\Session\Handlers\FileHandler' driver.
WARNING - 2023-10-29 19:38:50 --> [DEPRECATED] Creation of dynamic property App\Controllers\Unidades::$unidades is deprecated in APPPATH\Controllers\Unidades.php on line 9.
 1 SYSTEMPATH\CodeIgniter.php(891): App\Controllers\Unidades->__construct()
 2 SYSTEMPATH\CodeIgniter.php(485): CodeIgniter\CodeIgniter->createController()
 3 SYSTEMPATH\CodeIgniter.php(353): CodeIgniter\CodeIgniter->handleRequest(null, Object(Config\Cache), false)
 4 FCPATH\index.php(79): CodeIgniter\CodeIgniter->run()
INFO - 2023-10-29 19:38:50 --> Session: Class initialized using 'CodeIgniter\Session\Handlers\FileHandler' driver.
WARNING - 2023-10-29 19:38:54 --> [DEPRECATED] Creation of dynamic property App\Controllers\Unidades::$unidades is deprecated in APPPATH\Controllers\Unidades.php on line 9.
 1 SYSTEMPATH\CodeIgniter.php(891): App\Controllers\Unidades->__construct()
 2 SYSTEMPATH\CodeIgniter.php(485): CodeIgniter\CodeIgniter->createController()
 3 SYSTEMPATH\CodeIgniter.php(353): CodeIgniter\CodeIgniter->handleRequest(null, Object(Config\Cache), false)
 4 FCPATH\index.php(79): CodeIgniter\CodeIgniter->run()
WARNING - 2023-10-29 19:38:55 --> [DEPRECATED] Creation of dynamic property App\Controllers\Unidades::$unidades is deprecated in APPPATH\Controllers\Unidades.php on line 9.
 1 SYSTEMPATH\CodeIgniter.php(891): App\Controllers\Unidades->__construct()
 2 SYSTEMPATH\CodeIgniter.php(485): CodeIgniter\CodeIgniter->createController()
 3 SYSTEMPATH\CodeIgniter.php(353): CodeIgniter\CodeIgniter->handleRequest(null, Object(Config\Cache), false)
 4 FCPATH\index.php(79): CodeIgniter\CodeIgniter->run()
INFO - 2023-10-29 19:38:55 --> Session: Class initialized using 'CodeIgniter\Session\Handlers\FileHandler' driver.
WARNING - 2023-10-29 19:38:57 --> [DEPRECATED] Creation of dynamic property App\Controllers\Unidades::$unidades is deprecated in APPPATH\Controllers\Unidades.php on line 9.
 1 SYSTEMPATH\CodeIgniter.php(891): App\Controllers\Unidades->__construct()
 2 SYSTEMPATH\CodeIgniter.php(485): CodeIgniter\CodeIgniter->createController()
 3 SYSTEMPATH\CodeIgniter.php(353): CodeIgniter\CodeIgniter->handleRequest(null, Object(Config\Cache), false)
 4 FCPATH\index.php(79): CodeIgniter\CodeIgniter->run()
INFO - 2023-10-29 19:38:57 --> Session: Class initialized using 'CodeIgniter\Session\Handlers\FileHandler' driver.
WARNING - 2023-10-29 19:39:23 --> [DEPRECATED] Creation of dynamic property App\Controllers\Unidades::$unidades is deprecated in APPPATH\Controllers\Unidades.php on line 9.
 1 SYSTEMPATH\CodeIgniter.php(891): App\Controllers\Unidades->__construct()
 2 SYSTEMPATH\CodeIgniter.php(485): CodeIgniter\CodeIgniter->createController()
 3 SYSTEMPATH\CodeIgniter.php(353): CodeIgniter\CodeIgniter->handleRequest(null, Object(Config\Cache), false)
 4 FCPATH\index.php(79): CodeIgniter\CodeIgniter->run()
INFO - 2023-10-29 19:39:23 --> Session: Class initialized using 'CodeIgniter\Session\Handlers\FileHandler' driver.
WARNING - 2023-10-29 19:39:35 --> [DEPRECATED] Creation of dynamic property App\Controllers\Unidades::$unidades is deprecated in APPPATH\Controllers\Unidades.php on line 9.
 1 SYSTEMPATH\CodeIgniter.php(891): App\Controllers\Unidades->__construct()
 2 SYSTEMPATH\CodeIgniter.php(485): CodeIgniter\CodeIgniter->createController()
 3 SYSTEMPATH\CodeIgniter.php(353): CodeIgniter\CodeIgniter->handleRequest(null, Object(Config\Cache), false)
 4 FCPATH\index.php(79): CodeIgniter\CodeIgniter->run()
INFO - 2023-10-29 19:39:35 --> Session: Class initialized using 'CodeIgniter\Session\Handlers\FileHandler' driver.
WARNING - 2023-10-29 19:39:53 --> [DEPRECATED] Creation of dynamic property App\Controllers\Unidades::$unidades is deprecated in APPPATH\Controllers\Unidades.php on line 9.
 1 SYSTEMPATH\CodeIgniter.php(891): App\Controllers\Unidades->__construct()
 2 SYSTEMPATH\CodeIgniter.php(485): CodeIgniter\CodeIgniter->createController()
 3 SYSTEMPATH\CodeIgniter.php(353): CodeIgniter\CodeIgniter->handleRequest(null, Object(Config\Cache), false)
 4 FCPATH\index.php(79): CodeIgniter\CodeIgniter->run()
INFO - 2023-10-29 19:39:53 --> Session: Class initialized using 'CodeIgniter\Session\Handlers\FileHandler' driver.
INFO - 2023-10-29 19:44:12 --> Session: Class initialized using 'CodeIgniter\Session\Handlers\FileHandler' driver.
