WARNING - 2023-10-26 10:56:56 --> [DEPRECATED] Creation of dynamic property App\Controllers\Unidades::$unidades is deprecated in APPPATH\Controllers\Unidades.php on line 9.
 1 SYSTEMPATH\CodeIgniter.php(891): App\Controllers\Unidades->__construct()
 2 SYSTEMPATH\CodeIgniter.php(485): CodeIgniter\CodeIgniter->createController()
 3 SYSTEMPATH\CodeIgniter.php(353): CodeIgniter\CodeIgniter->handleRequest(null, Object(Config\Cache), false)
 4 FCPATH\index.php(79): CodeIgniter\CodeIgniter->run()
INFO - 2023-10-26 10:56:56 --> Session: Class initialized using 'CodeIgniter\Session\Handlers\FileHandler' driver.
WARNING - 2023-10-26 10:57:04 --> [DEPRECATED] Creation of dynamic property App\Controllers\Unidades::$unidades is deprecated in APPPATH\Controllers\Unidades.php on line 9.
 1 SYSTEMPATH\CodeIgniter.php(891): App\Controllers\Unidades->__construct()
 2 SYSTEMPATH\CodeIgniter.php(485): CodeIgniter\CodeIgniter->createController()
 3 SYSTEMPATH\CodeIgniter.php(353): CodeIgniter\CodeIgniter->handleRequest(null, Object(Config\Cache), false)
 4 FCPATH\index.php(79): CodeIgniter\CodeIgniter->run()
INFO - 2023-10-26 10:57:04 --> Session: Class initialized using 'CodeIgniter\Session\Handlers\FileHandler' driver.
WARNING - 2023-10-26 10:57:07 --> [DEPRECATED] Creation of dynamic property App\Controllers\Unidades::$unidades is deprecated in APPPATH\Controllers\Unidades.php on line 9.
 1 SYSTEMPATH\CodeIgniter.php(891): App\Controllers\Unidades->__construct()
 2 SYSTEMPATH\CodeIgniter.php(485): CodeIgniter\CodeIgniter->createController()
 3 SYSTEMPATH\CodeIgniter.php(353): CodeIgniter\CodeIgniter->handleRequest(null, Object(Config\Cache), false)
 4 FCPATH\index.php(79): CodeIgniter\CodeIgniter->run()
INFO - 2023-10-26 10:57:07 --> Session: Class initialized using 'CodeIgniter\Session\Handlers\FileHandler' driver.
WARNING - 2023-10-26 10:57:32 --> [DEPRECATED] Creation of dynamic property App\Controllers\Unidades::$unidades is deprecated in APPPATH\Controllers\Unidades.php on line 9.
 1 SYSTEMPATH\CodeIgniter.php(891): App\Controllers\Unidades->__construct()
 2 SYSTEMPATH\CodeIgniter.php(485): CodeIgniter\CodeIgniter->createController()
 3 SYSTEMPATH\CodeIgniter.php(353): CodeIgniter\CodeIgniter->handleRequest(null, Object(Config\Cache), false)
 4 FCPATH\index.php(79): CodeIgniter\CodeIgniter->run()
INFO - 2023-10-26 10:57:32 --> Session: Class initialized using 'CodeIgniter\Session\Handlers\FileHandler' driver.
WARNING - 2023-10-26 10:58:09 --> [DEPRECATED] Creation of dynamic property App\Controllers\Unidades::$unidades is deprecated in APPPATH\Controllers\Unidades.php on line 9.
 1 SYSTEMPATH\CodeIgniter.php(891): App\Controllers\Unidades->__construct()
 2 SYSTEMPATH\CodeIgniter.php(485): CodeIgniter\CodeIgniter->createController()
 3 SYSTEMPATH\CodeIgniter.php(353): CodeIgniter\CodeIgniter->handleRequest(null, Object(Config\Cache), false)
 4 FCPATH\index.php(79): CodeIgniter\CodeIgniter->run()
INFO - 2023-10-26 10:58:09 --> Session: Class initialized using 'CodeIgniter\Session\Handlers\FileHandler' driver.
WARNING - 2023-10-26 11:01:16 --> [DEPRECATED] Creation of dynamic property App\Controllers\Unidades::$unidades is deprecated in APPPATH\Controllers\Unidades.php on line 9.
 1 SYSTEMPATH\CodeIgniter.php(891): App\Controllers\Unidades->__construct()
 2 SYSTEMPATH\CodeIgniter.php(485): CodeIgniter\CodeIgniter->createController()
 3 SYSTEMPATH\CodeIgniter.php(353): CodeIgniter\CodeIgniter->handleRequest(null, Object(Config\Cache), false)
 4 FCPATH\index.php(79): CodeIgniter\CodeIgniter->run()
INFO - 2023-10-26 11:01:16 --> Session: Class initialized using 'CodeIgniter\Session\Handlers\FileHandler' driver.
WARNING - 2023-10-26 11:01:19 --> [DEPRECATED] Creation of dynamic property App\Controllers\Unidades::$unidades is deprecated in APPPATH\Controllers\Unidades.php on line 9.
 1 SYSTEMPATH\CodeIgniter.php(891): App\Controllers\Unidades->__construct()
 2 SYSTEMPATH\CodeIgniter.php(485): CodeIgniter\CodeIgniter->createController()
 3 SYSTEMPATH\CodeIgniter.php(353): CodeIgniter\CodeIgniter->handleRequest(null, Object(Config\Cache), false)
 4 FCPATH\index.php(79): CodeIgniter\CodeIgniter->run()
INFO - 2023-10-26 11:01:19 --> Session: Class initialized using 'CodeIgniter\Session\Handlers\FileHandler' driver.
WARNING - 2023-10-26 11:01:26 --> [DEPRECATED] Creation of dynamic property App\Controllers\Unidades::$unidades is deprecated in APPPATH\Controllers\Unidades.php on line 9.
 1 SYSTEMPATH\CodeIgniter.php(891): App\Controllers\Unidades->__construct()
 2 SYSTEMPATH\CodeIgniter.php(485): CodeIgniter\CodeIgniter->createController()
 3 SYSTEMPATH\CodeIgniter.php(353): CodeIgniter\CodeIgniter->handleRequest(null, Object(Config\Cache), false)
 4 FCPATH\index.php(79): CodeIgniter\CodeIgniter->run()
INFO - 2023-10-26 11:01:26 --> Session: Class initialized using 'CodeIgniter\Session\Handlers\FileHandler' driver.
WARNING - 2023-10-26 11:01:29 --> [DEPRECATED] Creation of dynamic property App\Controllers\Unidades::$unidades is deprecated in APPPATH\Controllers\Unidades.php on line 9.
 1 SYSTEMPATH\CodeIgniter.php(891): App\Controllers\Unidades->__construct()
 2 SYSTEMPATH\CodeIgniter.php(485): CodeIgniter\CodeIgniter->createController()
 3 SYSTEMPATH\CodeIgniter.php(353): CodeIgniter\CodeIgniter->handleRequest(null, Object(Config\Cache), false)
 4 FCPATH\index.php(79): CodeIgniter\CodeIgniter->run()
INFO - 2023-10-26 11:01:29 --> Session: Class initialized using 'CodeIgniter\Session\Handlers\FileHandler' driver.
WARNING - 2023-10-26 11:02:17 --> [DEPRECATED] Creation of dynamic property App\Controllers\Unidades::$unidades is deprecated in APPPATH\Controllers\Unidades.php on line 9.
 1 SYSTEMPATH\CodeIgniter.php(891): App\Controllers\Unidades->__construct()
 2 SYSTEMPATH\CodeIgniter.php(485): CodeIgniter\CodeIgniter->createController()
 3 SYSTEMPATH\CodeIgniter.php(353): CodeIgniter\CodeIgniter->handleRequest(null, Object(Config\Cache), false)
 4 FCPATH\index.php(79): CodeIgniter\CodeIgniter->run()
INFO - 2023-10-26 11:02:17 --> Session: Class initialized using 'CodeIgniter\Session\Handlers\FileHandler' driver.
WARNING - 2023-10-26 11:05:05 --> [DEPRECATED] Creation of dynamic property App\Controllers\Unidades::$unidades is deprecated in APPPATH\Controllers\Unidades.php on line 9.
 1 SYSTEMPATH\CodeIgniter.php(891): App\Controllers\Unidades->__construct()
 2 SYSTEMPATH\CodeIgniter.php(485): CodeIgniter\CodeIgniter->createController()
 3 SYSTEMPATH\CodeIgniter.php(353): CodeIgniter\CodeIgniter->handleRequest(null, Object(Config\Cache), false)
 4 FCPATH\index.php(79): CodeIgniter\CodeIgniter->run()
INFO - 2023-10-26 11:05:05 --> Session: Class initialized using 'CodeIgniter\Session\Handlers\FileHandler' driver.
WARNING - 2023-10-26 11:05:16 --> [DEPRECATED] Creation of dynamic property App\Controllers\Unidades::$unidades is deprecated in APPPATH\Controllers\Unidades.php on line 9.
 1 SYSTEMPATH\CodeIgniter.php(891): App\Controllers\Unidades->__construct()
 2 SYSTEMPATH\CodeIgniter.php(485): CodeIgniter\CodeIgniter->createController()
 3 SYSTEMPATH\CodeIgniter.php(353): CodeIgniter\CodeIgniter->handleRequest(null, Object(Config\Cache), false)
 4 FCPATH\index.php(79): CodeIgniter\CodeIgniter->run()
INFO - 2023-10-26 11:05:16 --> Session: Class initialized using 'CodeIgniter\Session\Handlers\FileHandler' driver.
WARNING - 2023-10-26 11:06:23 --> [DEPRECATED] Creation of dynamic property App\Controllers\Unidades::$unidades is deprecated in APPPATH\Controllers\Unidades.php on line 9.
 1 SYSTEMPATH\CodeIgniter.php(891): App\Controllers\Unidades->__construct()
 2 SYSTEMPATH\CodeIgniter.php(485): CodeIgniter\CodeIgniter->createController()
 3 SYSTEMPATH\CodeIgniter.php(353): CodeIgniter\CodeIgniter->handleRequest(null, Object(Config\Cache), false)
 4 FCPATH\index.php(79): CodeIgniter\CodeIgniter->run()
INFO - 2023-10-26 11:06:23 --> Session: Class initialized using 'CodeIgniter\Session\Handlers\FileHandler' driver.
WARNING - 2023-10-26 11:06:25 --> [DEPRECATED] Creation of dynamic property App\Controllers\Unidades::$unidades is deprecated in APPPATH\Controllers\Unidades.php on line 9.
 1 SYSTEMPATH\CodeIgniter.php(891): App\Controllers\Unidades->__construct()
 2 SYSTEMPATH\CodeIgniter.php(485): CodeIgniter\CodeIgniter->createController()
 3 SYSTEMPATH\CodeIgniter.php(353): CodeIgniter\CodeIgniter->handleRequest(null, Object(Config\Cache), false)
 4 FCPATH\index.php(79): CodeIgniter\CodeIgniter->run()
INFO - 2023-10-26 11:06:25 --> Session: Class initialized using 'CodeIgniter\Session\Handlers\FileHandler' driver.
WARNING - 2023-10-26 11:06:29 --> [DEPRECATED] Creation of dynamic property App\Controllers\Unidades::$unidades is deprecated in APPPATH\Controllers\Unidades.php on line 9.
 1 SYSTEMPATH\CodeIgniter.php(891): App\Controllers\Unidades->__construct()
 2 SYSTEMPATH\CodeIgniter.php(485): CodeIgniter\CodeIgniter->createController()
 3 SYSTEMPATH\CodeIgniter.php(353): CodeIgniter\CodeIgniter->handleRequest(null, Object(Config\Cache), false)
 4 FCPATH\index.php(79): CodeIgniter\CodeIgniter->run()
INFO - 2023-10-26 11:06:29 --> Session: Class initialized using 'CodeIgniter\Session\Handlers\FileHandler' driver.
WARNING - 2023-10-26 11:06:29 --> [DEPRECATED] Creation of dynamic property App\Controllers\Unidades::$unidades is deprecated in APPPATH\Controllers\Unidades.php on line 9.
 1 SYSTEMPATH\CodeIgniter.php(891): App\Controllers\Unidades->__construct()
 2 SYSTEMPATH\CodeIgniter.php(485): CodeIgniter\CodeIgniter->createController()
 3 SYSTEMPATH\CodeIgniter.php(353): CodeIgniter\CodeIgniter->handleRequest(null, Object(Config\Cache), false)
 4 FCPATH\index.php(79): CodeIgniter\CodeIgniter->run()
WARNING - 2023-10-26 11:06:29 --> [DEPRECATED] Creation of dynamic property App\Controllers\Unidades::$unidades is deprecated in APPPATH\Controllers\Unidades.php on line 9.
 1 SYSTEMPATH\CodeIgniter.php(891): App\Controllers\Unidades->__construct()
 2 SYSTEMPATH\CodeIgniter.php(485): CodeIgniter\CodeIgniter->createController()
 3 SYSTEMPATH\CodeIgniter.php(353): CodeIgniter\CodeIgniter->handleRequest(null, Object(Config\Cache), false)
 4 FCPATH\index.php(79): CodeIgniter\CodeIgniter->run()
WARNING - 2023-10-26 11:06:29 --> [DEPRECATED] Creation of dynamic property App\Controllers\Unidades::$unidades is deprecated in APPPATH\Controllers\Unidades.php on line 9.
 1 SYSTEMPATH\CodeIgniter.php(891): App\Controllers\Unidades->__construct()
 2 SYSTEMPATH\CodeIgniter.php(485): CodeIgniter\CodeIgniter->createController()
 3 SYSTEMPATH\CodeIgniter.php(353): CodeIgniter\CodeIgniter->handleRequest(null, Object(Config\Cache), false)
 4 FCPATH\index.php(79): CodeIgniter\CodeIgniter->run()
INFO - 2023-10-26 11:06:29 --> Session: Class initialized using 'CodeIgniter\Session\Handlers\FileHandler' driver.
INFO - 2023-10-26 11:06:29 --> Session: Class initialized using 'CodeIgniter\Session\Handlers\FileHandler' driver.
INFO - 2023-10-26 11:06:29 --> Session: Class initialized using 'CodeIgniter\Session\Handlers\FileHandler' driver.
WARNING - 2023-10-26 11:10:41 --> [DEPRECATED] Creation of dynamic property App\Controllers\Unidades::$unidades is deprecated in APPPATH\Controllers\Unidades.php on line 9.
 1 SYSTEMPATH\CodeIgniter.php(891): App\Controllers\Unidades->__construct()
 2 SYSTEMPATH\CodeIgniter.php(485): CodeIgniter\CodeIgniter->createController()
 3 SYSTEMPATH\CodeIgniter.php(353): CodeIgniter\CodeIgniter->handleRequest(null, Object(Config\Cache), false)
 4 FCPATH\index.php(79): CodeIgniter\CodeIgniter->run()
INFO - 2023-10-26 11:10:41 --> Session: Class initialized using 'CodeIgniter\Session\Handlers\FileHandler' driver.
WARNING - 2023-10-26 11:10:41 --> [DEPRECATED] Creation of dynamic property App\Controllers\Unidades::$unidades is deprecated in APPPATH\Controllers\Unidades.php on line 9.
 1 SYSTEMPATH\CodeIgniter.php(891): App\Controllers\Unidades->__construct()
 2 SYSTEMPATH\CodeIgniter.php(485): CodeIgniter\CodeIgniter->createController()
 3 SYSTEMPATH\CodeIgniter.php(353): CodeIgniter\CodeIgniter->handleRequest(null, Object(Config\Cache), false)
 4 FCPATH\index.php(79): CodeIgniter\CodeIgniter->run()
WARNING - 2023-10-26 11:10:41 --> [DEPRECATED] Creation of dynamic property App\Controllers\Unidades::$unidades is deprecated in APPPATH\Controllers\Unidades.php on line 9.
 1 SYSTEMPATH\CodeIgniter.php(891): App\Controllers\Unidades->__construct()
 2 SYSTEMPATH\CodeIgniter.php(485): CodeIgniter\CodeIgniter->createController()
 3 SYSTEMPATH\CodeIgniter.php(353): CodeIgniter\CodeIgniter->handleRequest(null, Object(Config\Cache), false)
 4 FCPATH\index.php(79): CodeIgniter\CodeIgniter->run()
WARNING - 2023-10-26 11:10:41 --> [DEPRECATED] Creation of dynamic property App\Controllers\Unidades::$unidades is deprecated in APPPATH\Controllers\Unidades.php on line 9.
 1 SYSTEMPATH\CodeIgniter.php(891): App\Controllers\Unidades->__construct()
 2 SYSTEMPATH\CodeIgniter.php(485): CodeIgniter\CodeIgniter->createController()
 3 SYSTEMPATH\CodeIgniter.php(353): CodeIgniter\CodeIgniter->handleRequest(null, Object(Config\Cache), false)
 4 FCPATH\index.php(79): CodeIgniter\CodeIgniter->run()
INFO - 2023-10-26 11:10:41 --> Session: Class initialized using 'CodeIgniter\Session\Handlers\FileHandler' driver.
CRITICAL - 2023-10-26 11:10:41 --> Trying to access array offset on value of type null
in APPPATH\Views\unidades\editar.php on line 14.
 1 APPPATH\Views\unidades\editar.php(14): CodeIgniter\Debug\Exceptions->errorHandler(2, 'Trying to access array offset on value of type null', 'C:\\xampp\\htdocs\\pizeria\\app\\Views\\unidades\\editar.php', 14)
 2 SYSTEMPATH\View\View.php(226): include('C:\\xampp\\htdocs\\pizeria\\app\\Views\\unidades\\editar.php')
 3 SYSTEMPATH\View\View.php(229): CodeIgniter\View\View->CodeIgniter\View\{closure}()
 4 SYSTEMPATH\Common.php(1188): CodeIgniter\View\View->render('unidades/editar', [], true)
 5 APPPATH\Controllers\Unidades.php(58): view('unidades/editar', [...])
 6 SYSTEMPATH\CodeIgniter.php(919): App\Controllers\Unidades->editar('css', 'styles.css')
 7 SYSTEMPATH\CodeIgniter.php(494): CodeIgniter\CodeIgniter->runController(Object(App\Controllers\Unidades))
 8 SYSTEMPATH\CodeIgniter.php(353): CodeIgniter\CodeIgniter->handleRequest(null, Object(Config\Cache), false)
 9 FCPATH\index.php(79): CodeIgniter\CodeIgniter->run()
INFO - 2023-10-26 11:10:41 --> Session: Class initialized using 'CodeIgniter\Session\Handlers\FileHandler' driver.
CRITICAL - 2023-10-26 11:10:41 --> Trying to access array offset on value of type null
in APPPATH\Views\unidades\editar.php on line 14.
 1 APPPATH\Views\unidades\editar.php(14): CodeIgniter\Debug\Exceptions->errorHandler(2, 'Trying to access array offset on value of type null', 'C:\\xampp\\htdocs\\pizeria\\app\\Views\\unidades\\editar.php', 14)
 2 SYSTEMPATH\View\View.php(226): include('C:\\xampp\\htdocs\\pizeria\\app\\Views\\unidades\\editar.php')
 3 SYSTEMPATH\View\View.php(229): CodeIgniter\View\View->CodeIgniter\View\{closure}()
 4 SYSTEMPATH\Common.php(1188): CodeIgniter\View\View->render('unidades/editar', [], true)
 5 APPPATH\Controllers\Unidades.php(58): view('unidades/editar', [...])
 6 SYSTEMPATH\CodeIgniter.php(919): App\Controllers\Unidades->editar('js', 'scripts.js')
 7 SYSTEMPATH\CodeIgniter.php(494): CodeIgniter\CodeIgniter->runController(Object(App\Controllers\Unidades))
 8 SYSTEMPATH\CodeIgniter.php(353): CodeIgniter\CodeIgniter->handleRequest(null, Object(Config\Cache), false)
 9 FCPATH\index.php(79): CodeIgniter\CodeIgniter->run()
INFO - 2023-10-26 11:10:41 --> Session: Class initialized using 'CodeIgniter\Session\Handlers\FileHandler' driver.
CRITICAL - 2023-10-26 11:10:41 --> Trying to access array offset on value of type null
in APPPATH\Views\unidades\editar.php on line 14.
 1 APPPATH\Views\unidades\editar.php(14): CodeIgniter\Debug\Exceptions->errorHandler(2, 'Trying to access array offset on value of type null', 'C:\\xampp\\htdocs\\pizeria\\app\\Views\\unidades\\editar.php', 14)
 2 SYSTEMPATH\View\View.php(226): include('C:\\xampp\\htdocs\\pizeria\\app\\Views\\unidades\\editar.php')
 3 SYSTEMPATH\View\View.php(229): CodeIgniter\View\View->CodeIgniter\View\{closure}()
 4 SYSTEMPATH\Common.php(1188): CodeIgniter\View\View->render('unidades/editar', [], true)
 5 APPPATH\Controllers\Unidades.php(58): view('unidades/editar', [...])
 6 SYSTEMPATH\CodeIgniter.php(919): App\Controllers\Unidades->editar('assets', 'demo', 'datatables-demo.js')
 7 SYSTEMPATH\CodeIgniter.php(494): CodeIgniter\CodeIgniter->runController(Object(App\Controllers\Unidades))
 8 SYSTEMPATH\CodeIgniter.php(353): CodeIgniter\CodeIgniter->handleRequest(null, Object(Config\Cache), false)
 9 FCPATH\index.php(79): CodeIgniter\CodeIgniter->run()
WARNING - 2023-10-26 11:14:50 --> [DEPRECATED] Creation of dynamic property App\Controllers\Unidades::$unidades is deprecated in APPPATH\Controllers\Unidades.php on line 9.
 1 SYSTEMPATH\CodeIgniter.php(891): App\Controllers\Unidades->__construct()
 2 SYSTEMPATH\CodeIgniter.php(485): CodeIgniter\CodeIgniter->createController()
 3 SYSTEMPATH\CodeIgniter.php(353): CodeIgniter\CodeIgniter->handleRequest(null, Object(Config\Cache), false)
 4 FCPATH\index.php(79): CodeIgniter\CodeIgniter->run()
INFO - 2023-10-26 11:14:50 --> Session: Class initialized using 'CodeIgniter\Session\Handlers\FileHandler' driver.
WARNING - 2023-10-26 11:14:50 --> [DEPRECATED] Creation of dynamic property App\Controllers\Unidades::$unidades is deprecated in APPPATH\Controllers\Unidades.php on line 9.
 1 SYSTEMPATH\CodeIgniter.php(891): App\Controllers\Unidades->__construct()
 2 SYSTEMPATH\CodeIgniter.php(485): CodeIgniter\CodeIgniter->createController()
 3 SYSTEMPATH\CodeIgniter.php(353): CodeIgniter\CodeIgniter->handleRequest(null, Object(Config\Cache), false)
 4 FCPATH\index.php(79): CodeIgniter\CodeIgniter->run()
WARNING - 2023-10-26 11:14:50 --> [DEPRECATED] Creation of dynamic property App\Controllers\Unidades::$unidades is deprecated in APPPATH\Controllers\Unidades.php on line 9.
 1 SYSTEMPATH\CodeIgniter.php(891): App\Controllers\Unidades->__construct()
 2 SYSTEMPATH\CodeIgniter.php(485): CodeIgniter\CodeIgniter->createController()
 3 SYSTEMPATH\CodeIgniter.php(353): CodeIgniter\CodeIgniter->handleRequest(null, Object(Config\Cache), false)
 4 FCPATH\index.php(79): CodeIgniter\CodeIgniter->run()
INFO - 2023-10-26 11:14:50 --> Session: Class initialized using 'CodeIgniter\Session\Handlers\FileHandler' driver.
WARNING - 2023-10-26 11:14:50 --> [DEPRECATED] Creation of dynamic property App\Controllers\Unidades::$unidades is deprecated in APPPATH\Controllers\Unidades.php on line 9.
 1 SYSTEMPATH\CodeIgniter.php(891): App\Controllers\Unidades->__construct()
 2 SYSTEMPATH\CodeIgniter.php(485): CodeIgniter\CodeIgniter->createController()
 3 SYSTEMPATH\CodeIgniter.php(353): CodeIgniter\CodeIgniter->handleRequest(null, Object(Config\Cache), false)
 4 FCPATH\index.php(79): CodeIgniter\CodeIgniter->run()
CRITICAL - 2023-10-26 11:14:50 --> Trying to access array offset on value of type null
in APPPATH\Views\unidades\editar.php on line 14.
 1 APPPATH\Views\unidades\editar.php(14): CodeIgniter\Debug\Exceptions->errorHandler(2, 'Trying to access array offset on value of type null', 'C:\\xampp\\htdocs\\pizeria\\app\\Views\\unidades\\editar.php', 14)
 2 SYSTEMPATH\View\View.php(226): include('C:\\xampp\\htdocs\\pizeria\\app\\Views\\unidades\\editar.php')
 3 SYSTEMPATH\View\View.php(229): CodeIgniter\View\View->CodeIgniter\View\{closure}()
 4 SYSTEMPATH\Common.php(1188): CodeIgniter\View\View->render('unidades/editar', [], true)
 5 APPPATH\Controllers\Unidades.php(58): view('unidades/editar', [...])
 6 SYSTEMPATH\CodeIgniter.php(919): App\Controllers\Unidades->editar('css', 'styles.css')
 7 SYSTEMPATH\CodeIgniter.php(494): CodeIgniter\CodeIgniter->runController(Object(App\Controllers\Unidades))
 8 SYSTEMPATH\CodeIgniter.php(353): CodeIgniter\CodeIgniter->handleRequest(null, Object(Config\Cache), false)
 9 FCPATH\index.php(79): CodeIgniter\CodeIgniter->run()
INFO - 2023-10-26 11:14:50 --> Session: Class initialized using 'CodeIgniter\Session\Handlers\FileHandler' driver.
CRITICAL - 2023-10-26 11:14:50 --> Trying to access array offset on value of type null
in APPPATH\Views\unidades\editar.php on line 14.
 1 APPPATH\Views\unidades\editar.php(14): CodeIgniter\Debug\Exceptions->errorHandler(2, 'Trying to access array offset on value of type null', 'C:\\xampp\\htdocs\\pizeria\\app\\Views\\unidades\\editar.php', 14)
 2 SYSTEMPATH\View\View.php(226): include('C:\\xampp\\htdocs\\pizeria\\app\\Views\\unidades\\editar.php')
 3 SYSTEMPATH\View\View.php(229): CodeIgniter\View\View->CodeIgniter\View\{closure}()
 4 SYSTEMPATH\Common.php(1188): CodeIgniter\View\View->render('unidades/editar', [], true)
 5 APPPATH\Controllers\Unidades.php(58): view('unidades/editar', [...])
 6 SYSTEMPATH\CodeIgniter.php(919): App\Controllers\Unidades->editar('assets', 'demo', 'datatables-demo.js')
 7 SYSTEMPATH\CodeIgniter.php(494): CodeIgniter\CodeIgniter->runController(Object(App\Controllers\Unidades))
 8 SYSTEMPATH\CodeIgniter.php(353): CodeIgniter\CodeIgniter->handleRequest(null, Object(Config\Cache), false)
 9 FCPATH\index.php(79): CodeIgniter\CodeIgniter->run()
INFO - 2023-10-26 11:14:50 --> Session: Class initialized using 'CodeIgniter\Session\Handlers\FileHandler' driver.
CRITICAL - 2023-10-26 11:14:50 --> Trying to access array offset on value of type null
in APPPATH\Views\unidades\editar.php on line 14.
 1 APPPATH\Views\unidades\editar.php(14): CodeIgniter\Debug\Exceptions->errorHandler(2, 'Trying to access array offset on value of type null', 'C:\\xampp\\htdocs\\pizeria\\app\\Views\\unidades\\editar.php', 14)
 2 SYSTEMPATH\View\View.php(226): include('C:\\xampp\\htdocs\\pizeria\\app\\Views\\unidades\\editar.php')
 3 SYSTEMPATH\View\View.php(229): CodeIgniter\View\View->CodeIgniter\View\{closure}()
 4 SYSTEMPATH\Common.php(1188): CodeIgniter\View\View->render('unidades/editar', [], true)
 5 APPPATH\Controllers\Unidades.php(58): view('unidades/editar', [...])
 6 SYSTEMPATH\CodeIgniter.php(919): App\Controllers\Unidades->editar('js', 'scripts.js')
 7 SYSTEMPATH\CodeIgniter.php(494): CodeIgniter\CodeIgniter->runController(Object(App\Controllers\Unidades))
 8 SYSTEMPATH\CodeIgniter.php(353): CodeIgniter\CodeIgniter->handleRequest(null, Object(Config\Cache), false)
 9 FCPATH\index.php(79): CodeIgniter\CodeIgniter->run()
WARNING - 2023-10-26 11:16:34 --> [DEPRECATED] Creation of dynamic property App\Controllers\Unidades::$unidades is deprecated in APPPATH\Controllers\Unidades.php on line 9.
 1 SYSTEMPATH\CodeIgniter.php(891): App\Controllers\Unidades->__construct()
 2 SYSTEMPATH\CodeIgniter.php(485): CodeIgniter\CodeIgniter->createController()
 3 SYSTEMPATH\CodeIgniter.php(353): CodeIgniter\CodeIgniter->handleRequest(null, Object(Config\Cache), false)
 4 FCPATH\index.php(79): CodeIgniter\CodeIgniter->run()
INFO - 2023-10-26 11:16:34 --> Session: Class initialized using 'CodeIgniter\Session\Handlers\FileHandler' driver.
WARNING - 2023-10-26 11:16:34 --> [DEPRECATED] Creation of dynamic property App\Controllers\Unidades::$unidades is deprecated in APPPATH\Controllers\Unidades.php on line 9.
 1 SYSTEMPATH\CodeIgniter.php(891): App\Controllers\Unidades->__construct()
 2 SYSTEMPATH\CodeIgniter.php(485): CodeIgniter\CodeIgniter->createController()
 3 SYSTEMPATH\CodeIgniter.php(353): CodeIgniter\CodeIgniter->handleRequest(null, Object(Config\Cache), false)
 4 FCPATH\index.php(79): CodeIgniter\CodeIgniter->run()
WARNING - 2023-10-26 11:16:34 --> [DEPRECATED] Creation of dynamic property App\Controllers\Unidades::$unidades is deprecated in APPPATH\Controllers\Unidades.php on line 9.
 1 SYSTEMPATH\CodeIgniter.php(891): App\Controllers\Unidades->__construct()
 2 SYSTEMPATH\CodeIgniter.php(485): CodeIgniter\CodeIgniter->createController()
 3 SYSTEMPATH\CodeIgniter.php(353): CodeIgniter\CodeIgniter->handleRequest(null, Object(Config\Cache), false)
 4 FCPATH\index.php(79): CodeIgniter\CodeIgniter->run()
WARNING - 2023-10-26 11:16:34 --> [DEPRECATED] Creation of dynamic property App\Controllers\Unidades::$unidades is deprecated in APPPATH\Controllers\Unidades.php on line 9.
 1 SYSTEMPATH\CodeIgniter.php(891): App\Controllers\Unidades->__construct()
 2 SYSTEMPATH\CodeIgniter.php(485): CodeIgniter\CodeIgniter->createController()
 3 SYSTEMPATH\CodeIgniter.php(353): CodeIgniter\CodeIgniter->handleRequest(null, Object(Config\Cache), false)
 4 FCPATH\index.php(79): CodeIgniter\CodeIgniter->run()
INFO - 2023-10-26 11:16:34 --> Session: Class initialized using 'CodeIgniter\Session\Handlers\FileHandler' driver.
CRITICAL - 2023-10-26 11:16:34 --> Trying to access array offset on value of type null
in APPPATH\Views\unidades\editar.php on line 14.
 1 APPPATH\Views\unidades\editar.php(14): CodeIgniter\Debug\Exceptions->errorHandler(2, 'Trying to access array offset on value of type null', 'C:\\xampp\\htdocs\\pizeria\\app\\Views\\unidades\\editar.php', 14)
 2 SYSTEMPATH\View\View.php(226): include('C:\\xampp\\htdocs\\pizeria\\app\\Views\\unidades\\editar.php')
 3 SYSTEMPATH\View\View.php(229): CodeIgniter\View\View->CodeIgniter\View\{closure}()
 4 SYSTEMPATH\Common.php(1188): CodeIgniter\View\View->render('unidades/editar', [], true)
 5 APPPATH\Controllers\Unidades.php(58): view('unidades/editar', [...])
 6 SYSTEMPATH\CodeIgniter.php(919): App\Controllers\Unidades->editar('css', 'styles.css')
 7 SYSTEMPATH\CodeIgniter.php(494): CodeIgniter\CodeIgniter->runController(Object(App\Controllers\Unidades))
 8 SYSTEMPATH\CodeIgniter.php(353): CodeIgniter\CodeIgniter->handleRequest(null, Object(Config\Cache), false)
 9 FCPATH\index.php(79): CodeIgniter\CodeIgniter->run()
INFO - 2023-10-26 11:16:34 --> Session: Class initialized using 'CodeIgniter\Session\Handlers\FileHandler' driver.
CRITICAL - 2023-10-26 11:16:34 --> Trying to access array offset on value of type null
in APPPATH\Views\unidades\editar.php on line 14.
 1 APPPATH\Views\unidades\editar.php(14): CodeIgniter\Debug\Exceptions->errorHandler(2, 'Trying to access array offset on value of type null', 'C:\\xampp\\htdocs\\pizeria\\app\\Views\\unidades\\editar.php', 14)
 2 SYSTEMPATH\View\View.php(226): include('C:\\xampp\\htdocs\\pizeria\\app\\Views\\unidades\\editar.php')
 3 SYSTEMPATH\View\View.php(229): CodeIgniter\View\View->CodeIgniter\View\{closure}()
 4 SYSTEMPATH\Common.php(1188): CodeIgniter\View\View->render('unidades/editar', [], true)
 5 APPPATH\Controllers\Unidades.php(58): view('unidades/editar', [...])
 6 SYSTEMPATH\CodeIgniter.php(919): App\Controllers\Unidades->editar('js', 'scripts.js')
 7 SYSTEMPATH\CodeIgniter.php(494): CodeIgniter\CodeIgniter->runController(Object(App\Controllers\Unidades))
 8 SYSTEMPATH\CodeIgniter.php(353): CodeIgniter\CodeIgniter->handleRequest(null, Object(Config\Cache), false)
 9 FCPATH\index.php(79): CodeIgniter\CodeIgniter->run()
INFO - 2023-10-26 11:16:34 --> Session: Class initialized using 'CodeIgniter\Session\Handlers\FileHandler' driver.
CRITICAL - 2023-10-26 11:16:34 --> Trying to access array offset on value of type null
in APPPATH\Views\unidades\editar.php on line 14.
 1 APPPATH\Views\unidades\editar.php(14): CodeIgniter\Debug\Exceptions->errorHandler(2, 'Trying to access array offset on value of type null', 'C:\\xampp\\htdocs\\pizeria\\app\\Views\\unidades\\editar.php', 14)
 2 SYSTEMPATH\View\View.php(226): include('C:\\xampp\\htdocs\\pizeria\\app\\Views\\unidades\\editar.php')
 3 SYSTEMPATH\View\View.php(229): CodeIgniter\View\View->CodeIgniter\View\{closure}()
 4 SYSTEMPATH\Common.php(1188): CodeIgniter\View\View->render('unidades/editar', [], true)
 5 APPPATH\Controllers\Unidades.php(58): view('unidades/editar', [...])
 6 SYSTEMPATH\CodeIgniter.php(919): App\Controllers\Unidades->editar('assets', 'demo', 'datatables-demo.js')
 7 SYSTEMPATH\CodeIgniter.php(494): CodeIgniter\CodeIgniter->runController(Object(App\Controllers\Unidades))
 8 SYSTEMPATH\CodeIgniter.php(353): CodeIgniter\CodeIgniter->handleRequest(null, Object(Config\Cache), false)
 9 FCPATH\index.php(79): CodeIgniter\CodeIgniter->run()
WARNING - 2023-10-26 11:16:36 --> [DEPRECATED] Creation of dynamic property App\Controllers\Unidades::$unidades is deprecated in APPPATH\Controllers\Unidades.php on line 9.
 1 SYSTEMPATH\CodeIgniter.php(891): App\Controllers\Unidades->__construct()
 2 SYSTEMPATH\CodeIgniter.php(485): CodeIgniter\CodeIgniter->createController()
 3 SYSTEMPATH\CodeIgniter.php(353): CodeIgniter\CodeIgniter->handleRequest(null, Object(Config\Cache), false)
 4 FCPATH\index.php(79): CodeIgniter\CodeIgniter->run()
INFO - 2023-10-26 11:16:36 --> Session: Class initialized using 'CodeIgniter\Session\Handlers\FileHandler' driver.
WARNING - 2023-10-26 11:16:42 --> [DEPRECATED] Creation of dynamic property App\Controllers\Unidades::$unidades is deprecated in APPPATH\Controllers\Unidades.php on line 9.
 1 SYSTEMPATH\CodeIgniter.php(891): App\Controllers\Unidades->__construct()
 2 SYSTEMPATH\CodeIgniter.php(485): CodeIgniter\CodeIgniter->createController()
 3 SYSTEMPATH\CodeIgniter.php(353): CodeIgniter\CodeIgniter->handleRequest(null, Object(Config\Cache), false)
 4 FCPATH\index.php(79): CodeIgniter\CodeIgniter->run()
INFO - 2023-10-26 11:16:42 --> Session: Class initialized using 'CodeIgniter\Session\Handlers\FileHandler' driver.
WARNING - 2023-10-26 11:16:47 --> [DEPRECATED] Creation of dynamic property App\Controllers\Unidades::$unidades is deprecated in APPPATH\Controllers\Unidades.php on line 9.
 1 SYSTEMPATH\CodeIgniter.php(891): App\Controllers\Unidades->__construct()
 2 SYSTEMPATH\CodeIgniter.php(485): CodeIgniter\CodeIgniter->createController()
 3 SYSTEMPATH\CodeIgniter.php(353): CodeIgniter\CodeIgniter->handleRequest(null, Object(Config\Cache), false)
 4 FCPATH\index.php(79): CodeIgniter\CodeIgniter->run()
WARNING - 2023-10-26 11:16:47 --> [DEPRECATED] Creation of dynamic property App\Controllers\Unidades::$unidades is deprecated in APPPATH\Controllers\Unidades.php on line 9.
 1 SYSTEMPATH\CodeIgniter.php(891): App\Controllers\Unidades->__construct()
 2 SYSTEMPATH\CodeIgniter.php(485): CodeIgniter\CodeIgniter->createController()
 3 SYSTEMPATH\CodeIgniter.php(353): CodeIgniter\CodeIgniter->handleRequest(null, Object(Config\Cache), false)
 4 FCPATH\index.php(79): CodeIgniter\CodeIgniter->run()
INFO - 2023-10-26 11:16:47 --> Session: Class initialized using 'CodeIgniter\Session\Handlers\FileHandler' driver.
WARNING - 2023-10-26 11:16:49 --> [DEPRECATED] Creation of dynamic property App\Controllers\Unidades::$unidades is deprecated in APPPATH\Controllers\Unidades.php on line 9.
 1 SYSTEMPATH\CodeIgniter.php(891): App\Controllers\Unidades->__construct()
 2 SYSTEMPATH\CodeIgniter.php(485): CodeIgniter\CodeIgniter->createController()
 3 SYSTEMPATH\CodeIgniter.php(353): CodeIgniter\CodeIgniter->handleRequest(null, Object(Config\Cache), false)
 4 FCPATH\index.php(79): CodeIgniter\CodeIgniter->run()
INFO - 2023-10-26 11:16:49 --> Session: Class initialized using 'CodeIgniter\Session\Handlers\FileHandler' driver.
WARNING - 2023-10-26 11:16:49 --> [DEPRECATED] Creation of dynamic property App\Controllers\Unidades::$unidades is deprecated in APPPATH\Controllers\Unidades.php on line 9.
 1 SYSTEMPATH\CodeIgniter.php(891): App\Controllers\Unidades->__construct()
 2 SYSTEMPATH\CodeIgniter.php(485): CodeIgniter\CodeIgniter->createController()
 3 SYSTEMPATH\CodeIgniter.php(353): CodeIgniter\CodeIgniter->handleRequest(null, Object(Config\Cache), false)
 4 FCPATH\index.php(79): CodeIgniter\CodeIgniter->run()
WARNING - 2023-10-26 11:16:49 --> [DEPRECATED] Creation of dynamic property App\Controllers\Unidades::$unidades is deprecated in APPPATH\Controllers\Unidades.php on line 9.
 1 SYSTEMPATH\CodeIgniter.php(891): App\Controllers\Unidades->__construct()
 2 SYSTEMPATH\CodeIgniter.php(485): CodeIgniter\CodeIgniter->createController()
 3 SYSTEMPATH\CodeIgniter.php(353): CodeIgniter\CodeIgniter->handleRequest(null, Object(Config\Cache), false)
 4 FCPATH\index.php(79): CodeIgniter\CodeIgniter->run()
WARNING - 2023-10-26 11:16:49 --> [DEPRECATED] Creation of dynamic property App\Controllers\Unidades::$unidades is deprecated in APPPATH\Controllers\Unidades.php on line 9.
 1 SYSTEMPATH\CodeIgniter.php(891): App\Controllers\Unidades->__construct()
 2 SYSTEMPATH\CodeIgniter.php(485): CodeIgniter\CodeIgniter->createController()
 3 SYSTEMPATH\CodeIgniter.php(353): CodeIgniter\CodeIgniter->handleRequest(null, Object(Config\Cache), false)
 4 FCPATH\index.php(79): CodeIgniter\CodeIgniter->run()
INFO - 2023-10-26 11:16:49 --> Session: Class initialized using 'CodeIgniter\Session\Handlers\FileHandler' driver.
CRITICAL - 2023-10-26 11:16:49 --> Trying to access array offset on value of type null
in APPPATH\Views\unidades\editar.php on line 14.
 1 APPPATH\Views\unidades\editar.php(14): CodeIgniter\Debug\Exceptions->errorHandler(2, 'Trying to access array offset on value of type null', 'C:\\xampp\\htdocs\\pizeria\\app\\Views\\unidades\\editar.php', 14)
 2 SYSTEMPATH\View\View.php(226): include('C:\\xampp\\htdocs\\pizeria\\app\\Views\\unidades\\editar.php')
 3 SYSTEMPATH\View\View.php(229): CodeIgniter\View\View->CodeIgniter\View\{closure}()
 4 SYSTEMPATH\Common.php(1188): CodeIgniter\View\View->render('unidades/editar', [], true)
 5 APPPATH\Controllers\Unidades.php(58): view('unidades/editar', [...])
 6 SYSTEMPATH\CodeIgniter.php(919): App\Controllers\Unidades->editar('css', 'styles.css')
 7 SYSTEMPATH\CodeIgniter.php(494): CodeIgniter\CodeIgniter->runController(Object(App\Controllers\Unidades))
 8 SYSTEMPATH\CodeIgniter.php(353): CodeIgniter\CodeIgniter->handleRequest(null, Object(Config\Cache), false)
 9 FCPATH\index.php(79): CodeIgniter\CodeIgniter->run()
INFO - 2023-10-26 11:16:49 --> Session: Class initialized using 'CodeIgniter\Session\Handlers\FileHandler' driver.
CRITICAL - 2023-10-26 11:16:49 --> Trying to access array offset on value of type null
in APPPATH\Views\unidades\editar.php on line 14.
 1 APPPATH\Views\unidades\editar.php(14): CodeIgniter\Debug\Exceptions->errorHandler(2, 'Trying to access array offset on value of type null', 'C:\\xampp\\htdocs\\pizeria\\app\\Views\\unidades\\editar.php', 14)
 2 SYSTEMPATH\View\View.php(226): include('C:\\xampp\\htdocs\\pizeria\\app\\Views\\unidades\\editar.php')
 3 SYSTEMPATH\View\View.php(229): CodeIgniter\View\View->CodeIgniter\View\{closure}()
 4 SYSTEMPATH\Common.php(1188): CodeIgniter\View\View->render('unidades/editar', [], true)
 5 APPPATH\Controllers\Unidades.php(58): view('unidades/editar', [...])
 6 SYSTEMPATH\CodeIgniter.php(919): App\Controllers\Unidades->editar('assets', 'demo', 'datatables-demo.js')
 7 SYSTEMPATH\CodeIgniter.php(494): CodeIgniter\CodeIgniter->runController(Object(App\Controllers\Unidades))
 8 SYSTEMPATH\CodeIgniter.php(353): CodeIgniter\CodeIgniter->handleRequest(null, Object(Config\Cache), false)
 9 FCPATH\index.php(79): CodeIgniter\CodeIgniter->run()
INFO - 2023-10-26 11:16:49 --> Session: Class initialized using 'CodeIgniter\Session\Handlers\FileHandler' driver.
CRITICAL - 2023-10-26 11:16:49 --> Trying to access array offset on value of type null
in APPPATH\Views\unidades\editar.php on line 14.
 1 APPPATH\Views\unidades\editar.php(14): CodeIgniter\Debug\Exceptions->errorHandler(2, 'Trying to access array offset on value of type null', 'C:\\xampp\\htdocs\\pizeria\\app\\Views\\unidades\\editar.php', 14)
 2 SYSTEMPATH\View\View.php(226): include('C:\\xampp\\htdocs\\pizeria\\app\\Views\\unidades\\editar.php')
 3 SYSTEMPATH\View\View.php(229): CodeIgniter\View\View->CodeIgniter\View\{closure}()
 4 SYSTEMPATH\Common.php(1188): CodeIgniter\View\View->render('unidades/editar', [], true)
 5 APPPATH\Controllers\Unidades.php(58): view('unidades/editar', [...])
 6 SYSTEMPATH\CodeIgniter.php(919): App\Controllers\Unidades->editar('js', 'scripts.js')
 7 SYSTEMPATH\CodeIgniter.php(494): CodeIgniter\CodeIgniter->runController(Object(App\Controllers\Unidades))
 8 SYSTEMPATH\CodeIgniter.php(353): CodeIgniter\CodeIgniter->handleRequest(null, Object(Config\Cache), false)
 9 FCPATH\index.php(79): CodeIgniter\CodeIgniter->run()
WARNING - 2023-10-26 11:18:04 --> [DEPRECATED] Creation of dynamic property App\Controllers\Unidades::$unidades is deprecated in APPPATH\Controllers\Unidades.php on line 9.
 1 SYSTEMPATH\CodeIgniter.php(891): App\Controllers\Unidades->__construct()
 2 SYSTEMPATH\CodeIgniter.php(485): CodeIgniter\CodeIgniter->createController()
 3 SYSTEMPATH\CodeIgniter.php(353): CodeIgniter\CodeIgniter->handleRequest(null, Object(Config\Cache), false)
 4 FCPATH\index.php(79): CodeIgniter\CodeIgniter->run()
CRITICAL - 2023-10-26 11:18:04 --> There is no data to update.
in SYSTEMPATH\BaseModel.php on line 1724.
 1 SYSTEMPATH\BaseModel.php(1724): CodeIgniter\Database\Exceptions\DataException::forEmptyDataset('update')
 2 SYSTEMPATH\BaseModel.php(916): CodeIgniter\BaseModel->transformDataToArray(null, 'update')
 3 SYSTEMPATH\Model.php(776): CodeIgniter\BaseModel->update([...], null)
 4 APPPATH\Controllers\Unidades.php(70): CodeIgniter\Model->update([...])
 5 SYSTEMPATH\CodeIgniter.php(919): App\Controllers\Unidades->actualizar()
 6 SYSTEMPATH\CodeIgniter.php(494): CodeIgniter\CodeIgniter->runController(Object(App\Controllers\Unidades))
 7 SYSTEMPATH\CodeIgniter.php(353): CodeIgniter\CodeIgniter->handleRequest(null, Object(Config\Cache), false)
 8 FCPATH\index.php(79): CodeIgniter\CodeIgniter->run()
CRITICAL - 2023-10-26 11:21:20 --> Declaration of App\Models\UnidadesModel::update($data, $id) must be compatible with CodeIgniter\Model::update($id = null, $data = null): bool
in APPPATH\Models\UnidadesModel.php on line 41.
 1 [internal function]: CodeIgniter\Debug\Exceptions->shutdownHandler()
CRITICAL - 2023-10-26 11:21:32 --> Declaration of App\Models\UnidadesModel::update($data, $id) must be compatible with CodeIgniter\Model::update($id = null, $data = null): bool
in APPPATH\Models\UnidadesModel.php on line 41.
 1 [internal function]: CodeIgniter\Debug\Exceptions->shutdownHandler()
CRITICAL - 2023-10-26 11:21:34 --> Declaration of App\Models\UnidadesModel::update($data, $id) must be compatible with CodeIgniter\Model::update($id = null, $data = null): bool
in APPPATH\Models\UnidadesModel.php on line 41.
 1 [internal function]: CodeIgniter\Debug\Exceptions->shutdownHandler()
WARNING - 2023-10-26 11:22:08 --> [DEPRECATED] Creation of dynamic property App\Controllers\Unidades::$unidades is deprecated in APPPATH\Controllers\Unidades.php on line 9.
 1 SYSTEMPATH\CodeIgniter.php(891): App\Controllers\Unidades->__construct()
 2 SYSTEMPATH\CodeIgniter.php(485): CodeIgniter\CodeIgniter->createController()
 3 SYSTEMPATH\CodeIgniter.php(353): CodeIgniter\CodeIgniter->handleRequest(null, Object(Config\Cache), false)
 4 FCPATH\index.php(79): CodeIgniter\CodeIgniter->run()
INFO - 2023-10-26 11:22:08 --> Session: Class initialized using 'CodeIgniter\Session\Handlers\FileHandler' driver.
WARNING - 2023-10-26 11:22:10 --> [DEPRECATED] Creation of dynamic property App\Controllers\Unidades::$unidades is deprecated in APPPATH\Controllers\Unidades.php on line 9.
 1 SYSTEMPATH\CodeIgniter.php(891): App\Controllers\Unidades->__construct()
 2 SYSTEMPATH\CodeIgniter.php(485): CodeIgniter\CodeIgniter->createController()
 3 SYSTEMPATH\CodeIgniter.php(353): CodeIgniter\CodeIgniter->handleRequest(null, Object(Config\Cache), false)
 4 FCPATH\index.php(79): CodeIgniter\CodeIgniter->run()
INFO - 2023-10-26 11:22:10 --> Session: Class initialized using 'CodeIgniter\Session\Handlers\FileHandler' driver.
WARNING - 2023-10-26 11:22:12 --> [DEPRECATED] Creation of dynamic property App\Controllers\Unidades::$unidades is deprecated in APPPATH\Controllers\Unidades.php on line 9.
 1 SYSTEMPATH\CodeIgniter.php(891): App\Controllers\Unidades->__construct()
 2 SYSTEMPATH\CodeIgniter.php(485): CodeIgniter\CodeIgniter->createController()
 3 SYSTEMPATH\CodeIgniter.php(353): CodeIgniter\CodeIgniter->handleRequest(null, Object(Config\Cache), false)
 4 FCPATH\index.php(79): CodeIgniter\CodeIgniter->run()
INFO - 2023-10-26 11:22:12 --> Session: Class initialized using 'CodeIgniter\Session\Handlers\FileHandler' driver.
WARNING - 2023-10-26 11:22:12 --> [DEPRECATED] Creation of dynamic property App\Controllers\Unidades::$unidades is deprecated in APPPATH\Controllers\Unidades.php on line 9.
 1 SYSTEMPATH\CodeIgniter.php(891): App\Controllers\Unidades->__construct()
 2 SYSTEMPATH\CodeIgniter.php(485): CodeIgniter\CodeIgniter->createController()
 3 SYSTEMPATH\CodeIgniter.php(353): CodeIgniter\CodeIgniter->handleRequest(null, Object(Config\Cache), false)
 4 FCPATH\index.php(79): CodeIgniter\CodeIgniter->run()
WARNING - 2023-10-26 11:22:12 --> [DEPRECATED] Creation of dynamic property App\Controllers\Unidades::$unidades is deprecated in APPPATH\Controllers\Unidades.php on line 9.
 1 SYSTEMPATH\CodeIgniter.php(891): App\Controllers\Unidades->__construct()
 2 SYSTEMPATH\CodeIgniter.php(485): CodeIgniter\CodeIgniter->createController()
 3 SYSTEMPATH\CodeIgniter.php(353): CodeIgniter\CodeIgniter->handleRequest(null, Object(Config\Cache), false)
 4 FCPATH\index.php(79): CodeIgniter\CodeIgniter->run()
WARNING - 2023-10-26 11:22:12 --> [DEPRECATED] Creation of dynamic property App\Controllers\Unidades::$unidades is deprecated in APPPATH\Controllers\Unidades.php on line 9.
 1 SYSTEMPATH\CodeIgniter.php(891): App\Controllers\Unidades->__construct()
 2 SYSTEMPATH\CodeIgniter.php(485): CodeIgniter\CodeIgniter->createController()
 3 SYSTEMPATH\CodeIgniter.php(353): CodeIgniter\CodeIgniter->handleRequest(null, Object(Config\Cache), false)
 4 FCPATH\index.php(79): CodeIgniter\CodeIgniter->run()
INFO - 2023-10-26 11:22:12 --> Session: Class initialized using 'CodeIgniter\Session\Handlers\FileHandler' driver.
CRITICAL - 2023-10-26 11:22:12 --> Trying to access array offset on value of type null
in APPPATH\Views\unidades\editar.php on line 14.
 1 APPPATH\Views\unidades\editar.php(14): CodeIgniter\Debug\Exceptions->errorHandler(2, 'Trying to access array offset on value of type null', 'C:\\xampp\\htdocs\\pizeria\\app\\Views\\unidades\\editar.php', 14)
 2 SYSTEMPATH\View\View.php(226): include('C:\\xampp\\htdocs\\pizeria\\app\\Views\\unidades\\editar.php')
 3 SYSTEMPATH\View\View.php(229): CodeIgniter\View\View->CodeIgniter\View\{closure}()
 4 SYSTEMPATH\Common.php(1188): CodeIgniter\View\View->render('unidades/editar', [], true)
 5 APPPATH\Controllers\Unidades.php(58): view('unidades/editar', [...])
 6 SYSTEMPATH\CodeIgniter.php(919): App\Controllers\Unidades->editar('css', 'styles.css')
 7 SYSTEMPATH\CodeIgniter.php(494): CodeIgniter\CodeIgniter->runController(Object(App\Controllers\Unidades))
 8 SYSTEMPATH\CodeIgniter.php(353): CodeIgniter\CodeIgniter->handleRequest(null, Object(Config\Cache), false)
 9 FCPATH\index.php(79): CodeIgniter\CodeIgniter->run()
INFO - 2023-10-26 11:22:12 --> Session: Class initialized using 'CodeIgniter\Session\Handlers\FileHandler' driver.
CRITICAL - 2023-10-26 11:22:12 --> Trying to access array offset on value of type null
in APPPATH\Views\unidades\editar.php on line 14.
 1 APPPATH\Views\unidades\editar.php(14): CodeIgniter\Debug\Exceptions->errorHandler(2, 'Trying to access array offset on value of type null', 'C:\\xampp\\htdocs\\pizeria\\app\\Views\\unidades\\editar.php', 14)
 2 SYSTEMPATH\View\View.php(226): include('C:\\xampp\\htdocs\\pizeria\\app\\Views\\unidades\\editar.php')
 3 SYSTEMPATH\View\View.php(229): CodeIgniter\View\View->CodeIgniter\View\{closure}()
 4 SYSTEMPATH\Common.php(1188): CodeIgniter\View\View->render('unidades/editar', [], true)
 5 APPPATH\Controllers\Unidades.php(58): view('unidades/editar', [...])
 6 SYSTEMPATH\CodeIgniter.php(919): App\Controllers\Unidades->editar('assets', 'demo', 'datatables-demo.js')
 7 SYSTEMPATH\CodeIgniter.php(494): CodeIgniter\CodeIgniter->runController(Object(App\Controllers\Unidades))
 8 SYSTEMPATH\CodeIgniter.php(353): CodeIgniter\CodeIgniter->handleRequest(null, Object(Config\Cache), false)
 9 FCPATH\index.php(79): CodeIgniter\CodeIgniter->run()
INFO - 2023-10-26 11:22:12 --> Session: Class initialized using 'CodeIgniter\Session\Handlers\FileHandler' driver.
CRITICAL - 2023-10-26 11:22:12 --> Trying to access array offset on value of type null
in APPPATH\Views\unidades\editar.php on line 14.
 1 APPPATH\Views\unidades\editar.php(14): CodeIgniter\Debug\Exceptions->errorHandler(2, 'Trying to access array offset on value of type null', 'C:\\xampp\\htdocs\\pizeria\\app\\Views\\unidades\\editar.php', 14)
 2 SYSTEMPATH\View\View.php(226): include('C:\\xampp\\htdocs\\pizeria\\app\\Views\\unidades\\editar.php')
 3 SYSTEMPATH\View\View.php(229): CodeIgniter\View\View->CodeIgniter\View\{closure}()
 4 SYSTEMPATH\Common.php(1188): CodeIgniter\View\View->render('unidades/editar', [], true)
 5 APPPATH\Controllers\Unidades.php(58): view('unidades/editar', [...])
 6 SYSTEMPATH\CodeIgniter.php(919): App\Controllers\Unidades->editar('js', 'scripts.js')
 7 SYSTEMPATH\CodeIgniter.php(494): CodeIgniter\CodeIgniter->runController(Object(App\Controllers\Unidades))
 8 SYSTEMPATH\CodeIgniter.php(353): CodeIgniter\CodeIgniter->handleRequest(null, Object(Config\Cache), false)
 9 FCPATH\index.php(79): CodeIgniter\CodeIgniter->run()
WARNING - 2023-10-26 11:22:29 --> [DEPRECATED] Creation of dynamic property App\Controllers\Unidades::$unidades is deprecated in APPPATH\Controllers\Unidades.php on line 9.
 1 SYSTEMPATH\CodeIgniter.php(891): App\Controllers\Unidades->__construct()
 2 SYSTEMPATH\CodeIgniter.php(485): CodeIgniter\CodeIgniter->createController()
 3 SYSTEMPATH\CodeIgniter.php(353): CodeIgniter\CodeIgniter->handleRequest(null, Object(Config\Cache), false)
 4 FCPATH\index.php(79): CodeIgniter\CodeIgniter->run()
CRITICAL - 2023-10-26 11:22:29 --> Too few arguments to function App\Models\UnidadesModel::actualice(), 1 passed in C:\xampp\htdocs\pizeria\app\Controllers\Unidades.php on line 70 and exactly 2 expected
in APPPATH\Models\UnidadesModel.php on line 41.
 1 APPPATH\Controllers\Unidades.php(70): App\Models\UnidadesModel->actualice([...])
 2 SYSTEMPATH\CodeIgniter.php(919): App\Controllers\Unidades->actualizar()
 3 SYSTEMPATH\CodeIgniter.php(494): CodeIgniter\CodeIgniter->runController(Object(App\Controllers\Unidades))
 4 SYSTEMPATH\CodeIgniter.php(353): CodeIgniter\CodeIgniter->handleRequest(null, Object(Config\Cache), false)
 5 FCPATH\index.php(79): CodeIgniter\CodeIgniter->run()
WARNING - 2023-10-26 11:27:26 --> [DEPRECATED] Creation of dynamic property App\Controllers\Unidades::$unidades is deprecated in APPPATH\Controllers\Unidades.php on line 9.
 1 SYSTEMPATH\CodeIgniter.php(891): App\Controllers\Unidades->__construct()
 2 SYSTEMPATH\CodeIgniter.php(485): CodeIgniter\CodeIgniter->createController()
 3 SYSTEMPATH\CodeIgniter.php(353): CodeIgniter\CodeIgniter->handleRequest(null, Object(Config\Cache), false)
 4 FCPATH\index.php(79): CodeIgniter\CodeIgniter->run()
INFO - 2023-10-26 11:27:26 --> Session: Class initialized using 'CodeIgniter\Session\Handlers\FileHandler' driver.
WARNING - 2023-10-26 11:27:26 --> [DEPRECATED] Creation of dynamic property App\Controllers\Unidades::$unidades is deprecated in APPPATH\Controllers\Unidades.php on line 9.
 1 SYSTEMPATH\CodeIgniter.php(891): App\Controllers\Unidades->__construct()
 2 SYSTEMPATH\CodeIgniter.php(485): CodeIgniter\CodeIgniter->createController()
 3 SYSTEMPATH\CodeIgniter.php(353): CodeIgniter\CodeIgniter->handleRequest(null, Object(Config\Cache), false)
 4 FCPATH\index.php(79): CodeIgniter\CodeIgniter->run()
WARNING - 2023-10-26 11:27:26 --> [DEPRECATED] Creation of dynamic property App\Controllers\Unidades::$unidades is deprecated in APPPATH\Controllers\Unidades.php on line 9.
 1 SYSTEMPATH\CodeIgniter.php(891): App\Controllers\Unidades->__construct()
 2 SYSTEMPATH\CodeIgniter.php(485): CodeIgniter\CodeIgniter->createController()
 3 SYSTEMPATH\CodeIgniter.php(353): CodeIgniter\CodeIgniter->handleRequest(null, Object(Config\Cache), false)
 4 FCPATH\index.php(79): CodeIgniter\CodeIgniter->run()
WARNING - 2023-10-26 11:27:26 --> [DEPRECATED] Creation of dynamic property App\Controllers\Unidades::$unidades is deprecated in APPPATH\Controllers\Unidades.php on line 9.
 1 SYSTEMPATH\CodeIgniter.php(891): App\Controllers\Unidades->__construct()
 2 SYSTEMPATH\CodeIgniter.php(485): CodeIgniter\CodeIgniter->createController()
 3 SYSTEMPATH\CodeIgniter.php(353): CodeIgniter\CodeIgniter->handleRequest(null, Object(Config\Cache), false)
 4 FCPATH\index.php(79): CodeIgniter\CodeIgniter->run()
INFO - 2023-10-26 11:27:26 --> Session: Class initialized using 'CodeIgniter\Session\Handlers\FileHandler' driver.
CRITICAL - 2023-10-26 11:27:26 --> Trying to access array offset on value of type null
in APPPATH\Views\unidades\editar.php on line 14.
 1 APPPATH\Views\unidades\editar.php(14): CodeIgniter\Debug\Exceptions->errorHandler(2, 'Trying to access array offset on value of type null', 'C:\\xampp\\htdocs\\pizeria\\app\\Views\\unidades\\editar.php', 14)
 2 SYSTEMPATH\View\View.php(226): include('C:\\xampp\\htdocs\\pizeria\\app\\Views\\unidades\\editar.php')
 3 SYSTEMPATH\View\View.php(229): CodeIgniter\View\View->CodeIgniter\View\{closure}()
 4 SYSTEMPATH\Common.php(1188): CodeIgniter\View\View->render('unidades/editar', [], true)
 5 APPPATH\Controllers\Unidades.php(58): view('unidades/editar', [...])
 6 SYSTEMPATH\CodeIgniter.php(919): App\Controllers\Unidades->editar('js', 'scripts.js')
 7 SYSTEMPATH\CodeIgniter.php(494): CodeIgniter\CodeIgniter->runController(Object(App\Controllers\Unidades))
 8 SYSTEMPATH\CodeIgniter.php(353): CodeIgniter\CodeIgniter->handleRequest(null, Object(Config\Cache), false)
 9 FCPATH\index.php(79): CodeIgniter\CodeIgniter->run()
INFO - 2023-10-26 11:27:26 --> Session: Class initialized using 'CodeIgniter\Session\Handlers\FileHandler' driver.
CRITICAL - 2023-10-26 11:27:26 --> Trying to access array offset on value of type null
in APPPATH\Views\unidades\editar.php on line 14.
 1 APPPATH\Views\unidades\editar.php(14): CodeIgniter\Debug\Exceptions->errorHandler(2, 'Trying to access array offset on value of type null', 'C:\\xampp\\htdocs\\pizeria\\app\\Views\\unidades\\editar.php', 14)
 2 SYSTEMPATH\View\View.php(226): include('C:\\xampp\\htdocs\\pizeria\\app\\Views\\unidades\\editar.php')
 3 SYSTEMPATH\View\View.php(229): CodeIgniter\View\View->CodeIgniter\View\{closure}()
 4 SYSTEMPATH\Common.php(1188): CodeIgniter\View\View->render('unidades/editar', [], true)
 5 APPPATH\Controllers\Unidades.php(58): view('unidades/editar', [...])
 6 SYSTEMPATH\CodeIgniter.php(919): App\Controllers\Unidades->editar('assets', 'demo', 'datatables-demo.js')
 7 SYSTEMPATH\CodeIgniter.php(494): CodeIgniter\CodeIgniter->runController(Object(App\Controllers\Unidades))
 8 SYSTEMPATH\CodeIgniter.php(353): CodeIgniter\CodeIgniter->handleRequest(null, Object(Config\Cache), false)
 9 FCPATH\index.php(79): CodeIgniter\CodeIgniter->run()
INFO - 2023-10-26 11:27:26 --> Session: Class initialized using 'CodeIgniter\Session\Handlers\FileHandler' driver.
CRITICAL - 2023-10-26 11:27:26 --> Trying to access array offset on value of type null
in APPPATH\Views\unidades\editar.php on line 14.
 1 APPPATH\Views\unidades\editar.php(14): CodeIgniter\Debug\Exceptions->errorHandler(2, 'Trying to access array offset on value of type null', 'C:\\xampp\\htdocs\\pizeria\\app\\Views\\unidades\\editar.php', 14)
 2 SYSTEMPATH\View\View.php(226): include('C:\\xampp\\htdocs\\pizeria\\app\\Views\\unidades\\editar.php')
 3 SYSTEMPATH\View\View.php(229): CodeIgniter\View\View->CodeIgniter\View\{closure}()
 4 SYSTEMPATH\Common.php(1188): CodeIgniter\View\View->render('unidades/editar', [], true)
 5 APPPATH\Controllers\Unidades.php(58): view('unidades/editar', [...])
 6 SYSTEMPATH\CodeIgniter.php(919): App\Controllers\Unidades->editar('css', 'styles.css')
 7 SYSTEMPATH\CodeIgniter.php(494): CodeIgniter\CodeIgniter->runController(Object(App\Controllers\Unidades))
 8 SYSTEMPATH\CodeIgniter.php(353): CodeIgniter\CodeIgniter->handleRequest(null, Object(Config\Cache), false)
 9 FCPATH\index.php(79): CodeIgniter\CodeIgniter->run()
WARNING - 2023-10-26 11:27:50 --> [DEPRECATED] Creation of dynamic property App\Controllers\Unidades::$unidades is deprecated in APPPATH\Controllers\Unidades.php on line 9.
 1 SYSTEMPATH\CodeIgniter.php(891): App\Controllers\Unidades->__construct()
 2 SYSTEMPATH\CodeIgniter.php(485): CodeIgniter\CodeIgniter->createController()
 3 SYSTEMPATH\CodeIgniter.php(353): CodeIgniter\CodeIgniter->handleRequest(null, Object(Config\Cache), false)
 4 FCPATH\index.php(79): CodeIgniter\CodeIgniter->run()
CRITICAL - 2023-10-26 11:27:50 --> Class "App\Controllers\CrudModel" not found
in APPPATH\Controllers\Unidades.php on line 71.
 1 SYSTEMPATH\CodeIgniter.php(919): App\Controllers\Unidades->actualizar()
 2 SYSTEMPATH\CodeIgniter.php(494): CodeIgniter\CodeIgniter->runController(Object(App\Controllers\Unidades))
 3 SYSTEMPATH\CodeIgniter.php(353): CodeIgniter\CodeIgniter->handleRequest(null, Object(Config\Cache), false)
 4 FCPATH\index.php(79): CodeIgniter\CodeIgniter->run()
WARNING - 2023-10-26 11:29:34 --> [DEPRECATED] Creation of dynamic property App\Controllers\Unidades::$unidades is deprecated in APPPATH\Controllers\Unidades.php on line 9.
 1 SYSTEMPATH\CodeIgniter.php(891): App\Controllers\Unidades->__construct()
 2 SYSTEMPATH\CodeIgniter.php(485): CodeIgniter\CodeIgniter->createController()
 3 SYSTEMPATH\CodeIgniter.php(353): CodeIgniter\CodeIgniter->handleRequest(null, Object(Config\Cache), false)
 4 FCPATH\index.php(79): CodeIgniter\CodeIgniter->run()
INFO - 2023-10-26 11:29:34 --> Session: Class initialized using 'CodeIgniter\Session\Handlers\FileHandler' driver.
WARNING - 2023-10-26 11:29:34 --> [DEPRECATED] Creation of dynamic property App\Controllers\Unidades::$unidades is deprecated in APPPATH\Controllers\Unidades.php on line 9.
 1 SYSTEMPATH\CodeIgniter.php(891): App\Controllers\Unidades->__construct()
 2 SYSTEMPATH\CodeIgniter.php(485): CodeIgniter\CodeIgniter->createController()
 3 SYSTEMPATH\CodeIgniter.php(353): CodeIgniter\CodeIgniter->handleRequest(null, Object(Config\Cache), false)
 4 FCPATH\index.php(79): CodeIgniter\CodeIgniter->run()
WARNING - 2023-10-26 11:29:34 --> [DEPRECATED] Creation of dynamic property App\Controllers\Unidades::$unidades is deprecated in APPPATH\Controllers\Unidades.php on line 9.
 1 SYSTEMPATH\CodeIgniter.php(891): App\Controllers\Unidades->__construct()
 2 SYSTEMPATH\CodeIgniter.php(485): CodeIgniter\CodeIgniter->createController()
 3 SYSTEMPATH\CodeIgniter.php(353): CodeIgniter\CodeIgniter->handleRequest(null, Object(Config\Cache), false)
 4 FCPATH\index.php(79): CodeIgniter\CodeIgniter->run()
WARNING - 2023-10-26 11:29:34 --> [DEPRECATED] Creation of dynamic property App\Controllers\Unidades::$unidades is deprecated in APPPATH\Controllers\Unidades.php on line 9.
 1 SYSTEMPATH\CodeIgniter.php(891): App\Controllers\Unidades->__construct()
 2 SYSTEMPATH\CodeIgniter.php(485): CodeIgniter\CodeIgniter->createController()
 3 SYSTEMPATH\CodeIgniter.php(353): CodeIgniter\CodeIgniter->handleRequest(null, Object(Config\Cache), false)
 4 FCPATH\index.php(79): CodeIgniter\CodeIgniter->run()
INFO - 2023-10-26 11:29:34 --> Session: Class initialized using 'CodeIgniter\Session\Handlers\FileHandler' driver.
CRITICAL - 2023-10-26 11:29:34 --> Trying to access array offset on value of type null
in APPPATH\Views\unidades\editar.php on line 14.
 1 APPPATH\Views\unidades\editar.php(14): CodeIgniter\Debug\Exceptions->errorHandler(2, 'Trying to access array offset on value of type null', 'C:\\xampp\\htdocs\\pizeria\\app\\Views\\unidades\\editar.php', 14)
 2 SYSTEMPATH\View\View.php(226): include('C:\\xampp\\htdocs\\pizeria\\app\\Views\\unidades\\editar.php')
 3 SYSTEMPATH\View\View.php(229): CodeIgniter\View\View->CodeIgniter\View\{closure}()
 4 SYSTEMPATH\Common.php(1188): CodeIgniter\View\View->render('unidades/editar', [], true)
 5 APPPATH\Controllers\Unidades.php(58): view('unidades/editar', [...])
 6 SYSTEMPATH\CodeIgniter.php(919): App\Controllers\Unidades->editar('css', 'styles.css')
 7 SYSTEMPATH\CodeIgniter.php(494): CodeIgniter\CodeIgniter->runController(Object(App\Controllers\Unidades))
 8 SYSTEMPATH\CodeIgniter.php(353): CodeIgniter\CodeIgniter->handleRequest(null, Object(Config\Cache), false)
 9 FCPATH\index.php(79): CodeIgniter\CodeIgniter->run()
INFO - 2023-10-26 11:29:34 --> Session: Class initialized using 'CodeIgniter\Session\Handlers\FileHandler' driver.
CRITICAL - 2023-10-26 11:29:34 --> Trying to access array offset on value of type null
in APPPATH\Views\unidades\editar.php on line 14.
 1 APPPATH\Views\unidades\editar.php(14): CodeIgniter\Debug\Exceptions->errorHandler(2, 'Trying to access array offset on value of type null', 'C:\\xampp\\htdocs\\pizeria\\app\\Views\\unidades\\editar.php', 14)
 2 SYSTEMPATH\View\View.php(226): include('C:\\xampp\\htdocs\\pizeria\\app\\Views\\unidades\\editar.php')
 3 SYSTEMPATH\View\View.php(229): CodeIgniter\View\View->CodeIgniter\View\{closure}()
 4 SYSTEMPATH\Common.php(1188): CodeIgniter\View\View->render('unidades/editar', [], true)
 5 APPPATH\Controllers\Unidades.php(58): view('unidades/editar', [...])
 6 SYSTEMPATH\CodeIgniter.php(919): App\Controllers\Unidades->editar('js', 'scripts.js')
 7 SYSTEMPATH\CodeIgniter.php(494): CodeIgniter\CodeIgniter->runController(Object(App\Controllers\Unidades))
 8 SYSTEMPATH\CodeIgniter.php(353): CodeIgniter\CodeIgniter->handleRequest(null, Object(Config\Cache), false)
 9 FCPATH\index.php(79): CodeIgniter\CodeIgniter->run()
INFO - 2023-10-26 11:29:34 --> Session: Class initialized using 'CodeIgniter\Session\Handlers\FileHandler' driver.
CRITICAL - 2023-10-26 11:29:34 --> Trying to access array offset on value of type null
in APPPATH\Views\unidades\editar.php on line 14.
 1 APPPATH\Views\unidades\editar.php(14): CodeIgniter\Debug\Exceptions->errorHandler(2, 'Trying to access array offset on value of type null', 'C:\\xampp\\htdocs\\pizeria\\app\\Views\\unidades\\editar.php', 14)
 2 SYSTEMPATH\View\View.php(226): include('C:\\xampp\\htdocs\\pizeria\\app\\Views\\unidades\\editar.php')
 3 SYSTEMPATH\View\View.php(229): CodeIgniter\View\View->CodeIgniter\View\{closure}()
 4 SYSTEMPATH\Common.php(1188): CodeIgniter\View\View->render('unidades/editar', [], true)
 5 APPPATH\Controllers\Unidades.php(58): view('unidades/editar', [...])
 6 SYSTEMPATH\CodeIgniter.php(919): App\Controllers\Unidades->editar('assets', 'demo', 'datatables-demo.js')
 7 SYSTEMPATH\CodeIgniter.php(494): CodeIgniter\CodeIgniter->runController(Object(App\Controllers\Unidades))
 8 SYSTEMPATH\CodeIgniter.php(353): CodeIgniter\CodeIgniter->handleRequest(null, Object(Config\Cache), false)
 9 FCPATH\index.php(79): CodeIgniter\CodeIgniter->run()
WARNING - 2023-10-26 11:29:58 --> [DEPRECATED] Creation of dynamic property App\Controllers\Unidades::$unidades is deprecated in APPPATH\Controllers\Unidades.php on line 9.
 1 SYSTEMPATH\CodeIgniter.php(891): App\Controllers\Unidades->__construct()
 2 SYSTEMPATH\CodeIgniter.php(485): CodeIgniter\CodeIgniter->createController()
 3 SYSTEMPATH\CodeIgniter.php(353): CodeIgniter\CodeIgniter->handleRequest(null, Object(Config\Cache), false)
 4 FCPATH\index.php(79): CodeIgniter\CodeIgniter->run()
CRITICAL - 2023-10-26 11:29:58 --> Class "App\Controllers\CrudModel" not found
in APPPATH\Controllers\Unidades.php on line 71.
 1 SYSTEMPATH\CodeIgniter.php(919): App\Controllers\Unidades->actualizar()
 2 SYSTEMPATH\CodeIgniter.php(494): CodeIgniter\CodeIgniter->runController(Object(App\Controllers\Unidades))
 3 SYSTEMPATH\CodeIgniter.php(353): CodeIgniter\CodeIgniter->handleRequest(null, Object(Config\Cache), false)
 4 FCPATH\index.php(79): CodeIgniter\CodeIgniter->run()
WARNING - 2023-10-26 11:36:28 --> [DEPRECATED] Creation of dynamic property App\Controllers\Unidades::$unidades is deprecated in APPPATH\Controllers\Unidades.php on line 9.
 1 SYSTEMPATH\CodeIgniter.php(891): App\Controllers\Unidades->__construct()
 2 SYSTEMPATH\CodeIgniter.php(485): CodeIgniter\CodeIgniter->createController()
 3 SYSTEMPATH\CodeIgniter.php(353): CodeIgniter\CodeIgniter->handleRequest(null, Object(Config\Cache), false)
 4 FCPATH\index.php(79): CodeIgniter\CodeIgniter->run()
INFO - 2023-10-26 11:36:28 --> Session: Class initialized using 'CodeIgniter\Session\Handlers\FileHandler' driver.
WARNING - 2023-10-26 11:36:28 --> [DEPRECATED] Creation of dynamic property App\Controllers\Unidades::$unidades is deprecated in APPPATH\Controllers\Unidades.php on line 9.
 1 SYSTEMPATH\CodeIgniter.php(891): App\Controllers\Unidades->__construct()
 2 SYSTEMPATH\CodeIgniter.php(485): CodeIgniter\CodeIgniter->createController()
 3 SYSTEMPATH\CodeIgniter.php(353): CodeIgniter\CodeIgniter->handleRequest(null, Object(Config\Cache), false)
 4 FCPATH\index.php(79): CodeIgniter\CodeIgniter->run()
WARNING - 2023-10-26 11:36:28 --> [DEPRECATED] Creation of dynamic property App\Controllers\Unidades::$unidades is deprecated in APPPATH\Controllers\Unidades.php on line 9.
 1 SYSTEMPATH\CodeIgniter.php(891): App\Controllers\Unidades->__construct()
 2 SYSTEMPATH\CodeIgniter.php(485): CodeIgniter\CodeIgniter->createController()
 3 SYSTEMPATH\CodeIgniter.php(353): CodeIgniter\CodeIgniter->handleRequest(null, Object(Config\Cache), false)
 4 FCPATH\index.php(79): CodeIgniter\CodeIgniter->run()
WARNING - 2023-10-26 11:36:28 --> [DEPRECATED] Creation of dynamic property App\Controllers\Unidades::$unidades is deprecated in APPPATH\Controllers\Unidades.php on line 9.
 1 SYSTEMPATH\CodeIgniter.php(891): App\Controllers\Unidades->__construct()
 2 SYSTEMPATH\CodeIgniter.php(485): CodeIgniter\CodeIgniter->createController()
 3 SYSTEMPATH\CodeIgniter.php(353): CodeIgniter\CodeIgniter->handleRequest(null, Object(Config\Cache), false)
 4 FCPATH\index.php(79): CodeIgniter\CodeIgniter->run()
INFO - 2023-10-26 11:36:28 --> Session: Class initialized using 'CodeIgniter\Session\Handlers\FileHandler' driver.
CRITICAL - 2023-10-26 11:36:28 --> Trying to access array offset on value of type null
in APPPATH\Views\unidades\editar.php on line 14.
 1 APPPATH\Views\unidades\editar.php(14): CodeIgniter\Debug\Exceptions->errorHandler(2, 'Trying to access array offset on value of type null', 'C:\\xampp\\htdocs\\pizeria\\app\\Views\\unidades\\editar.php', 14)
 2 SYSTEMPATH\View\View.php(226): include('C:\\xampp\\htdocs\\pizeria\\app\\Views\\unidades\\editar.php')
 3 SYSTEMPATH\View\View.php(229): CodeIgniter\View\View->CodeIgniter\View\{closure}()
 4 SYSTEMPATH\Common.php(1188): CodeIgniter\View\View->render('unidades/editar', [], true)
 5 APPPATH\Controllers\Unidades.php(58): view('unidades/editar', [...])
 6 SYSTEMPATH\CodeIgniter.php(919): App\Controllers\Unidades->editar('assets', 'demo', 'datatables-demo.js')
 7 SYSTEMPATH\CodeIgniter.php(494): CodeIgniter\CodeIgniter->runController(Object(App\Controllers\Unidades))
 8 SYSTEMPATH\CodeIgniter.php(353): CodeIgniter\CodeIgniter->handleRequest(null, Object(Config\Cache), false)
 9 FCPATH\index.php(79): CodeIgniter\CodeIgniter->run()
INFO - 2023-10-26 11:36:28 --> Session: Class initialized using 'CodeIgniter\Session\Handlers\FileHandler' driver.
CRITICAL - 2023-10-26 11:36:28 --> Trying to access array offset on value of type null
in APPPATH\Views\unidades\editar.php on line 14.
 1 APPPATH\Views\unidades\editar.php(14): CodeIgniter\Debug\Exceptions->errorHandler(2, 'Trying to access array offset on value of type null', 'C:\\xampp\\htdocs\\pizeria\\app\\Views\\unidades\\editar.php', 14)
 2 SYSTEMPATH\View\View.php(226): include('C:\\xampp\\htdocs\\pizeria\\app\\Views\\unidades\\editar.php')
 3 SYSTEMPATH\View\View.php(229): CodeIgniter\View\View->CodeIgniter\View\{closure}()
 4 SYSTEMPATH\Common.php(1188): CodeIgniter\View\View->render('unidades/editar', [], true)
 5 APPPATH\Controllers\Unidades.php(58): view('unidades/editar', [...])
 6 SYSTEMPATH\CodeIgniter.php(919): App\Controllers\Unidades->editar('js', 'scripts.js')
 7 SYSTEMPATH\CodeIgniter.php(494): CodeIgniter\CodeIgniter->runController(Object(App\Controllers\Unidades))
 8 SYSTEMPATH\CodeIgniter.php(353): CodeIgniter\CodeIgniter->handleRequest(null, Object(Config\Cache), false)
 9 FCPATH\index.php(79): CodeIgniter\CodeIgniter->run()
INFO - 2023-10-26 11:36:28 --> Session: Class initialized using 'CodeIgniter\Session\Handlers\FileHandler' driver.
CRITICAL - 2023-10-26 11:36:28 --> Trying to access array offset on value of type null
in APPPATH\Views\unidades\editar.php on line 14.
 1 APPPATH\Views\unidades\editar.php(14): CodeIgniter\Debug\Exceptions->errorHandler(2, 'Trying to access array offset on value of type null', 'C:\\xampp\\htdocs\\pizeria\\app\\Views\\unidades\\editar.php', 14)
 2 SYSTEMPATH\View\View.php(226): include('C:\\xampp\\htdocs\\pizeria\\app\\Views\\unidades\\editar.php')
 3 SYSTEMPATH\View\View.php(229): CodeIgniter\View\View->CodeIgniter\View\{closure}()
 4 SYSTEMPATH\Common.php(1188): CodeIgniter\View\View->render('unidades/editar', [], true)
 5 APPPATH\Controllers\Unidades.php(58): view('unidades/editar', [...])
 6 SYSTEMPATH\CodeIgniter.php(919): App\Controllers\Unidades->editar('css', 'styles.css')
 7 SYSTEMPATH\CodeIgniter.php(494): CodeIgniter\CodeIgniter->runController(Object(App\Controllers\Unidades))
 8 SYSTEMPATH\CodeIgniter.php(353): CodeIgniter\CodeIgniter->handleRequest(null, Object(Config\Cache), false)
 9 FCPATH\index.php(79): CodeIgniter\CodeIgniter->run()
WARNING - 2023-10-26 11:36:46 --> [DEPRECATED] Creation of dynamic property App\Controllers\Unidades::$unidades is deprecated in APPPATH\Controllers\Unidades.php on line 9.
 1 SYSTEMPATH\CodeIgniter.php(891): App\Controllers\Unidades->__construct()
 2 SYSTEMPATH\CodeIgniter.php(485): CodeIgniter\CodeIgniter->createController()
 3 SYSTEMPATH\CodeIgniter.php(353): CodeIgniter\CodeIgniter->handleRequest(null, Object(Config\Cache), false)
 4 FCPATH\index.php(79): CodeIgniter\CodeIgniter->run()
WARNING - 2023-10-26 11:36:47 --> [DEPRECATED] Creation of dynamic property App\Controllers\Unidades::$unidades is deprecated in APPPATH\Controllers\Unidades.php on line 9.
 1 SYSTEMPATH\CodeIgniter.php(891): App\Controllers\Unidades->__construct()
 2 SYSTEMPATH\CodeIgniter.php(485): CodeIgniter\CodeIgniter->createController()
 3 SYSTEMPATH\CodeIgniter.php(353): CodeIgniter\CodeIgniter->handleRequest(null, Object(Config\Cache), false)
 4 FCPATH\index.php(79): CodeIgniter\CodeIgniter->run()
INFO - 2023-10-26 11:36:47 --> Session: Class initialized using 'CodeIgniter\Session\Handlers\FileHandler' driver.
WARNING - 2023-10-26 11:43:52 --> [DEPRECATED] Creation of dynamic property App\Controllers\Unidades::$unidades is deprecated in APPPATH\Controllers\Unidades.php on line 9.
 1 SYSTEMPATH\CodeIgniter.php(891): App\Controllers\Unidades->__construct()
 2 SYSTEMPATH\CodeIgniter.php(485): CodeIgniter\CodeIgniter->createController()
 3 SYSTEMPATH\CodeIgniter.php(353): CodeIgniter\CodeIgniter->handleRequest(null, Object(Config\Cache), false)
 4 FCPATH\index.php(79): CodeIgniter\CodeIgniter->run()
INFO - 2023-10-26 11:43:52 --> Session: Class initialized using 'CodeIgniter\Session\Handlers\FileHandler' driver.
WARNING - 2023-10-26 11:44:20 --> [DEPRECATED] Creation of dynamic property App\Controllers\Unidades::$unidades is deprecated in APPPATH\Controllers\Unidades.php on line 9.
 1 SYSTEMPATH\CodeIgniter.php(891): App\Controllers\Unidades->__construct()
 2 SYSTEMPATH\CodeIgniter.php(485): CodeIgniter\CodeIgniter->createController()
 3 SYSTEMPATH\CodeIgniter.php(353): CodeIgniter\CodeIgniter->handleRequest(null, Object(Config\Cache), false)
 4 FCPATH\index.php(79): CodeIgniter\CodeIgniter->run()
WARNING - 2023-10-26 11:44:20 --> [DEPRECATED] Creation of dynamic property App\Controllers\Unidades::$unidades is deprecated in APPPATH\Controllers\Unidades.php on line 9.
 1 SYSTEMPATH\CodeIgniter.php(891): App\Controllers\Unidades->__construct()
 2 SYSTEMPATH\CodeIgniter.php(485): CodeIgniter\CodeIgniter->createController()
 3 SYSTEMPATH\CodeIgniter.php(353): CodeIgniter\CodeIgniter->handleRequest(null, Object(Config\Cache), false)
 4 FCPATH\index.php(79): CodeIgniter\CodeIgniter->run()
INFO - 2023-10-26 11:44:20 --> Session: Class initialized using 'CodeIgniter\Session\Handlers\FileHandler' driver.
WARNING - 2023-10-26 11:45:09 --> [DEPRECATED] Creation of dynamic property App\Controllers\Unidades::$unidades is deprecated in APPPATH\Controllers\Unidades.php on line 9.
 1 SYSTEMPATH\CodeIgniter.php(891): App\Controllers\Unidades->__construct()
 2 SYSTEMPATH\CodeIgniter.php(485): CodeIgniter\CodeIgniter->createController()
 3 SYSTEMPATH\CodeIgniter.php(353): CodeIgniter\CodeIgniter->handleRequest(null, Object(Config\Cache), false)
 4 FCPATH\index.php(79): CodeIgniter\CodeIgniter->run()
INFO - 2023-10-26 11:45:09 --> Session: Class initialized using 'CodeIgniter\Session\Handlers\FileHandler' driver.
WARNING - 2023-10-26 11:46:45 --> [DEPRECATED] Creation of dynamic property App\Controllers\Unidades::$unidades is deprecated in APPPATH\Controllers\Unidades.php on line 9.
 1 SYSTEMPATH\CodeIgniter.php(891): App\Controllers\Unidades->__construct()
 2 SYSTEMPATH\CodeIgniter.php(485): CodeIgniter\CodeIgniter->createController()
 3 SYSTEMPATH\CodeIgniter.php(353): CodeIgniter\CodeIgniter->handleRequest(null, Object(Config\Cache), false)
 4 FCPATH\index.php(79): CodeIgniter\CodeIgniter->run()
INFO - 2023-10-26 11:46:45 --> Session: Class initialized using 'CodeIgniter\Session\Handlers\FileHandler' driver.
WARNING - 2023-10-26 11:46:48 --> [DEPRECATED] Creation of dynamic property App\Controllers\Unidades::$unidades is deprecated in APPPATH\Controllers\Unidades.php on line 9.
 1 SYSTEMPATH\CodeIgniter.php(891): App\Controllers\Unidades->__construct()
 2 SYSTEMPATH\CodeIgniter.php(485): CodeIgniter\CodeIgniter->createController()
 3 SYSTEMPATH\CodeIgniter.php(353): CodeIgniter\CodeIgniter->handleRequest(null, Object(Config\Cache), false)
 4 FCPATH\index.php(79): CodeIgniter\CodeIgniter->run()
WARNING - 2023-10-26 11:46:48 --> [DEPRECATED] Creation of dynamic property App\Controllers\Unidades::$unidades is deprecated in APPPATH\Controllers\Unidades.php on line 9.
 1 SYSTEMPATH\CodeIgniter.php(891): App\Controllers\Unidades->__construct()
 2 SYSTEMPATH\CodeIgniter.php(485): CodeIgniter\CodeIgniter->createController()
 3 SYSTEMPATH\CodeIgniter.php(353): CodeIgniter\CodeIgniter->handleRequest(null, Object(Config\Cache), false)
 4 FCPATH\index.php(79): CodeIgniter\CodeIgniter->run()
INFO - 2023-10-26 11:46:48 --> Session: Class initialized using 'CodeIgniter\Session\Handlers\FileHandler' driver.
WARNING - 2023-10-26 11:47:45 --> [DEPRECATED] Creation of dynamic property App\Controllers\Unidades::$unidades is deprecated in APPPATH\Controllers\Unidades.php on line 9.
 1 SYSTEMPATH\CodeIgniter.php(891): App\Controllers\Unidades->__construct()
 2 SYSTEMPATH\CodeIgniter.php(485): CodeIgniter\CodeIgniter->createController()
 3 SYSTEMPATH\CodeIgniter.php(353): CodeIgniter\CodeIgniter->handleRequest(null, Object(Config\Cache), false)
 4 FCPATH\index.php(79): CodeIgniter\CodeIgniter->run()
INFO - 2023-10-26 11:47:45 --> Session: Class initialized using 'CodeIgniter\Session\Handlers\FileHandler' driver.
WARNING - 2023-10-26 11:48:10 --> [DEPRECATED] Creation of dynamic property App\Controllers\Unidades::$unidades is deprecated in APPPATH\Controllers\Unidades.php on line 9.
 1 SYSTEMPATH\CodeIgniter.php(891): App\Controllers\Unidades->__construct()
 2 SYSTEMPATH\CodeIgniter.php(485): CodeIgniter\CodeIgniter->createController()
 3 SYSTEMPATH\CodeIgniter.php(353): CodeIgniter\CodeIgniter->handleRequest(null, Object(Config\Cache), false)
 4 FCPATH\index.php(79): CodeIgniter\CodeIgniter->run()
INFO - 2023-10-26 11:48:10 --> Session: Class initialized using 'CodeIgniter\Session\Handlers\FileHandler' driver.
WARNING - 2023-10-26 11:57:54 --> [DEPRECATED] Creation of dynamic property App\Controllers\Unidades::$unidades is deprecated in APPPATH\Controllers\Unidades.php on line 9.
 1 SYSTEMPATH\CodeIgniter.php(891): App\Controllers\Unidades->__construct()
 2 SYSTEMPATH\CodeIgniter.php(485): CodeIgniter\CodeIgniter->createController()
 3 SYSTEMPATH\CodeIgniter.php(353): CodeIgniter\CodeIgniter->handleRequest(null, Object(Config\Cache), false)
 4 FCPATH\index.php(79): CodeIgniter\CodeIgniter->run()
INFO - 2023-10-26 11:57:54 --> Session: Class initialized using 'CodeIgniter\Session\Handlers\FileHandler' driver.
WARNING - 2023-10-26 11:59:56 --> [DEPRECATED] Creation of dynamic property App\Controllers\Unidades::$unidades is deprecated in APPPATH\Controllers\Unidades.php on line 9.
 1 SYSTEMPATH\CodeIgniter.php(891): App\Controllers\Unidades->__construct()
 2 SYSTEMPATH\CodeIgniter.php(485): CodeIgniter\CodeIgniter->createController()
 3 SYSTEMPATH\CodeIgniter.php(353): CodeIgniter\CodeIgniter->handleRequest(null, Object(Config\Cache), false)
 4 FCPATH\index.php(79): CodeIgniter\CodeIgniter->run()
INFO - 2023-10-26 11:59:56 --> Session: Class initialized using 'CodeIgniter\Session\Handlers\FileHandler' driver.
WARNING - 2023-10-26 12:00:21 --> [DEPRECATED] Creation of dynamic property App\Controllers\Unidades::$unidades is deprecated in APPPATH\Controllers\Unidades.php on line 9.
 1 SYSTEMPATH\CodeIgniter.php(891): App\Controllers\Unidades->__construct()
 2 SYSTEMPATH\CodeIgniter.php(485): CodeIgniter\CodeIgniter->createController()
 3 SYSTEMPATH\CodeIgniter.php(353): CodeIgniter\CodeIgniter->handleRequest(null, Object(Config\Cache), false)
 4 FCPATH\index.php(79): CodeIgniter\CodeIgniter->run()
INFO - 2023-10-26 12:00:21 --> Session: Class initialized using 'CodeIgniter\Session\Handlers\FileHandler' driver.
WARNING - 2023-10-26 12:00:25 --> [DEPRECATED] Creation of dynamic property App\Controllers\Unidades::$unidades is deprecated in APPPATH\Controllers\Unidades.php on line 9.
 1 SYSTEMPATH\CodeIgniter.php(891): App\Controllers\Unidades->__construct()
 2 SYSTEMPATH\CodeIgniter.php(485): CodeIgniter\CodeIgniter->createController()
 3 SYSTEMPATH\CodeIgniter.php(353): CodeIgniter\CodeIgniter->handleRequest(null, Object(Config\Cache), false)
 4 FCPATH\index.php(79): CodeIgniter\CodeIgniter->run()
INFO - 2023-10-26 12:00:25 --> Session: Class initialized using 'CodeIgniter\Session\Handlers\FileHandler' driver.
WARNING - 2023-10-26 12:01:40 --> [DEPRECATED] Creation of dynamic property App\Controllers\Unidades::$unidades is deprecated in APPPATH\Controllers\Unidades.php on line 9.
 1 SYSTEMPATH\CodeIgniter.php(891): App\Controllers\Unidades->__construct()
 2 SYSTEMPATH\CodeIgniter.php(485): CodeIgniter\CodeIgniter->createController()
 3 SYSTEMPATH\CodeIgniter.php(353): CodeIgniter\CodeIgniter->handleRequest(null, Object(Config\Cache), false)
 4 FCPATH\index.php(79): CodeIgniter\CodeIgniter->run()
INFO - 2023-10-26 12:01:40 --> Session: Class initialized using 'CodeIgniter\Session\Handlers\FileHandler' driver.
WARNING - 2023-10-26 12:01:44 --> [DEPRECATED] Creation of dynamic property App\Controllers\Unidades::$unidades is deprecated in APPPATH\Controllers\Unidades.php on line 9.
 1 SYSTEMPATH\CodeIgniter.php(891): App\Controllers\Unidades->__construct()
 2 SYSTEMPATH\CodeIgniter.php(485): CodeIgniter\CodeIgniter->createController()
 3 SYSTEMPATH\CodeIgniter.php(353): CodeIgniter\CodeIgniter->handleRequest(null, Object(Config\Cache), false)
 4 FCPATH\index.php(79): CodeIgniter\CodeIgniter->run()
INFO - 2023-10-26 12:01:44 --> Session: Class initialized using 'CodeIgniter\Session\Handlers\FileHandler' driver.
WARNING - 2023-10-26 12:01:50 --> [DEPRECATED] Creation of dynamic property App\Controllers\Unidades::$unidades is deprecated in APPPATH\Controllers\Unidades.php on line 9.
 1 SYSTEMPATH\CodeIgniter.php(891): App\Controllers\Unidades->__construct()
 2 SYSTEMPATH\CodeIgniter.php(485): CodeIgniter\CodeIgniter->createController()
 3 SYSTEMPATH\CodeIgniter.php(353): CodeIgniter\CodeIgniter->handleRequest(null, Object(Config\Cache), false)
 4 FCPATH\index.php(79): CodeIgniter\CodeIgniter->run()
INFO - 2023-10-26 12:01:50 --> Session: Class initialized using 'CodeIgniter\Session\Handlers\FileHandler' driver.
WARNING - 2023-10-26 12:01:56 --> [DEPRECATED] Creation of dynamic property App\Controllers\Unidades::$unidades is deprecated in APPPATH\Controllers\Unidades.php on line 9.
 1 SYSTEMPATH\CodeIgniter.php(891): App\Controllers\Unidades->__construct()
 2 SYSTEMPATH\CodeIgniter.php(485): CodeIgniter\CodeIgniter->createController()
 3 SYSTEMPATH\CodeIgniter.php(353): CodeIgniter\CodeIgniter->handleRequest(null, Object(Config\Cache), false)
 4 FCPATH\index.php(79): CodeIgniter\CodeIgniter->run()
INFO - 2023-10-26 12:01:56 --> Session: Class initialized using 'CodeIgniter\Session\Handlers\FileHandler' driver.
WARNING - 2023-10-26 12:01:57 --> [DEPRECATED] Creation of dynamic property App\Controllers\Unidades::$unidades is deprecated in APPPATH\Controllers\Unidades.php on line 9.
 1 SYSTEMPATH\CodeIgniter.php(891): App\Controllers\Unidades->__construct()
 2 SYSTEMPATH\CodeIgniter.php(485): CodeIgniter\CodeIgniter->createController()
 3 SYSTEMPATH\CodeIgniter.php(353): CodeIgniter\CodeIgniter->handleRequest(null, Object(Config\Cache), false)
 4 FCPATH\index.php(79): CodeIgniter\CodeIgniter->run()
INFO - 2023-10-26 12:01:57 --> Session: Class initialized using 'CodeIgniter\Session\Handlers\FileHandler' driver.
WARNING - 2023-10-26 12:02:23 --> [DEPRECATED] Creation of dynamic property App\Controllers\Unidades::$unidades is deprecated in APPPATH\Controllers\Unidades.php on line 9.
 1 SYSTEMPATH\CodeIgniter.php(891): App\Controllers\Unidades->__construct()
 2 SYSTEMPATH\CodeIgniter.php(485): CodeIgniter\CodeIgniter->createController()
 3 SYSTEMPATH\CodeIgniter.php(353): CodeIgniter\CodeIgniter->handleRequest(null, Object(Config\Cache), false)
 4 FCPATH\index.php(79): CodeIgniter\CodeIgniter->run()
INFO - 2023-10-26 12:02:23 --> Session: Class initialized using 'CodeIgniter\Session\Handlers\FileHandler' driver.
WARNING - 2023-10-26 12:02:26 --> [DEPRECATED] Creation of dynamic property App\Controllers\Unidades::$unidades is deprecated in APPPATH\Controllers\Unidades.php on line 9.
 1 SYSTEMPATH\CodeIgniter.php(891): App\Controllers\Unidades->__construct()
 2 SYSTEMPATH\CodeIgniter.php(485): CodeIgniter\CodeIgniter->createController()
 3 SYSTEMPATH\CodeIgniter.php(353): CodeIgniter\CodeIgniter->handleRequest(null, Object(Config\Cache), false)
 4 FCPATH\index.php(79): CodeIgniter\CodeIgniter->run()
INFO - 2023-10-26 12:02:26 --> Session: Class initialized using 'CodeIgniter\Session\Handlers\FileHandler' driver.
WARNING - 2023-10-26 12:02:29 --> [DEPRECATED] Creation of dynamic property App\Controllers\Unidades::$unidades is deprecated in APPPATH\Controllers\Unidades.php on line 9.
 1 SYSTEMPATH\CodeIgniter.php(891): App\Controllers\Unidades->__construct()
 2 SYSTEMPATH\CodeIgniter.php(485): CodeIgniter\CodeIgniter->createController()
 3 SYSTEMPATH\CodeIgniter.php(353): CodeIgniter\CodeIgniter->handleRequest(null, Object(Config\Cache), false)
 4 FCPATH\index.php(79): CodeIgniter\CodeIgniter->run()
INFO - 2023-10-26 12:02:29 --> Session: Class initialized using 'CodeIgniter\Session\Handlers\FileHandler' driver.
WARNING - 2023-10-26 12:05:22 --> [DEPRECATED] Creation of dynamic property App\Controllers\Unidades::$unidades is deprecated in APPPATH\Controllers\Unidades.php on line 9.
 1 SYSTEMPATH\CodeIgniter.php(891): App\Controllers\Unidades->__construct()
 2 SYSTEMPATH\CodeIgniter.php(485): CodeIgniter\CodeIgniter->createController()
 3 SYSTEMPATH\CodeIgniter.php(353): CodeIgniter\CodeIgniter->handleRequest(null, Object(Config\Cache), false)
 4 FCPATH\index.php(79): CodeIgniter\CodeIgniter->run()
INFO - 2023-10-26 12:05:22 --> Session: Class initialized using 'CodeIgniter\Session\Handlers\FileHandler' driver.
WARNING - 2023-10-26 12:05:25 --> [DEPRECATED] Creation of dynamic property App\Controllers\Unidades::$unidades is deprecated in APPPATH\Controllers\Unidades.php on line 9.
 1 SYSTEMPATH\CodeIgniter.php(891): App\Controllers\Unidades->__construct()
 2 SYSTEMPATH\CodeIgniter.php(485): CodeIgniter\CodeIgniter->createController()
 3 SYSTEMPATH\CodeIgniter.php(353): CodeIgniter\CodeIgniter->handleRequest(null, Object(Config\Cache), false)
 4 FCPATH\index.php(79): CodeIgniter\CodeIgniter->run()
INFO - 2023-10-26 12:05:25 --> Session: Class initialized using 'CodeIgniter\Session\Handlers\FileHandler' driver.
WARNING - 2023-10-26 12:05:35 --> [DEPRECATED] Creation of dynamic property App\Controllers\Unidades::$unidades is deprecated in APPPATH\Controllers\Unidades.php on line 9.
 1 SYSTEMPATH\CodeIgniter.php(891): App\Controllers\Unidades->__construct()
 2 SYSTEMPATH\CodeIgniter.php(485): CodeIgniter\CodeIgniter->createController()
 3 SYSTEMPATH\CodeIgniter.php(353): CodeIgniter\CodeIgniter->handleRequest(null, Object(Config\Cache), false)
 4 FCPATH\index.php(79): CodeIgniter\CodeIgniter->run()
INFO - 2023-10-26 12:05:35 --> Session: Class initialized using 'CodeIgniter\Session\Handlers\FileHandler' driver.
WARNING - 2023-10-26 12:07:05 --> [DEPRECATED] Creation of dynamic property App\Controllers\Unidades::$unidades is deprecated in APPPATH\Controllers\Unidades.php on line 9.
 1 SYSTEMPATH\CodeIgniter.php(891): App\Controllers\Unidades->__construct()
 2 SYSTEMPATH\CodeIgniter.php(485): CodeIgniter\CodeIgniter->createController()
 3 SYSTEMPATH\CodeIgniter.php(353): CodeIgniter\CodeIgniter->handleRequest(null, Object(Config\Cache), false)
 4 FCPATH\index.php(79): CodeIgniter\CodeIgniter->run()
INFO - 2023-10-26 12:07:05 --> Session: Class initialized using 'CodeIgniter\Session\Handlers\FileHandler' driver.
WARNING - 2023-10-26 12:07:27 --> [DEPRECATED] Creation of dynamic property App\Controllers\Unidades::$unidades is deprecated in APPPATH\Controllers\Unidades.php on line 9.
 1 SYSTEMPATH\CodeIgniter.php(891): App\Controllers\Unidades->__construct()
 2 SYSTEMPATH\CodeIgniter.php(485): CodeIgniter\CodeIgniter->createController()
 3 SYSTEMPATH\CodeIgniter.php(353): CodeIgniter\CodeIgniter->handleRequest(null, Object(Config\Cache), false)
 4 FCPATH\index.php(79): CodeIgniter\CodeIgniter->run()
INFO - 2023-10-26 12:07:27 --> Session: Class initialized using 'CodeIgniter\Session\Handlers\FileHandler' driver.
WARNING - 2023-10-26 12:08:30 --> [DEPRECATED] Creation of dynamic property App\Controllers\Unidades::$unidades is deprecated in APPPATH\Controllers\Unidades.php on line 9.
 1 SYSTEMPATH\CodeIgniter.php(891): App\Controllers\Unidades->__construct()
 2 SYSTEMPATH\CodeIgniter.php(485): CodeIgniter\CodeIgniter->createController()
 3 SYSTEMPATH\CodeIgniter.php(353): CodeIgniter\CodeIgniter->handleRequest(null, Object(Config\Cache), false)
 4 FCPATH\index.php(79): CodeIgniter\CodeIgniter->run()
INFO - 2023-10-26 12:08:30 --> Session: Class initialized using 'CodeIgniter\Session\Handlers\FileHandler' driver.
WARNING - 2023-10-26 12:08:33 --> [DEPRECATED] Creation of dynamic property App\Controllers\Unidades::$unidades is deprecated in APPPATH\Controllers\Unidades.php on line 9.
 1 SYSTEMPATH\CodeIgniter.php(891): App\Controllers\Unidades->__construct()
 2 SYSTEMPATH\CodeIgniter.php(485): CodeIgniter\CodeIgniter->createController()
 3 SYSTEMPATH\CodeIgniter.php(353): CodeIgniter\CodeIgniter->handleRequest(null, Object(Config\Cache), false)
 4 FCPATH\index.php(79): CodeIgniter\CodeIgniter->run()
INFO - 2023-10-26 12:08:33 --> Session: Class initialized using 'CodeIgniter\Session\Handlers\FileHandler' driver.
WARNING - 2023-10-26 12:09:15 --> [DEPRECATED] Creation of dynamic property App\Controllers\Unidades::$unidades is deprecated in APPPATH\Controllers\Unidades.php on line 9.
 1 SYSTEMPATH\CodeIgniter.php(891): App\Controllers\Unidades->__construct()
 2 SYSTEMPATH\CodeIgniter.php(485): CodeIgniter\CodeIgniter->createController()
 3 SYSTEMPATH\CodeIgniter.php(353): CodeIgniter\CodeIgniter->handleRequest(null, Object(Config\Cache), false)
 4 FCPATH\index.php(79): CodeIgniter\CodeIgniter->run()
INFO - 2023-10-26 12:09:15 --> Session: Class initialized using 'CodeIgniter\Session\Handlers\FileHandler' driver.
WARNING - 2023-10-26 12:09:16 --> [DEPRECATED] Creation of dynamic property App\Controllers\Unidades::$unidades is deprecated in APPPATH\Controllers\Unidades.php on line 9.
 1 SYSTEMPATH\CodeIgniter.php(891): App\Controllers\Unidades->__construct()
 2 SYSTEMPATH\CodeIgniter.php(485): CodeIgniter\CodeIgniter->createController()
 3 SYSTEMPATH\CodeIgniter.php(353): CodeIgniter\CodeIgniter->handleRequest(null, Object(Config\Cache), false)
 4 FCPATH\index.php(79): CodeIgniter\CodeIgniter->run()
INFO - 2023-10-26 12:09:16 --> Session: Class initialized using 'CodeIgniter\Session\Handlers\FileHandler' driver.
WARNING - 2023-10-26 12:09:20 --> [DEPRECATED] Creation of dynamic property App\Controllers\Unidades::$unidades is deprecated in APPPATH\Controllers\Unidades.php on line 9.
 1 SYSTEMPATH\CodeIgniter.php(891): App\Controllers\Unidades->__construct()
 2 SYSTEMPATH\CodeIgniter.php(485): CodeIgniter\CodeIgniter->createController()
 3 SYSTEMPATH\CodeIgniter.php(353): CodeIgniter\CodeIgniter->handleRequest(null, Object(Config\Cache), false)
 4 FCPATH\index.php(79): CodeIgniter\CodeIgniter->run()
WARNING - 2023-10-26 12:09:21 --> [DEPRECATED] Creation of dynamic property App\Controllers\Unidades::$unidades is deprecated in APPPATH\Controllers\Unidades.php on line 9.
 1 SYSTEMPATH\CodeIgniter.php(891): App\Controllers\Unidades->__construct()
 2 SYSTEMPATH\CodeIgniter.php(485): CodeIgniter\CodeIgniter->createController()
 3 SYSTEMPATH\CodeIgniter.php(353): CodeIgniter\CodeIgniter->handleRequest(null, Object(Config\Cache), false)
 4 FCPATH\index.php(79): CodeIgniter\CodeIgniter->run()
INFO - 2023-10-26 12:09:21 --> Session: Class initialized using 'CodeIgniter\Session\Handlers\FileHandler' driver.
INFO - 2023-10-26 12:13:50 --> Session: Class initialized using 'CodeIgniter\Session\Handlers\FileHandler' driver.
INFO - 2023-10-26 12:14:08 --> Session: Class initialized using 'CodeIgniter\Session\Handlers\FileHandler' driver.
WARNING - 2023-10-26 12:14:10 --> [DEPRECATED] Creation of dynamic property App\Controllers\Unidades::$unidades is deprecated in APPPATH\Controllers\Unidades.php on line 9.
 1 SYSTEMPATH\CodeIgniter.php(891): App\Controllers\Unidades->__construct()
 2 SYSTEMPATH\CodeIgniter.php(485): CodeIgniter\CodeIgniter->createController()
 3 SYSTEMPATH\CodeIgniter.php(353): CodeIgniter\CodeIgniter->handleRequest(null, Object(Config\Cache), false)
 4 FCPATH\index.php(79): CodeIgniter\CodeIgniter->run()
INFO - 2023-10-26 12:14:10 --> Session: Class initialized using 'CodeIgniter\Session\Handlers\FileHandler' driver.
INFO - 2023-10-26 12:14:13 --> Session: Class initialized using 'CodeIgniter\Session\Handlers\FileHandler' driver.
INFO - 2023-10-26 12:25:33 --> Session: Class initialized using 'CodeIgniter\Session\Handlers\FileHandler' driver.
WARNING - 2023-10-26 12:26:26 --> [DEPRECATED] Creation of dynamic property App\Controllers\Unidades::$unidades is deprecated in APPPATH\Controllers\Unidades.php on line 9.
 1 SYSTEMPATH\CodeIgniter.php(891): App\Controllers\Unidades->__construct()
 2 SYSTEMPATH\CodeIgniter.php(485): CodeIgniter\CodeIgniter->createController()
 3 SYSTEMPATH\CodeIgniter.php(353): CodeIgniter\CodeIgniter->handleRequest(null, Object(Config\Cache), false)
 4 FCPATH\index.php(79): CodeIgniter\CodeIgniter->run()
INFO - 2023-10-26 12:26:26 --> Session: Class initialized using 'CodeIgniter\Session\Handlers\FileHandler' driver.
INFO - 2023-10-26 12:26:28 --> Session: Class initialized using 'CodeIgniter\Session\Handlers\FileHandler' driver.
INFO - 2023-10-26 12:35:01 --> Session: Class initialized using 'CodeIgniter\Session\Handlers\FileHandler' driver.
CRITICAL - 2023-10-26 12:35:01 --> Invalid file: "contenido.php"
in SYSTEMPATH\Exceptions\FrameworkException.php on line 39.
 1 SYSTEMPATH\View\View.php(214): CodeIgniter\Exceptions\FrameworkException::forInvalidFile('contenido.php')
 2 SYSTEMPATH\Common.php(1188): CodeIgniter\View\View->render('contenido', [], true)
 3 APPPATH\Controllers\Home.php(58): view('contenido')
 4 SYSTEMPATH\CodeIgniter.php(919): App\Controllers\Home->contenido()
 5 SYSTEMPATH\CodeIgniter.php(494): CodeIgniter\CodeIgniter->runController(Object(App\Controllers\Home))
 6 SYSTEMPATH\CodeIgniter.php(353): CodeIgniter\CodeIgniter->handleRequest(null, Object(Config\Cache), false)
 7 FCPATH\index.php(79): CodeIgniter\CodeIgniter->run()
WARNING - 2023-10-26 12:35:15 --> [DEPRECATED] Creation of dynamic property App\Controllers\Unidades::$unidades is deprecated in APPPATH\Controllers\Unidades.php on line 9.
 1 SYSTEMPATH\CodeIgniter.php(891): App\Controllers\Unidades->__construct()
 2 SYSTEMPATH\CodeIgniter.php(485): CodeIgniter\CodeIgniter->createController()
 3 SYSTEMPATH\CodeIgniter.php(353): CodeIgniter\CodeIgniter->handleRequest(null, Object(Config\Cache), false)
 4 FCPATH\index.php(79): CodeIgniter\CodeIgniter->run()
INFO - 2023-10-26 12:35:15 --> Session: Class initialized using 'CodeIgniter\Session\Handlers\FileHandler' driver.
WARNING - 2023-10-26 12:35:26 --> [DEPRECATED] Creation of dynamic property App\Controllers\Unidades::$unidades is deprecated in APPPATH\Controllers\Unidades.php on line 9.
 1 SYSTEMPATH\CodeIgniter.php(891): App\Controllers\Unidades->__construct()
 2 SYSTEMPATH\CodeIgniter.php(485): CodeIgniter\CodeIgniter->createController()
 3 SYSTEMPATH\CodeIgniter.php(353): CodeIgniter\CodeIgniter->handleRequest(null, Object(Config\Cache), false)
 4 FCPATH\index.php(79): CodeIgniter\CodeIgniter->run()
INFO - 2023-10-26 12:35:26 --> Session: Class initialized using 'CodeIgniter\Session\Handlers\FileHandler' driver.
WARNING - 2023-10-26 12:38:59 --> [DEPRECATED] Creation of dynamic property App\Controllers\Unidades::$unidades is deprecated in APPPATH\Controllers\Unidades.php on line 9.
 1 SYSTEMPATH\CodeIgniter.php(891): App\Controllers\Unidades->__construct()
 2 SYSTEMPATH\CodeIgniter.php(485): CodeIgniter\CodeIgniter->createController()
 3 SYSTEMPATH\CodeIgniter.php(353): CodeIgniter\CodeIgniter->handleRequest(null, Object(Config\Cache), false)
 4 FCPATH\index.php(79): CodeIgniter\CodeIgniter->run()
INFO - 2023-10-26 12:38:59 --> Session: Class initialized using 'CodeIgniter\Session\Handlers\FileHandler' driver.
WARNING - 2023-10-26 12:39:01 --> [DEPRECATED] Creation of dynamic property App\Controllers\Unidades::$unidades is deprecated in APPPATH\Controllers\Unidades.php on line 9.
 1 SYSTEMPATH\CodeIgniter.php(891): App\Controllers\Unidades->__construct()
 2 SYSTEMPATH\CodeIgniter.php(485): CodeIgniter\CodeIgniter->createController()
 3 SYSTEMPATH\CodeIgniter.php(353): CodeIgniter\CodeIgniter->handleRequest(null, Object(Config\Cache), false)
 4 FCPATH\index.php(79): CodeIgniter\CodeIgniter->run()
INFO - 2023-10-26 12:39:01 --> Session: Class initialized using 'CodeIgniter\Session\Handlers\FileHandler' driver.
WARNING - 2023-10-26 12:41:40 --> [DEPRECATED] Creation of dynamic property App\Controllers\Unidades::$unidades is deprecated in APPPATH\Controllers\Unidades.php on line 9.
 1 SYSTEMPATH\CodeIgniter.php(891): App\Controllers\Unidades->__construct()
 2 SYSTEMPATH\CodeIgniter.php(485): CodeIgniter\CodeIgniter->createController()
 3 SYSTEMPATH\CodeIgniter.php(353): CodeIgniter\CodeIgniter->handleRequest(null, Object(Config\Cache), false)
 4 FCPATH\index.php(79): CodeIgniter\CodeIgniter->run()
INFO - 2023-10-26 12:41:40 --> Session: Class initialized using 'CodeIgniter\Session\Handlers\FileHandler' driver.
INFO - 2023-10-26 12:41:42 --> Session: Class initialized using 'CodeIgniter\Session\Handlers\FileHandler' driver.
INFO - 2023-10-26 12:41:48 --> Session: Class initialized using 'CodeIgniter\Session\Handlers\FileHandler' driver.
INFO - 2023-10-26 12:44:49 --> Session: Class initialized using 'CodeIgniter\Session\Handlers\FileHandler' driver.
WARNING - 2023-10-26 12:45:01 --> [DEPRECATED] Creation of dynamic property App\Controllers\Unidades::$unidades is deprecated in APPPATH\Controllers\Unidades.php on line 9.
 1 SYSTEMPATH\CodeIgniter.php(891): App\Controllers\Unidades->__construct()
 2 SYSTEMPATH\CodeIgniter.php(485): CodeIgniter\CodeIgniter->createController()
 3 SYSTEMPATH\CodeIgniter.php(353): CodeIgniter\CodeIgniter->handleRequest(null, Object(Config\Cache), false)
 4 FCPATH\index.php(79): CodeIgniter\CodeIgniter->run()
INFO - 2023-10-26 12:45:01 --> Session: Class initialized using 'CodeIgniter\Session\Handlers\FileHandler' driver.
WARNING - 2023-10-26 12:45:08 --> [DEPRECATED] Creation of dynamic property App\Controllers\Unidades::$unidades is deprecated in APPPATH\Controllers\Unidades.php on line 9.
 1 SYSTEMPATH\CodeIgniter.php(891): App\Controllers\Unidades->__construct()
 2 SYSTEMPATH\CodeIgniter.php(485): CodeIgniter\CodeIgniter->createController()
 3 SYSTEMPATH\CodeIgniter.php(353): CodeIgniter\CodeIgniter->handleRequest(null, Object(Config\Cache), false)
 4 FCPATH\index.php(79): CodeIgniter\CodeIgniter->run()
INFO - 2023-10-26 12:45:08 --> Session: Class initialized using 'CodeIgniter\Session\Handlers\FileHandler' driver.
WARNING - 2023-10-26 12:45:52 --> [DEPRECATED] Creation of dynamic property App\Controllers\Unidades::$unidades is deprecated in APPPATH\Controllers\Unidades.php on line 9.
 1 SYSTEMPATH\CodeIgniter.php(891): App\Controllers\Unidades->__construct()
 2 SYSTEMPATH\CodeIgniter.php(485): CodeIgniter\CodeIgniter->createController()
 3 SYSTEMPATH\CodeIgniter.php(353): CodeIgniter\CodeIgniter->handleRequest(null, Object(Config\Cache), false)
 4 FCPATH\index.php(79): CodeIgniter\CodeIgniter->run()
INFO - 2023-10-26 12:45:52 --> Session: Class initialized using 'CodeIgniter\Session\Handlers\FileHandler' driver.
WARNING - 2023-10-26 12:45:54 --> [DEPRECATED] Creation of dynamic property App\Controllers\Unidades::$unidades is deprecated in APPPATH\Controllers\Unidades.php on line 9.
 1 SYSTEMPATH\CodeIgniter.php(891): App\Controllers\Unidades->__construct()
 2 SYSTEMPATH\CodeIgniter.php(485): CodeIgniter\CodeIgniter->createController()
 3 SYSTEMPATH\CodeIgniter.php(353): CodeIgniter\CodeIgniter->handleRequest(null, Object(Config\Cache), false)
 4 FCPATH\index.php(79): CodeIgniter\CodeIgniter->run()
INFO - 2023-10-26 12:45:54 --> Session: Class initialized using 'CodeIgniter\Session\Handlers\FileHandler' driver.
WARNING - 2023-10-26 12:46:15 --> [DEPRECATED] Creation of dynamic property App\Controllers\Unidades::$unidades is deprecated in APPPATH\Controllers\Unidades.php on line 9.
 1 SYSTEMPATH\CodeIgniter.php(891): App\Controllers\Unidades->__construct()
 2 SYSTEMPATH\CodeIgniter.php(485): CodeIgniter\CodeIgniter->createController()
 3 SYSTEMPATH\CodeIgniter.php(353): CodeIgniter\CodeIgniter->handleRequest(null, Object(Config\Cache), false)
 4 FCPATH\index.php(79): CodeIgniter\CodeIgniter->run()
INFO - 2023-10-26 12:46:15 --> Session: Class initialized using 'CodeIgniter\Session\Handlers\FileHandler' driver.
WARNING - 2023-10-26 12:46:18 --> [DEPRECATED] Creation of dynamic property App\Controllers\Unidades::$unidades is deprecated in APPPATH\Controllers\Unidades.php on line 9.
 1 SYSTEMPATH\CodeIgniter.php(891): App\Controllers\Unidades->__construct()
 2 SYSTEMPATH\CodeIgniter.php(485): CodeIgniter\CodeIgniter->createController()
 3 SYSTEMPATH\CodeIgniter.php(353): CodeIgniter\CodeIgniter->handleRequest(null, Object(Config\Cache), false)
 4 FCPATH\index.php(79): CodeIgniter\CodeIgniter->run()
INFO - 2023-10-26 12:46:18 --> Session: Class initialized using 'CodeIgniter\Session\Handlers\FileHandler' driver.
INFO - 2023-10-26 12:46:20 --> Session: Class initialized using 'CodeIgniter\Session\Handlers\FileHandler' driver.
INFO - 2023-10-26 12:49:46 --> Session: Class initialized using 'CodeIgniter\Session\Handlers\FileHandler' driver.
WARNING - 2023-10-26 12:49:50 --> [DEPRECATED] Creation of dynamic property App\Controllers\Categorias::$unidades is deprecated in APPPATH\Controllers\Categorias.php on line 9.
 1 SYSTEMPATH\CodeIgniter.php(891): App\Controllers\Categorias->__construct()
 2 SYSTEMPATH\CodeIgniter.php(485): CodeIgniter\CodeIgniter->createController()
 3 SYSTEMPATH\CodeIgniter.php(353): CodeIgniter\CodeIgniter->handleRequest(null, Object(Config\Cache), false)
 4 FCPATH\index.php(79): CodeIgniter\CodeIgniter->run()
INFO - 2023-10-26 12:49:50 --> Session: Class initialized using 'CodeIgniter\Session\Handlers\FileHandler' driver.
WARNING - 2023-10-26 12:51:32 --> [DEPRECATED] Creation of dynamic property App\Controllers\Categorias::$unidades is deprecated in APPPATH\Controllers\Categorias.php on line 9.
 1 SYSTEMPATH\CodeIgniter.php(891): App\Controllers\Categorias->__construct()
 2 SYSTEMPATH\CodeIgniter.php(485): CodeIgniter\CodeIgniter->createController()
 3 SYSTEMPATH\CodeIgniter.php(353): CodeIgniter\CodeIgniter->handleRequest(null, Object(Config\Cache), false)
 4 FCPATH\index.php(79): CodeIgniter\CodeIgniter->run()
INFO - 2023-10-26 12:51:32 --> Session: Class initialized using 'CodeIgniter\Session\Handlers\FileHandler' driver.
