WARNING - 2023-11-16 12:27:25 --> [DEPRECATED] Creation of dynamic property App\Controllers\Compras::$compras is deprecated in APPPATH\Controllers\Compras.php on line 11.
 1 SYSTEMPATH\CodeIgniter.php(891): App\Controllers\Compras->__construct()
 2 SYSTEMPATH\CodeIgniter.php(485): CodeIgniter\CodeIgniter->createController()
 3 SYSTEMPATH\CodeIgniter.php(353): CodeIgniter\CodeIgniter->handleRequest(null, Object(Config\Cache), false)
 4 FCPATH\index.php(79): CodeIgniter\CodeIgniter->run()
INFO - 2023-11-16 12:27:25 --> Session: Class initialized using 'CodeIgniter\Session\Handlers\FileHandler' driver.
WARNING - 2023-11-16 12:37:40 --> [DEPRECATED] Creation of dynamic property App\Controllers\Compras::$compras is deprecated in APPPATH\Controllers\Compras.php on line 11.
 1 SYSTEMPATH\CodeIgniter.php(891): App\Controllers\Compras->__construct()
 2 SYSTEMPATH\CodeIgniter.php(485): CodeIgniter\CodeIgniter->createController()
 3 SYSTEMPATH\CodeIgniter.php(353): CodeIgniter\CodeIgniter->handleRequest(null, Object(Config\Cache), false)
 4 FCPATH\index.php(79): CodeIgniter\CodeIgniter->run()
INFO - 2023-11-16 12:37:40 --> Session: Class initialized using 'CodeIgniter\Session\Handlers\FileHandler' driver.
WARNING - 2023-11-16 12:37:41 --> [DEPRECATED] Creation of dynamic property App\Controllers\Compras::$compras is deprecated in APPPATH\Controllers\Compras.php on line 11.
 1 SYSTEMPATH\CodeIgniter.php(891): App\Controllers\Compras->__construct()
 2 SYSTEMPATH\CodeIgniter.php(485): CodeIgniter\CodeIgniter->createController()
 3 SYSTEMPATH\CodeIgniter.php(353): CodeIgniter\CodeIgniter->handleRequest(null, Object(Config\Cache), false)
 4 FCPATH\index.php(79): CodeIgniter\CodeIgniter->run()
INFO - 2023-11-16 12:37:41 --> Session: Class initialized using 'CodeIgniter\Session\Handlers\FileHandler' driver.
WARNING - 2023-11-16 12:45:17 --> [DEPRECATED] Creation of dynamic property App\Controllers\Compras::$compras is deprecated in APPPATH\Controllers\Compras.php on line 11.
 1 SYSTEMPATH\CodeIgniter.php(891): App\Controllers\Compras->__construct()
 2 SYSTEMPATH\CodeIgniter.php(485): CodeIgniter\CodeIgniter->createController()
 3 SYSTEMPATH\CodeIgniter.php(353): CodeIgniter\CodeIgniter->handleRequest(null, Object(Config\Cache), false)
 4 FCPATH\index.php(79): CodeIgniter\CodeIgniter->run()
INFO - 2023-11-16 12:45:17 --> Session: Class initialized using 'CodeIgniter\Session\Handlers\FileHandler' driver.
WARNING - 2023-11-16 12:52:38 --> [DEPRECATED] Creation of dynamic property App\Controllers\Compras::$compras is deprecated in APPPATH\Controllers\Compras.php on line 11.
 1 SYSTEMPATH\CodeIgniter.php(891): App\Controllers\Compras->__construct()
 2 SYSTEMPATH\CodeIgniter.php(485): CodeIgniter\CodeIgniter->createController()
 3 SYSTEMPATH\CodeIgniter.php(353): CodeIgniter\CodeIgniter->handleRequest(null, Object(Config\Cache), false)
 4 FCPATH\index.php(79): CodeIgniter\CodeIgniter->run()
INFO - 2023-11-16 12:52:38 --> Session: Class initialized using 'CodeIgniter\Session\Handlers\FileHandler' driver.
WARNING - 2023-11-16 12:53:06 --> [DEPRECATED] Creation of dynamic property App\Controllers\Compras::$compras is deprecated in APPPATH\Controllers\Compras.php on line 11.
 1 SYSTEMPATH\CodeIgniter.php(891): App\Controllers\Compras->__construct()
 2 SYSTEMPATH\CodeIgniter.php(485): CodeIgniter\CodeIgniter->createController()
 3 SYSTEMPATH\CodeIgniter.php(353): CodeIgniter\CodeIgniter->handleRequest(null, Object(Config\Cache), false)
 4 FCPATH\index.php(79): CodeIgniter\CodeIgniter->run()
INFO - 2023-11-16 12:53:06 --> Session: Class initialized using 'CodeIgniter\Session\Handlers\FileHandler' driver.
WARNING - 2023-11-16 12:54:36 --> [DEPRECATED] Creation of dynamic property App\Controllers\Compras::$compras is deprecated in APPPATH\Controllers\Compras.php on line 11.
 1 SYSTEMPATH\CodeIgniter.php(891): App\Controllers\Compras->__construct()
 2 SYSTEMPATH\CodeIgniter.php(485): CodeIgniter\CodeIgniter->createController()
 3 SYSTEMPATH\CodeIgniter.php(353): CodeIgniter\CodeIgniter->handleRequest(null, Object(Config\Cache), false)
 4 FCPATH\index.php(79): CodeIgniter\CodeIgniter->run()
INFO - 2023-11-16 12:54:36 --> Session: Class initialized using 'CodeIgniter\Session\Handlers\FileHandler' driver.
WARNING - 2023-11-16 13:26:03 --> [DEPRECATED] Creation of dynamic property App\Controllers\Compras::$compras is deprecated in APPPATH\Controllers\Compras.php on line 11.
 1 SYSTEMPATH\CodeIgniter.php(891): App\Controllers\Compras->__construct()
 2 SYSTEMPATH\CodeIgniter.php(485): CodeIgniter\CodeIgniter->createController()
 3 SYSTEMPATH\CodeIgniter.php(353): CodeIgniter\CodeIgniter->handleRequest(null, Object(Config\Cache), false)
 4 FCPATH\index.php(79): CodeIgniter\CodeIgniter->run()
INFO - 2023-11-16 13:26:03 --> Session: Class initialized using 'CodeIgniter\Session\Handlers\FileHandler' driver.
WARNING - 2023-11-16 13:29:59 --> [DEPRECATED] Creation of dynamic property App\Controllers\Compras::$compras is deprecated in APPPATH\Controllers\Compras.php on line 11.
 1 SYSTEMPATH\CodeIgniter.php(891): App\Controllers\Compras->__construct()
 2 SYSTEMPATH\CodeIgniter.php(485): CodeIgniter\CodeIgniter->createController()
 3 SYSTEMPATH\CodeIgniter.php(353): CodeIgniter\CodeIgniter->handleRequest(null, Object(Config\Cache), false)
 4 FCPATH\index.php(79): CodeIgniter\CodeIgniter->run()
INFO - 2023-11-16 13:29:59 --> Session: Class initialized using 'CodeIgniter\Session\Handlers\FileHandler' driver.
WARNING - 2023-11-16 13:30:00 --> [DEPRECATED] Creation of dynamic property App\Controllers\Compras::$compras is deprecated in APPPATH\Controllers\Compras.php on line 11.
 1 SYSTEMPATH\CodeIgniter.php(891): App\Controllers\Compras->__construct()
 2 SYSTEMPATH\CodeIgniter.php(485): CodeIgniter\CodeIgniter->createController()
 3 SYSTEMPATH\CodeIgniter.php(353): CodeIgniter\CodeIgniter->handleRequest(null, Object(Config\Cache), false)
 4 FCPATH\index.php(79): CodeIgniter\CodeIgniter->run()
INFO - 2023-11-16 13:30:00 --> Session: Class initialized using 'CodeIgniter\Session\Handlers\FileHandler' driver.
WARNING - 2023-11-16 13:31:29 --> [DEPRECATED] Creation of dynamic property App\Controllers\Compras::$compras is deprecated in APPPATH\Controllers\Compras.php on line 11.
 1 SYSTEMPATH\CodeIgniter.php(891): App\Controllers\Compras->__construct()
 2 SYSTEMPATH\CodeIgniter.php(485): CodeIgniter\CodeIgniter->createController()
 3 SYSTEMPATH\CodeIgniter.php(353): CodeIgniter\CodeIgniter->handleRequest(null, Object(Config\Cache), false)
 4 FCPATH\index.php(79): CodeIgniter\CodeIgniter->run()
INFO - 2023-11-16 13:31:29 --> Session: Class initialized using 'CodeIgniter\Session\Handlers\FileHandler' driver.
WARNING - 2023-11-16 13:36:35 --> [DEPRECATED] Creation of dynamic property App\Controllers\Compras::$compras is deprecated in APPPATH\Controllers\Compras.php on line 11.
 1 SYSTEMPATH\CodeIgniter.php(891): App\Controllers\Compras->__construct()
 2 SYSTEMPATH\CodeIgniter.php(485): CodeIgniter\CodeIgniter->createController()
 3 SYSTEMPATH\CodeIgniter.php(353): CodeIgniter\CodeIgniter->handleRequest(null, Object(Config\Cache), false)
 4 FCPATH\index.php(79): CodeIgniter\CodeIgniter->run()
INFO - 2023-11-16 13:36:35 --> Session: Class initialized using 'CodeIgniter\Session\Handlers\FileHandler' driver.
WARNING - 2023-11-16 13:36:40 --> [DEPRECATED] Creation of dynamic property App\Controllers\Compras::$compras is deprecated in APPPATH\Controllers\Compras.php on line 11.
 1 SYSTEMPATH\CodeIgniter.php(891): App\Controllers\Compras->__construct()
 2 SYSTEMPATH\CodeIgniter.php(485): CodeIgniter\CodeIgniter->createController()
 3 SYSTEMPATH\CodeIgniter.php(353): CodeIgniter\CodeIgniter->handleRequest(null, Object(Config\Cache), false)
 4 FCPATH\index.php(79): CodeIgniter\CodeIgniter->run()
INFO - 2023-11-16 13:36:40 --> Session: Class initialized using 'CodeIgniter\Session\Handlers\FileHandler' driver.
WARNING - 2023-11-16 13:37:02 --> [DEPRECATED] Creation of dynamic property App\Controllers\Compras::$compras is deprecated in APPPATH\Controllers\Compras.php on line 11.
 1 SYSTEMPATH\CodeIgniter.php(891): App\Controllers\Compras->__construct()
 2 SYSTEMPATH\CodeIgniter.php(485): CodeIgniter\CodeIgniter->createController()
 3 SYSTEMPATH\CodeIgniter.php(353): CodeIgniter\CodeIgniter->handleRequest(null, Object(Config\Cache), false)
 4 FCPATH\index.php(79): CodeIgniter\CodeIgniter->run()
INFO - 2023-11-16 13:37:02 --> Session: Class initialized using 'CodeIgniter\Session\Handlers\FileHandler' driver.
WARNING - 2023-11-16 13:46:58 --> [DEPRECATED] Creation of dynamic property App\Controllers\Compras::$compras is deprecated in APPPATH\Controllers\Compras.php on line 11.
 1 SYSTEMPATH\CodeIgniter.php(891): App\Controllers\Compras->__construct()
 2 SYSTEMPATH\CodeIgniter.php(485): CodeIgniter\CodeIgniter->createController()
 3 SYSTEMPATH\CodeIgniter.php(353): CodeIgniter\CodeIgniter->handleRequest(null, Object(Config\Cache), false)
 4 FCPATH\index.php(79): CodeIgniter\CodeIgniter->run()
INFO - 2023-11-16 13:46:58 --> Session: Class initialized using 'CodeIgniter\Session\Handlers\FileHandler' driver.
WARNING - 2023-11-16 13:48:55 --> [DEPRECATED] Creation of dynamic property App\Controllers\Compras::$compras is deprecated in APPPATH\Controllers\Compras.php on line 11.
 1 SYSTEMPATH\CodeIgniter.php(891): App\Controllers\Compras->__construct()
 2 SYSTEMPATH\CodeIgniter.php(485): CodeIgniter\CodeIgniter->createController()
 3 SYSTEMPATH\CodeIgniter.php(353): CodeIgniter\CodeIgniter->handleRequest(null, Object(Config\Cache), false)
 4 FCPATH\index.php(79): CodeIgniter\CodeIgniter->run()
INFO - 2023-11-16 13:48:55 --> Session: Class initialized using 'CodeIgniter\Session\Handlers\FileHandler' driver.
WARNING - 2023-11-16 13:49:57 --> [DEPRECATED] Creation of dynamic property App\Controllers\Compras::$compras is deprecated in APPPATH\Controllers\Compras.php on line 11.
 1 SYSTEMPATH\CodeIgniter.php(891): App\Controllers\Compras->__construct()
 2 SYSTEMPATH\CodeIgniter.php(485): CodeIgniter\CodeIgniter->createController()
 3 SYSTEMPATH\CodeIgniter.php(353): CodeIgniter\CodeIgniter->handleRequest(null, Object(Config\Cache), false)
 4 FCPATH\index.php(79): CodeIgniter\CodeIgniter->run()
INFO - 2023-11-16 13:49:57 --> Session: Class initialized using 'CodeIgniter\Session\Handlers\FileHandler' driver.
WARNING - 2023-11-16 13:50:36 --> [DEPRECATED] Creation of dynamic property App\Controllers\Compras::$compras is deprecated in APPPATH\Controllers\Compras.php on line 11.
 1 SYSTEMPATH\CodeIgniter.php(891): App\Controllers\Compras->__construct()
 2 SYSTEMPATH\CodeIgniter.php(485): CodeIgniter\CodeIgniter->createController()
 3 SYSTEMPATH\CodeIgniter.php(353): CodeIgniter\CodeIgniter->handleRequest(null, Object(Config\Cache), false)
 4 FCPATH\index.php(79): CodeIgniter\CodeIgniter->run()
INFO - 2023-11-16 13:50:36 --> Session: Class initialized using 'CodeIgniter\Session\Handlers\FileHandler' driver.
WARNING - 2023-11-16 13:51:24 --> [DEPRECATED] Creation of dynamic property App\Controllers\Compras::$compras is deprecated in APPPATH\Controllers\Compras.php on line 11.
 1 SYSTEMPATH\CodeIgniter.php(891): App\Controllers\Compras->__construct()
 2 SYSTEMPATH\CodeIgniter.php(485): CodeIgniter\CodeIgniter->createController()
 3 SYSTEMPATH\CodeIgniter.php(353): CodeIgniter\CodeIgniter->handleRequest(null, Object(Config\Cache), false)
 4 FCPATH\index.php(79): CodeIgniter\CodeIgniter->run()
INFO - 2023-11-16 13:51:24 --> Session: Class initialized using 'CodeIgniter\Session\Handlers\FileHandler' driver.
WARNING - 2023-11-16 13:52:54 --> [DEPRECATED] Creation of dynamic property App\Controllers\Compras::$compras is deprecated in APPPATH\Controllers\Compras.php on line 11.
 1 SYSTEMPATH\CodeIgniter.php(891): App\Controllers\Compras->__construct()
 2 SYSTEMPATH\CodeIgniter.php(485): CodeIgniter\CodeIgniter->createController()
 3 SYSTEMPATH\CodeIgniter.php(353): CodeIgniter\CodeIgniter->handleRequest(null, Object(Config\Cache), false)
 4 FCPATH\index.php(79): CodeIgniter\CodeIgniter->run()
INFO - 2023-11-16 13:52:54 --> Session: Class initialized using 'CodeIgniter\Session\Handlers\FileHandler' driver.
WARNING - 2023-11-16 13:57:52 --> [DEPRECATED] Creation of dynamic property App\Controllers\Compras::$compras is deprecated in APPPATH\Controllers\Compras.php on line 11.
 1 SYSTEMPATH\CodeIgniter.php(891): App\Controllers\Compras->__construct()
 2 SYSTEMPATH\CodeIgniter.php(485): CodeIgniter\CodeIgniter->createController()
 3 SYSTEMPATH\CodeIgniter.php(353): CodeIgniter\CodeIgniter->handleRequest(null, Object(Config\Cache), false)
 4 FCPATH\index.php(79): CodeIgniter\CodeIgniter->run()
INFO - 2023-11-16 13:57:52 --> Session: Class initialized using 'CodeIgniter\Session\Handlers\FileHandler' driver.
WARNING - 2023-11-16 13:58:47 --> [DEPRECATED] Creation of dynamic property App\Controllers\Compras::$compras is deprecated in APPPATH\Controllers\Compras.php on line 11.
 1 SYSTEMPATH\CodeIgniter.php(891): App\Controllers\Compras->__construct()
 2 SYSTEMPATH\CodeIgniter.php(485): CodeIgniter\CodeIgniter->createController()
 3 SYSTEMPATH\CodeIgniter.php(353): CodeIgniter\CodeIgniter->handleRequest(null, Object(Config\Cache), false)
 4 FCPATH\index.php(79): CodeIgniter\CodeIgniter->run()
INFO - 2023-11-16 13:58:47 --> Session: Class initialized using 'CodeIgniter\Session\Handlers\FileHandler' driver.
WARNING - 2023-11-16 14:06:20 --> [DEPRECATED] Creation of dynamic property App\Controllers\Compras::$compras is deprecated in APPPATH\Controllers\Compras.php on line 12.
 1 SYSTEMPATH\CodeIgniter.php(891): App\Controllers\Compras->__construct()
 2 SYSTEMPATH\CodeIgniter.php(485): CodeIgniter\CodeIgniter->createController()
 3 SYSTEMPATH\CodeIgniter.php(353): CodeIgniter\CodeIgniter->handleRequest(null, Object(Config\Cache), false)
 4 FCPATH\index.php(79): CodeIgniter\CodeIgniter->run()
INFO - 2023-11-16 14:06:20 --> Session: Class initialized using 'CodeIgniter\Session\Handlers\FileHandler' driver.
WARNING - 2023-11-16 14:06:21 --> [DEPRECATED] Creation of dynamic property App\Controllers\Compras::$compras is deprecated in APPPATH\Controllers\Compras.php on line 12.
 1 SYSTEMPATH\CodeIgniter.php(891): App\Controllers\Compras->__construct()
 2 SYSTEMPATH\CodeIgniter.php(485): CodeIgniter\CodeIgniter->createController()
 3 SYSTEMPATH\CodeIgniter.php(353): CodeIgniter\CodeIgniter->handleRequest(null, Object(Config\Cache), false)
 4 FCPATH\index.php(79): CodeIgniter\CodeIgniter->run()
INFO - 2023-11-16 14:06:21 --> Session: Class initialized using 'CodeIgniter\Session\Handlers\FileHandler' driver.
WARNING - 2023-11-16 14:06:56 --> [DEPRECATED] Creation of dynamic property App\Controllers\Compras::$compras is deprecated in APPPATH\Controllers\Compras.php on line 12.
 1 SYSTEMPATH\CodeIgniter.php(891): App\Controllers\Compras->__construct()
 2 SYSTEMPATH\CodeIgniter.php(485): CodeIgniter\CodeIgniter->createController()
 3 SYSTEMPATH\CodeIgniter.php(353): CodeIgniter\CodeIgniter->handleRequest(null, Object(Config\Cache), false)
 4 FCPATH\index.php(79): CodeIgniter\CodeIgniter->run()
INFO - 2023-11-16 14:06:56 --> Session: Class initialized using 'CodeIgniter\Session\Handlers\FileHandler' driver.
WARNING - 2023-11-16 14:07:37 --> [DEPRECATED] Creation of dynamic property App\Controllers\Compras::$compras is deprecated in APPPATH\Controllers\Compras.php on line 12.
 1 SYSTEMPATH\CodeIgniter.php(891): App\Controllers\Compras->__construct()
 2 SYSTEMPATH\CodeIgniter.php(485): CodeIgniter\CodeIgniter->createController()
 3 SYSTEMPATH\CodeIgniter.php(353): CodeIgniter\CodeIgniter->handleRequest(null, Object(Config\Cache), false)
 4 FCPATH\index.php(79): CodeIgniter\CodeIgniter->run()
INFO - 2023-11-16 14:07:37 --> Session: Class initialized using 'CodeIgniter\Session\Handlers\FileHandler' driver.
WARNING - 2023-11-16 14:08:19 --> [DEPRECATED] Creation of dynamic property App\Controllers\Compras::$compras is deprecated in APPPATH\Controllers\Compras.php on line 12.
 1 SYSTEMPATH\CodeIgniter.php(891): App\Controllers\Compras->__construct()
 2 SYSTEMPATH\CodeIgniter.php(485): CodeIgniter\CodeIgniter->createController()
 3 SYSTEMPATH\CodeIgniter.php(353): CodeIgniter\CodeIgniter->handleRequest(null, Object(Config\Cache), false)
 4 FCPATH\index.php(79): CodeIgniter\CodeIgniter->run()
INFO - 2023-11-16 14:08:19 --> Session: Class initialized using 'CodeIgniter\Session\Handlers\FileHandler' driver.
WARNING - 2023-11-16 14:09:19 --> [DEPRECATED] Creation of dynamic property App\Controllers\Compras::$compras is deprecated in APPPATH\Controllers\Compras.php on line 12.
 1 SYSTEMPATH\CodeIgniter.php(891): App\Controllers\Compras->__construct()
 2 SYSTEMPATH\CodeIgniter.php(485): CodeIgniter\CodeIgniter->createController()
 3 SYSTEMPATH\CodeIgniter.php(353): CodeIgniter\CodeIgniter->handleRequest(null, Object(Config\Cache), false)
 4 FCPATH\index.php(79): CodeIgniter\CodeIgniter->run()
INFO - 2023-11-16 14:09:19 --> Session: Class initialized using 'CodeIgniter\Session\Handlers\FileHandler' driver.
WARNING - 2023-11-16 14:10:56 --> [DEPRECATED] Creation of dynamic property App\Controllers\Compras::$compras is deprecated in APPPATH\Controllers\Compras.php on line 12.
 1 SYSTEMPATH\CodeIgniter.php(891): App\Controllers\Compras->__construct()
 2 SYSTEMPATH\CodeIgniter.php(485): CodeIgniter\CodeIgniter->createController()
 3 SYSTEMPATH\CodeIgniter.php(353): CodeIgniter\CodeIgniter->handleRequest(null, Object(Config\Cache), false)
 4 FCPATH\index.php(79): CodeIgniter\CodeIgniter->run()
INFO - 2023-11-16 14:10:56 --> Session: Class initialized using 'CodeIgniter\Session\Handlers\FileHandler' driver.
WARNING - 2023-11-16 14:11:27 --> [DEPRECATED] Creation of dynamic property App\Controllers\Compras::$compras is deprecated in APPPATH\Controllers\Compras.php on line 12.
 1 SYSTEMPATH\CodeIgniter.php(891): App\Controllers\Compras->__construct()
 2 SYSTEMPATH\CodeIgniter.php(485): CodeIgniter\CodeIgniter->createController()
 3 SYSTEMPATH\CodeIgniter.php(353): CodeIgniter\CodeIgniter->handleRequest(null, Object(Config\Cache), false)
 4 FCPATH\index.php(79): CodeIgniter\CodeIgniter->run()
INFO - 2023-11-16 14:11:27 --> Session: Class initialized using 'CodeIgniter\Session\Handlers\FileHandler' driver.
WARNING - 2023-11-16 14:11:34 --> [DEPRECATED] Creation of dynamic property App\Controllers\Compras::$compras is deprecated in APPPATH\Controllers\Compras.php on line 12.
 1 SYSTEMPATH\CodeIgniter.php(891): App\Controllers\Compras->__construct()
 2 SYSTEMPATH\CodeIgniter.php(485): CodeIgniter\CodeIgniter->createController()
 3 SYSTEMPATH\CodeIgniter.php(353): CodeIgniter\CodeIgniter->handleRequest(null, Object(Config\Cache), false)
 4 FCPATH\index.php(79): CodeIgniter\CodeIgniter->run()
INFO - 2023-11-16 14:11:34 --> Session: Class initialized using 'CodeIgniter\Session\Handlers\FileHandler' driver.
WARNING - 2023-11-16 14:12:14 --> [DEPRECATED] Creation of dynamic property App\Controllers\Compras::$compras is deprecated in APPPATH\Controllers\Compras.php on line 12.
 1 SYSTEMPATH\CodeIgniter.php(891): App\Controllers\Compras->__construct()
 2 SYSTEMPATH\CodeIgniter.php(485): CodeIgniter\CodeIgniter->createController()
 3 SYSTEMPATH\CodeIgniter.php(353): CodeIgniter\CodeIgniter->handleRequest(null, Object(Config\Cache), false)
 4 FCPATH\index.php(79): CodeIgniter\CodeIgniter->run()
INFO - 2023-11-16 14:12:14 --> Session: Class initialized using 'CodeIgniter\Session\Handlers\FileHandler' driver.
WARNING - 2023-11-16 14:13:02 --> [DEPRECATED] Creation of dynamic property App\Controllers\Compras::$compras is deprecated in APPPATH\Controllers\Compras.php on line 12.
 1 SYSTEMPATH\CodeIgniter.php(891): App\Controllers\Compras->__construct()
 2 SYSTEMPATH\CodeIgniter.php(485): CodeIgniter\CodeIgniter->createController()
 3 SYSTEMPATH\CodeIgniter.php(353): CodeIgniter\CodeIgniter->handleRequest(null, Object(Config\Cache), false)
 4 FCPATH\index.php(79): CodeIgniter\CodeIgniter->run()
INFO - 2023-11-16 14:13:02 --> Session: Class initialized using 'CodeIgniter\Session\Handlers\FileHandler' driver.
WARNING - 2023-11-16 14:13:41 --> [DEPRECATED] Creation of dynamic property App\Controllers\Compras::$compras is deprecated in APPPATH\Controllers\Compras.php on line 12.
 1 SYSTEMPATH\CodeIgniter.php(891): App\Controllers\Compras->__construct()
 2 SYSTEMPATH\CodeIgniter.php(485): CodeIgniter\CodeIgniter->createController()
 3 SYSTEMPATH\CodeIgniter.php(353): CodeIgniter\CodeIgniter->handleRequest(null, Object(Config\Cache), false)
 4 FCPATH\index.php(79): CodeIgniter\CodeIgniter->run()
INFO - 2023-11-16 14:13:41 --> Session: Class initialized using 'CodeIgniter\Session\Handlers\FileHandler' driver.
WARNING - 2023-11-16 14:13:52 --> [DEPRECATED] Creation of dynamic property App\Controllers\Compras::$compras is deprecated in APPPATH\Controllers\Compras.php on line 12.
 1 SYSTEMPATH\CodeIgniter.php(891): App\Controllers\Compras->__construct()
 2 SYSTEMPATH\CodeIgniter.php(485): CodeIgniter\CodeIgniter->createController()
 3 SYSTEMPATH\CodeIgniter.php(353): CodeIgniter\CodeIgniter->handleRequest(null, Object(Config\Cache), false)
 4 FCPATH\index.php(79): CodeIgniter\CodeIgniter->run()
INFO - 2023-11-16 14:13:52 --> Session: Class initialized using 'CodeIgniter\Session\Handlers\FileHandler' driver.
INFO - 2023-11-16 17:55:01 --> Session: Class initialized using 'CodeIgniter\Session\Handlers\FileHandler' driver.
INFO - 2023-11-16 17:55:01 --> Session: Class initialized using 'CodeIgniter\Session\Handlers\FileHandler' driver.
INFO - 2023-11-16 17:55:03 --> Session: Class initialized using 'CodeIgniter\Session\Handlers\FileHandler' driver.
INFO - 2023-11-16 17:55:03 --> Session: Class initialized using 'CodeIgniter\Session\Handlers\FileHandler' driver.
WARNING - 2023-11-16 17:55:25 --> [DEPRECATED] Creation of dynamic property App\Controllers\Compras::$compras is deprecated in APPPATH\Controllers\Compras.php on line 12.
 1 SYSTEMPATH\CodeIgniter.php(891): App\Controllers\Compras->__construct()
 2 SYSTEMPATH\CodeIgniter.php(485): CodeIgniter\CodeIgniter->createController()
 3 SYSTEMPATH\CodeIgniter.php(353): CodeIgniter\CodeIgniter->handleRequest(null, Object(Config\Cache), false)
 4 FCPATH\index.php(79): CodeIgniter\CodeIgniter->run()
INFO - 2023-11-16 17:55:25 --> Session: Class initialized using 'CodeIgniter\Session\Handlers\FileHandler' driver.
WARNING - 2023-11-16 17:57:19 --> [DEPRECATED] Creation of dynamic property App\Controllers\Compras::$compras is deprecated in APPPATH\Controllers\Compras.php on line 12.
 1 SYSTEMPATH\CodeIgniter.php(891): App\Controllers\Compras->__construct()
 2 SYSTEMPATH\CodeIgniter.php(485): CodeIgniter\CodeIgniter->createController()
 3 SYSTEMPATH\CodeIgniter.php(353): CodeIgniter\CodeIgniter->handleRequest(null, Object(Config\Cache), false)
 4 FCPATH\index.php(79): CodeIgniter\CodeIgniter->run()
INFO - 2023-11-16 17:57:19 --> Session: Class initialized using 'CodeIgniter\Session\Handlers\FileHandler' driver.
WARNING - 2023-11-16 18:09:03 --> [DEPRECATED] Creation of dynamic property App\Controllers\Compras::$compras is deprecated in APPPATH\Controllers\Compras.php on line 12.
 1 SYSTEMPATH\CodeIgniter.php(891): App\Controllers\Compras->__construct()
 2 SYSTEMPATH\CodeIgniter.php(485): CodeIgniter\CodeIgniter->createController()
 3 SYSTEMPATH\CodeIgniter.php(353): CodeIgniter\CodeIgniter->handleRequest(null, Object(Config\Cache), false)
 4 FCPATH\index.php(79): CodeIgniter\CodeIgniter->run()
INFO - 2023-11-16 18:09:03 --> Session: Class initialized using 'CodeIgniter\Session\Handlers\FileHandler' driver.
WARNING - 2023-11-16 18:11:34 --> [DEPRECATED] Creation of dynamic property App\Controllers\Compras::$compras is deprecated in APPPATH\Controllers\Compras.php on line 12.
 1 SYSTEMPATH\CodeIgniter.php(891): App\Controllers\Compras->__construct()
 2 SYSTEMPATH\CodeIgniter.php(485): CodeIgniter\CodeIgniter->createController()
 3 SYSTEMPATH\CodeIgniter.php(353): CodeIgniter\CodeIgniter->handleRequest(null, Object(Config\Cache), false)
 4 FCPATH\index.php(79): CodeIgniter\CodeIgniter->run()
INFO - 2023-11-16 18:11:34 --> Session: Class initialized using 'CodeIgniter\Session\Handlers\FileHandler' driver.
WARNING - 2023-11-16 18:13:04 --> [DEPRECATED] Creation of dynamic property App\Controllers\Compras::$compras is deprecated in APPPATH\Controllers\Compras.php on line 12.
 1 SYSTEMPATH\CodeIgniter.php(891): App\Controllers\Compras->__construct()
 2 SYSTEMPATH\CodeIgniter.php(485): CodeIgniter\CodeIgniter->createController()
 3 SYSTEMPATH\CodeIgniter.php(353): CodeIgniter\CodeIgniter->handleRequest(null, Object(Config\Cache), false)
 4 FCPATH\index.php(79): CodeIgniter\CodeIgniter->run()
INFO - 2023-11-16 18:13:04 --> Session: Class initialized using 'CodeIgniter\Session\Handlers\FileHandler' driver.
WARNING - 2023-11-16 18:19:37 --> [DEPRECATED] Creation of dynamic property App\Controllers\Compras::$compras is deprecated in APPPATH\Controllers\Compras.php on line 12.
 1 SYSTEMPATH\CodeIgniter.php(891): App\Controllers\Compras->__construct()
 2 SYSTEMPATH\CodeIgniter.php(485): CodeIgniter\CodeIgniter->createController()
 3 SYSTEMPATH\CodeIgniter.php(353): CodeIgniter\CodeIgniter->handleRequest(null, Object(Config\Cache), false)
 4 FCPATH\index.php(79): CodeIgniter\CodeIgniter->run()
INFO - 2023-11-16 18:19:37 --> Session: Class initialized using 'CodeIgniter\Session\Handlers\FileHandler' driver.
WARNING - 2023-11-16 18:20:19 --> [DEPRECATED] Creation of dynamic property App\Controllers\Compras::$compras is deprecated in APPPATH\Controllers\Compras.php on line 12.
 1 SYSTEMPATH\CodeIgniter.php(891): App\Controllers\Compras->__construct()
 2 SYSTEMPATH\CodeIgniter.php(485): CodeIgniter\CodeIgniter->createController()
 3 SYSTEMPATH\CodeIgniter.php(353): CodeIgniter\CodeIgniter->handleRequest(null, Object(Config\Cache), false)
 4 FCPATH\index.php(79): CodeIgniter\CodeIgniter->run()
INFO - 2023-11-16 18:20:19 --> Session: Class initialized using 'CodeIgniter\Session\Handlers\FileHandler' driver.
WARNING - 2023-11-16 18:22:22 --> [DEPRECATED] Creation of dynamic property App\Controllers\Compras::$compras is deprecated in APPPATH\Controllers\Compras.php on line 12.
 1 SYSTEMPATH\CodeIgniter.php(891): App\Controllers\Compras->__construct()
 2 SYSTEMPATH\CodeIgniter.php(485): CodeIgniter\CodeIgniter->createController()
 3 SYSTEMPATH\CodeIgniter.php(353): CodeIgniter\CodeIgniter->handleRequest(null, Object(Config\Cache), false)
 4 FCPATH\index.php(79): CodeIgniter\CodeIgniter->run()
INFO - 2023-11-16 18:22:22 --> Session: Class initialized using 'CodeIgniter\Session\Handlers\FileHandler' driver.
WARNING - 2023-11-16 18:22:23 --> [DEPRECATED] Creation of dynamic property App\Controllers\Compras::$compras is deprecated in APPPATH\Controllers\Compras.php on line 12.
 1 SYSTEMPATH\CodeIgniter.php(891): App\Controllers\Compras->__construct()
 2 SYSTEMPATH\CodeIgniter.php(485): CodeIgniter\CodeIgniter->createController()
 3 SYSTEMPATH\CodeIgniter.php(353): CodeIgniter\CodeIgniter->handleRequest(null, Object(Config\Cache), false)
 4 FCPATH\index.php(79): CodeIgniter\CodeIgniter->run()
INFO - 2023-11-16 18:22:23 --> Session: Class initialized using 'CodeIgniter\Session\Handlers\FileHandler' driver.
WARNING - 2023-11-16 18:23:15 --> [DEPRECATED] Creation of dynamic property App\Controllers\Compras::$compras is deprecated in APPPATH\Controllers\Compras.php on line 12.
 1 SYSTEMPATH\CodeIgniter.php(891): App\Controllers\Compras->__construct()
 2 SYSTEMPATH\CodeIgniter.php(485): CodeIgniter\CodeIgniter->createController()
 3 SYSTEMPATH\CodeIgniter.php(353): CodeIgniter\CodeIgniter->handleRequest(null, Object(Config\Cache), false)
 4 FCPATH\index.php(79): CodeIgniter\CodeIgniter->run()
INFO - 2023-11-16 18:23:15 --> Session: Class initialized using 'CodeIgniter\Session\Handlers\FileHandler' driver.
WARNING - 2023-11-16 18:26:56 --> [DEPRECATED] Creation of dynamic property App\Controllers\Compras::$compras is deprecated in APPPATH\Controllers\Compras.php on line 12.
 1 SYSTEMPATH\CodeIgniter.php(891): App\Controllers\Compras->__construct()
 2 SYSTEMPATH\CodeIgniter.php(485): CodeIgniter\CodeIgniter->createController()
 3 SYSTEMPATH\CodeIgniter.php(353): CodeIgniter\CodeIgniter->handleRequest(null, Object(Config\Cache), false)
 4 FCPATH\index.php(79): CodeIgniter\CodeIgniter->run()
INFO - 2023-11-16 18:26:56 --> Session: Class initialized using 'CodeIgniter\Session\Handlers\FileHandler' driver.
WARNING - 2023-11-16 18:29:37 --> [DEPRECATED] Creation of dynamic property App\Controllers\Compras::$compras is deprecated in APPPATH\Controllers\Compras.php on line 12.
 1 SYSTEMPATH\CodeIgniter.php(891): App\Controllers\Compras->__construct()
 2 SYSTEMPATH\CodeIgniter.php(485): CodeIgniter\CodeIgniter->createController()
 3 SYSTEMPATH\CodeIgniter.php(353): CodeIgniter\CodeIgniter->handleRequest(null, Object(Config\Cache), false)
 4 FCPATH\index.php(79): CodeIgniter\CodeIgniter->run()
INFO - 2023-11-16 18:29:37 --> Session: Class initialized using 'CodeIgniter\Session\Handlers\FileHandler' driver.
WARNING - 2023-11-16 18:30:18 --> [DEPRECATED] Creation of dynamic property App\Controllers\Compras::$compras is deprecated in APPPATH\Controllers\Compras.php on line 12.
 1 SYSTEMPATH\CodeIgniter.php(891): App\Controllers\Compras->__construct()
 2 SYSTEMPATH\CodeIgniter.php(485): CodeIgniter\CodeIgniter->createController()
 3 SYSTEMPATH\CodeIgniter.php(353): CodeIgniter\CodeIgniter->handleRequest(null, Object(Config\Cache), false)
 4 FCPATH\index.php(79): CodeIgniter\CodeIgniter->run()
INFO - 2023-11-16 18:30:18 --> Session: Class initialized using 'CodeIgniter\Session\Handlers\FileHandler' driver.
WARNING - 2023-11-16 18:32:12 --> [DEPRECATED] Creation of dynamic property App\Controllers\Compras::$compras is deprecated in APPPATH\Controllers\Compras.php on line 12.
 1 SYSTEMPATH\CodeIgniter.php(891): App\Controllers\Compras->__construct()
 2 SYSTEMPATH\CodeIgniter.php(485): CodeIgniter\CodeIgniter->createController()
 3 SYSTEMPATH\CodeIgniter.php(353): CodeIgniter\CodeIgniter->handleRequest(null, Object(Config\Cache), false)
 4 FCPATH\index.php(79): CodeIgniter\CodeIgniter->run()
INFO - 2023-11-16 18:32:12 --> Session: Class initialized using 'CodeIgniter\Session\Handlers\FileHandler' driver.
WARNING - 2023-11-16 18:32:18 --> [DEPRECATED] Creation of dynamic property App\Controllers\Compras::$compras is deprecated in APPPATH\Controllers\Compras.php on line 12.
 1 SYSTEMPATH\CodeIgniter.php(891): App\Controllers\Compras->__construct()
 2 SYSTEMPATH\CodeIgniter.php(485): CodeIgniter\CodeIgniter->createController()
 3 SYSTEMPATH\CodeIgniter.php(353): CodeIgniter\CodeIgniter->handleRequest(null, Object(Config\Cache), false)
 4 FCPATH\index.php(79): CodeIgniter\CodeIgniter->run()
INFO - 2023-11-16 18:32:18 --> Session: Class initialized using 'CodeIgniter\Session\Handlers\FileHandler' driver.
WARNING - 2023-11-16 18:34:26 --> [DEPRECATED] Creation of dynamic property App\Controllers\Compras::$compras is deprecated in APPPATH\Controllers\Compras.php on line 12.
 1 SYSTEMPATH\CodeIgniter.php(891): App\Controllers\Compras->__construct()
 2 SYSTEMPATH\CodeIgniter.php(485): CodeIgniter\CodeIgniter->createController()
 3 SYSTEMPATH\CodeIgniter.php(353): CodeIgniter\CodeIgniter->handleRequest(null, Object(Config\Cache), false)
 4 FCPATH\index.php(79): CodeIgniter\CodeIgniter->run()
INFO - 2023-11-16 18:34:26 --> Session: Class initialized using 'CodeIgniter\Session\Handlers\FileHandler' driver.
INFO - 2023-11-16 18:34:36 --> Session: Class initialized using 'CodeIgniter\Session\Handlers\FileHandler' driver.
INFO - 2023-11-16 18:34:36 --> Session: Class initialized using 'CodeIgniter\Session\Handlers\FileHandler' driver.
INFO - 2023-11-16 18:34:38 --> Session: Class initialized using 'CodeIgniter\Session\Handlers\FileHandler' driver.
INFO - 2023-11-16 18:34:38 --> Session: Class initialized using 'CodeIgniter\Session\Handlers\FileHandler' driver.
WARNING - 2023-11-16 18:34:42 --> [DEPRECATED] Creation of dynamic property App\Controllers\Compras::$compras is deprecated in APPPATH\Controllers\Compras.php on line 12.
 1 SYSTEMPATH\CodeIgniter.php(891): App\Controllers\Compras->__construct()
 2 SYSTEMPATH\CodeIgniter.php(485): CodeIgniter\CodeIgniter->createController()
 3 SYSTEMPATH\CodeIgniter.php(353): CodeIgniter\CodeIgniter->handleRequest(null, Object(Config\Cache), false)
 4 FCPATH\index.php(79): CodeIgniter\CodeIgniter->run()
INFO - 2023-11-16 18:34:42 --> Session: Class initialized using 'CodeIgniter\Session\Handlers\FileHandler' driver.
WARNING - 2023-11-16 18:35:34 --> [DEPRECATED] Creation of dynamic property App\Controllers\Compras::$compras is deprecated in APPPATH\Controllers\Compras.php on line 12.
 1 SYSTEMPATH\CodeIgniter.php(891): App\Controllers\Compras->__construct()
 2 SYSTEMPATH\CodeIgniter.php(485): CodeIgniter\CodeIgniter->createController()
 3 SYSTEMPATH\CodeIgniter.php(353): CodeIgniter\CodeIgniter->handleRequest(null, Object(Config\Cache), false)
 4 FCPATH\index.php(79): CodeIgniter\CodeIgniter->run()
INFO - 2023-11-16 18:35:34 --> Session: Class initialized using 'CodeIgniter\Session\Handlers\FileHandler' driver.
WARNING - 2023-11-16 18:35:43 --> [DEPRECATED] Creation of dynamic property App\Controllers\Compras::$compras is deprecated in APPPATH\Controllers\Compras.php on line 12.
 1 SYSTEMPATH\CodeIgniter.php(891): App\Controllers\Compras->__construct()
 2 SYSTEMPATH\CodeIgniter.php(485): CodeIgniter\CodeIgniter->createController()
 3 SYSTEMPATH\CodeIgniter.php(353): CodeIgniter\CodeIgniter->handleRequest(null, Object(Config\Cache), false)
 4 FCPATH\index.php(79): CodeIgniter\CodeIgniter->run()
INFO - 2023-11-16 18:35:43 --> Session: Class initialized using 'CodeIgniter\Session\Handlers\FileHandler' driver.
INFO - 2023-11-16 18:38:29 --> Session: Class initialized using 'CodeIgniter\Session\Handlers\FileHandler' driver.
INFO - 2023-11-16 18:38:29 --> Session: Class initialized using 'CodeIgniter\Session\Handlers\FileHandler' driver.
INFO - 2023-11-16 18:38:31 --> Session: Class initialized using 'CodeIgniter\Session\Handlers\FileHandler' driver.
INFO - 2023-11-16 18:38:33 --> Session: Class initialized using 'CodeIgniter\Session\Handlers\FileHandler' driver.
INFO - 2023-11-16 18:38:33 --> Session: Class initialized using 'CodeIgniter\Session\Handlers\FileHandler' driver.
WARNING - 2023-11-16 18:38:36 --> [DEPRECATED] Creation of dynamic property App\Controllers\Compras::$compras is deprecated in APPPATH\Controllers\Compras.php on line 12.
 1 SYSTEMPATH\CodeIgniter.php(891): App\Controllers\Compras->__construct()
 2 SYSTEMPATH\CodeIgniter.php(485): CodeIgniter\CodeIgniter->createController()
 3 SYSTEMPATH\CodeIgniter.php(353): CodeIgniter\CodeIgniter->handleRequest(null, Object(Config\Cache), false)
 4 FCPATH\index.php(79): CodeIgniter\CodeIgniter->run()
INFO - 2023-11-16 18:38:36 --> Session: Class initialized using 'CodeIgniter\Session\Handlers\FileHandler' driver.
WARNING - 2023-11-16 18:41:50 --> [DEPRECATED] Creation of dynamic property App\Controllers\Compras::$compras is deprecated in APPPATH\Controllers\Compras.php on line 12.
 1 SYSTEMPATH\CodeIgniter.php(891): App\Controllers\Compras->__construct()
 2 SYSTEMPATH\CodeIgniter.php(485): CodeIgniter\CodeIgniter->createController()
 3 SYSTEMPATH\CodeIgniter.php(353): CodeIgniter\CodeIgniter->handleRequest(null, Object(Config\Cache), false)
 4 FCPATH\index.php(79): CodeIgniter\CodeIgniter->run()
INFO - 2023-11-16 18:41:50 --> Session: Class initialized using 'CodeIgniter\Session\Handlers\FileHandler' driver.
WARNING - 2023-11-16 18:42:47 --> [DEPRECATED] Creation of dynamic property App\Controllers\Compras::$compras is deprecated in APPPATH\Controllers\Compras.php on line 12.
 1 SYSTEMPATH\CodeIgniter.php(891): App\Controllers\Compras->__construct()
 2 SYSTEMPATH\CodeIgniter.php(485): CodeIgniter\CodeIgniter->createController()
 3 SYSTEMPATH\CodeIgniter.php(353): CodeIgniter\CodeIgniter->handleRequest(null, Object(Config\Cache), false)
 4 FCPATH\index.php(79): CodeIgniter\CodeIgniter->run()
INFO - 2023-11-16 18:42:47 --> Session: Class initialized using 'CodeIgniter\Session\Handlers\FileHandler' driver.
WARNING - 2023-11-16 18:44:55 --> [DEPRECATED] Creation of dynamic property App\Controllers\Compras::$compras is deprecated in APPPATH\Controllers\Compras.php on line 12.
 1 SYSTEMPATH\CodeIgniter.php(891): App\Controllers\Compras->__construct()
 2 SYSTEMPATH\CodeIgniter.php(485): CodeIgniter\CodeIgniter->createController()
 3 SYSTEMPATH\CodeIgniter.php(353): CodeIgniter\CodeIgniter->handleRequest(null, Object(Config\Cache), false)
 4 FCPATH\index.php(79): CodeIgniter\CodeIgniter->run()
INFO - 2023-11-16 18:44:55 --> Session: Class initialized using 'CodeIgniter\Session\Handlers\FileHandler' driver.
WARNING - 2023-11-16 18:45:32 --> [DEPRECATED] Creation of dynamic property App\Controllers\Compras::$compras is deprecated in APPPATH\Controllers\Compras.php on line 12.
 1 SYSTEMPATH\CodeIgniter.php(891): App\Controllers\Compras->__construct()
 2 SYSTEMPATH\CodeIgniter.php(485): CodeIgniter\CodeIgniter->createController()
 3 SYSTEMPATH\CodeIgniter.php(353): CodeIgniter\CodeIgniter->handleRequest(null, Object(Config\Cache), false)
 4 FCPATH\index.php(79): CodeIgniter\CodeIgniter->run()
INFO - 2023-11-16 18:45:32 --> Session: Class initialized using 'CodeIgniter\Session\Handlers\FileHandler' driver.
WARNING - 2023-11-16 18:46:46 --> [DEPRECATED] Creation of dynamic property App\Controllers\Compras::$compras is deprecated in APPPATH\Controllers\Compras.php on line 12.
 1 SYSTEMPATH\CodeIgniter.php(891): App\Controllers\Compras->__construct()
 2 SYSTEMPATH\CodeIgniter.php(485): CodeIgniter\CodeIgniter->createController()
 3 SYSTEMPATH\CodeIgniter.php(353): CodeIgniter\CodeIgniter->handleRequest(null, Object(Config\Cache), false)
 4 FCPATH\index.php(79): CodeIgniter\CodeIgniter->run()
INFO - 2023-11-16 18:46:46 --> Session: Class initialized using 'CodeIgniter\Session\Handlers\FileHandler' driver.
WARNING - 2023-11-16 18:47:50 --> [DEPRECATED] Creation of dynamic property App\Controllers\Compras::$compras is deprecated in APPPATH\Controllers\Compras.php on line 12.
 1 SYSTEMPATH\CodeIgniter.php(891): App\Controllers\Compras->__construct()
 2 SYSTEMPATH\CodeIgniter.php(485): CodeIgniter\CodeIgniter->createController()
 3 SYSTEMPATH\CodeIgniter.php(353): CodeIgniter\CodeIgniter->handleRequest(null, Object(Config\Cache), false)
 4 FCPATH\index.php(79): CodeIgniter\CodeIgniter->run()
INFO - 2023-11-16 18:47:50 --> Session: Class initialized using 'CodeIgniter\Session\Handlers\FileHandler' driver.
WARNING - 2023-11-16 18:50:45 --> [DEPRECATED] Creation of dynamic property App\Controllers\Compras::$compras is deprecated in APPPATH\Controllers\Compras.php on line 12.
 1 SYSTEMPATH\CodeIgniter.php(891): App\Controllers\Compras->__construct()
 2 SYSTEMPATH\CodeIgniter.php(485): CodeIgniter\CodeIgniter->createController()
 3 SYSTEMPATH\CodeIgniter.php(353): CodeIgniter\CodeIgniter->handleRequest(null, Object(Config\Cache), false)
 4 FCPATH\index.php(79): CodeIgniter\CodeIgniter->run()
INFO - 2023-11-16 18:50:45 --> Session: Class initialized using 'CodeIgniter\Session\Handlers\FileHandler' driver.
INFO - 2023-11-16 18:50:49 --> Session: Class initialized using 'CodeIgniter\Session\Handlers\FileHandler' driver.
INFO - 2023-11-16 18:50:49 --> Session: Class initialized using 'CodeIgniter\Session\Handlers\FileHandler' driver.
INFO - 2023-11-16 18:50:52 --> Session: Class initialized using 'CodeIgniter\Session\Handlers\FileHandler' driver.
INFO - 2023-11-16 18:50:53 --> Session: Class initialized using 'CodeIgniter\Session\Handlers\FileHandler' driver.
INFO - 2023-11-16 18:50:53 --> Session: Class initialized using 'CodeIgniter\Session\Handlers\FileHandler' driver.
WARNING - 2023-11-16 18:51:02 --> [DEPRECATED] Creation of dynamic property App\Controllers\Compras::$compras is deprecated in APPPATH\Controllers\Compras.php on line 12.
 1 SYSTEMPATH\CodeIgniter.php(891): App\Controllers\Compras->__construct()
 2 SYSTEMPATH\CodeIgniter.php(485): CodeIgniter\CodeIgniter->createController()
 3 SYSTEMPATH\CodeIgniter.php(353): CodeIgniter\CodeIgniter->handleRequest(null, Object(Config\Cache), false)
 4 FCPATH\index.php(79): CodeIgniter\CodeIgniter->run()
INFO - 2023-11-16 18:51:02 --> Session: Class initialized using 'CodeIgniter\Session\Handlers\FileHandler' driver.
WARNING - 2023-11-16 18:54:07 --> [DEPRECATED] Creation of dynamic property App\Controllers\Compras::$compras is deprecated in APPPATH\Controllers\Compras.php on line 12.
 1 SYSTEMPATH\CodeIgniter.php(891): App\Controllers\Compras->__construct()
 2 SYSTEMPATH\CodeIgniter.php(485): CodeIgniter\CodeIgniter->createController()
 3 SYSTEMPATH\CodeIgniter.php(353): CodeIgniter\CodeIgniter->handleRequest(null, Object(Config\Cache), false)
 4 FCPATH\index.php(79): CodeIgniter\CodeIgniter->run()
INFO - 2023-11-16 18:54:07 --> Session: Class initialized using 'CodeIgniter\Session\Handlers\FileHandler' driver.
WARNING - 2023-11-16 18:55:25 --> [DEPRECATED] Creation of dynamic property App\Controllers\Compras::$compras is deprecated in APPPATH\Controllers\Compras.php on line 12.
 1 SYSTEMPATH\CodeIgniter.php(891): App\Controllers\Compras->__construct()
 2 SYSTEMPATH\CodeIgniter.php(485): CodeIgniter\CodeIgniter->createController()
 3 SYSTEMPATH\CodeIgniter.php(353): CodeIgniter\CodeIgniter->handleRequest(null, Object(Config\Cache), false)
 4 FCPATH\index.php(79): CodeIgniter\CodeIgniter->run()
INFO - 2023-11-16 18:55:25 --> Session: Class initialized using 'CodeIgniter\Session\Handlers\FileHandler' driver.
WARNING - 2023-11-16 19:09:22 --> [DEPRECATED] Creation of dynamic property App\Controllers\Compras::$compras is deprecated in APPPATH\Controllers\Compras.php on line 12.
 1 SYSTEMPATH\CodeIgniter.php(891): App\Controllers\Compras->__construct()
 2 SYSTEMPATH\CodeIgniter.php(485): CodeIgniter\CodeIgniter->createController()
 3 SYSTEMPATH\CodeIgniter.php(353): CodeIgniter\CodeIgniter->handleRequest(null, Object(Config\Cache), false)
 4 FCPATH\index.php(79): CodeIgniter\CodeIgniter->run()
INFO - 2023-11-16 19:09:22 --> Session: Class initialized using 'CodeIgniter\Session\Handlers\FileHandler' driver.
WARNING - 2023-11-16 19:10:32 --> [DEPRECATED] Creation of dynamic property App\Controllers\Compras::$compras is deprecated in APPPATH\Controllers\Compras.php on line 12.
 1 SYSTEMPATH\CodeIgniter.php(891): App\Controllers\Compras->__construct()
 2 SYSTEMPATH\CodeIgniter.php(485): CodeIgniter\CodeIgniter->createController()
 3 SYSTEMPATH\CodeIgniter.php(353): CodeIgniter\CodeIgniter->handleRequest(null, Object(Config\Cache), false)
 4 FCPATH\index.php(79): CodeIgniter\CodeIgniter->run()
INFO - 2023-11-16 19:10:32 --> Session: Class initialized using 'CodeIgniter\Session\Handlers\FileHandler' driver.
WARNING - 2023-11-16 20:33:19 --> [DEPRECATED] Creation of dynamic property App\Controllers\clientes::$reglas is deprecated in APPPATH\Controllers\Clientes.php on line 13.
 1 SYSTEMPATH\CodeIgniter.php(891): App\Controllers\clientes->__construct()
 2 SYSTEMPATH\CodeIgniter.php(485): CodeIgniter\CodeIgniter->createController()
 3 SYSTEMPATH\CodeIgniter.php(353): CodeIgniter\CodeIgniter->handleRequest(null, Object(Config\Cache), false)
 4 FCPATH\index.php(79): CodeIgniter\CodeIgniter->run()
INFO - 2023-11-16 20:33:19 --> Session: Class initialized using 'CodeIgniter\Session\Handlers\FileHandler' driver.
INFO - 2023-11-16 20:33:23 --> Session: Class initialized using 'CodeIgniter\Session\Handlers\FileHandler' driver.
INFO - 2023-11-16 20:33:52 --> Session: Class initialized using 'CodeIgniter\Session\Handlers\FileHandler' driver.
WARNING - 2023-11-16 20:33:59 --> [DEPRECATED] Creation of dynamic property App\Controllers\Productos::$productos is deprecated in APPPATH\Controllers\Productos.php on line 12.
 1 SYSTEMPATH\CodeIgniter.php(891): App\Controllers\Productos->__construct()
 2 SYSTEMPATH\CodeIgniter.php(485): CodeIgniter\CodeIgniter->createController()
 3 SYSTEMPATH\CodeIgniter.php(353): CodeIgniter\CodeIgniter->handleRequest(null, Object(Config\Cache), false)
 4 FCPATH\index.php(79): CodeIgniter\CodeIgniter->run()
WARNING - 2023-11-16 20:33:59 --> [DEPRECATED] Creation of dynamic property App\Controllers\Productos::$categorias is deprecated in APPPATH\Controllers\Productos.php on line 13.
 1 SYSTEMPATH\CodeIgniter.php(891): App\Controllers\Productos->__construct()
 2 SYSTEMPATH\CodeIgniter.php(485): CodeIgniter\CodeIgniter->createController()
 3 SYSTEMPATH\CodeIgniter.php(353): CodeIgniter\CodeIgniter->handleRequest(null, Object(Config\Cache), false)
 4 FCPATH\index.php(79): CodeIgniter\CodeIgniter->run()
WARNING - 2023-11-16 20:33:59 --> [DEPRECATED] Creation of dynamic property App\Controllers\Productos::$unidades is deprecated in APPPATH\Controllers\Productos.php on line 14.
 1 SYSTEMPATH\CodeIgniter.php(891): App\Controllers\Productos->__construct()
 2 SYSTEMPATH\CodeIgniter.php(485): CodeIgniter\CodeIgniter->createController()
 3 SYSTEMPATH\CodeIgniter.php(353): CodeIgniter\CodeIgniter->handleRequest(null, Object(Config\Cache), false)
 4 FCPATH\index.php(79): CodeIgniter\CodeIgniter->run()
WARNING - 2023-11-16 20:34:11 --> [DEPRECATED] Creation of dynamic property App\Controllers\Productos::$productos is deprecated in APPPATH\Controllers\Productos.php on line 12.
 1 SYSTEMPATH\CodeIgniter.php(891): App\Controllers\Productos->__construct()
 2 SYSTEMPATH\CodeIgniter.php(485): CodeIgniter\CodeIgniter->createController()
 3 SYSTEMPATH\CodeIgniter.php(353): CodeIgniter\CodeIgniter->handleRequest(null, Object(Config\Cache), false)
 4 FCPATH\index.php(79): CodeIgniter\CodeIgniter->run()
WARNING - 2023-11-16 20:34:11 --> [DEPRECATED] Creation of dynamic property App\Controllers\Productos::$categorias is deprecated in APPPATH\Controllers\Productos.php on line 13.
 1 SYSTEMPATH\CodeIgniter.php(891): App\Controllers\Productos->__construct()
 2 SYSTEMPATH\CodeIgniter.php(485): CodeIgniter\CodeIgniter->createController()
 3 SYSTEMPATH\CodeIgniter.php(353): CodeIgniter\CodeIgniter->handleRequest(null, Object(Config\Cache), false)
 4 FCPATH\index.php(79): CodeIgniter\CodeIgniter->run()
WARNING - 2023-11-16 20:34:11 --> [DEPRECATED] Creation of dynamic property App\Controllers\Productos::$unidades is deprecated in APPPATH\Controllers\Productos.php on line 14.
 1 SYSTEMPATH\CodeIgniter.php(891): App\Controllers\Productos->__construct()
 2 SYSTEMPATH\CodeIgniter.php(485): CodeIgniter\CodeIgniter->createController()
 3 SYSTEMPATH\CodeIgniter.php(353): CodeIgniter\CodeIgniter->handleRequest(null, Object(Config\Cache), false)
 4 FCPATH\index.php(79): CodeIgniter\CodeIgniter->run()
INFO - 2023-11-16 20:34:11 --> Session: Class initialized using 'CodeIgniter\Session\Handlers\FileHandler' driver.
WARNING - 2023-11-16 20:34:15 --> [DEPRECATED] Creation of dynamic property App\Controllers\Compras::$compras is deprecated in APPPATH\Controllers\Compras.php on line 12.
 1 SYSTEMPATH\CodeIgniter.php(891): App\Controllers\Compras->__construct()
 2 SYSTEMPATH\CodeIgniter.php(485): CodeIgniter\CodeIgniter->createController()
 3 SYSTEMPATH\CodeIgniter.php(353): CodeIgniter\CodeIgniter->handleRequest(null, Object(Config\Cache), false)
 4 FCPATH\index.php(79): CodeIgniter\CodeIgniter->run()
INFO - 2023-11-16 20:34:15 --> Session: Class initialized using 'CodeIgniter\Session\Handlers\FileHandler' driver.
