INFO - 2023-10-23 10:59:22 --> Session: Class initialized using 'CodeIgniter\Session\Handlers\FileHandler' driver.
INFO - 2023-10-23 11:10:35 --> Session: Class initialized using 'CodeIgniter\Session\Handlers\FileHandler' driver.
INFO - 2023-10-23 11:17:19 --> Session: Class initialized using 'CodeIgniter\Session\Handlers\FileHandler' driver.
INFO - 2023-10-23 11:17:22 --> Session: Class initialized using 'CodeIgniter\Session\Handlers\FileHandler' driver.
INFO - 2023-10-23 11:17:25 --> Session: Class initialized using 'CodeIgniter\Session\Handlers\FileHandler' driver.
INFO - 2023-10-23 11:17:25 --> Session: Class initialized using 'CodeIgniter\Session\Handlers\FileHandler' driver.
INFO - 2023-10-23 11:17:28 --> Session: Class initialized using 'CodeIgniter\Session\Handlers\FileHandler' driver.
INFO - 2023-10-23 11:18:42 --> Session: Class initialized using 'CodeIgniter\Session\Handlers\FileHandler' driver.
INFO - 2023-10-23 11:19:18 --> Session: Class initialized using 'CodeIgniter\Session\Handlers\FileHandler' driver.
INFO - 2023-10-23 11:19:23 --> Session: Class initialized using 'CodeIgniter\Session\Handlers\FileHandler' driver.
INFO - 2023-10-23 11:21:06 --> Session: Class initialized using 'CodeIgniter\Session\Handlers\FileHandler' driver.
INFO - 2023-10-23 11:21:09 --> Session: Class initialized using 'CodeIgniter\Session\Handlers\FileHandler' driver.
INFO - 2023-10-23 11:21:12 --> Session: Class initialized using 'CodeIgniter\Session\Handlers\FileHandler' driver.
INFO - 2023-10-23 11:29:42 --> Session: Class initialized using 'CodeIgniter\Session\Handlers\FileHandler' driver.
INFO - 2023-10-23 11:29:48 --> Session: Class initialized using 'CodeIgniter\Session\Handlers\FileHandler' driver.
INFO - 2023-10-23 11:29:55 --> Session: Class initialized using 'CodeIgniter\Session\Handlers\FileHandler' driver.
INFO - 2023-10-23 11:29:57 --> Session: Class initialized using 'CodeIgniter\Session\Handlers\FileHandler' driver.
INFO - 2023-10-23 11:55:03 --> Session: Class initialized using 'CodeIgniter\Session\Handlers\FileHandler' driver.
INFO - 2023-10-23 11:55:07 --> Session: Class initialized using 'CodeIgniter\Session\Handlers\FileHandler' driver.
ERROR - 2023-10-23 12:40:36 --> mysqli_sql_exception: Table 'unidades' already exists in C:\xampp\htdocs\pizeria\system\Database\MySQLi\Connection.php:306
Stack trace:
#0 C:\xampp\htdocs\pizeria\system\Database\MySQLi\Connection.php(306): mysqli->query('CREATE TABLE `u...', 0)
#1 C:\xampp\htdocs\pizeria\system\Database\BaseConnection.php(692): CodeIgniter\Database\MySQLi\Connection->execute('CREATE TABLE `u...')
#2 C:\xampp\htdocs\pizeria\system\Database\BaseConnection.php(606): CodeIgniter\Database\BaseConnection->simpleQuery('CREATE TABLE `u...')
#3 C:\xampp\htdocs\pizeria\system\Database\Forge.php(546): CodeIgniter\Database\BaseConnection->query('CREATE TABLE `u...')
#4 C:\xampp\htdocs\pizeria\app\Database\Migrations\2023-10-23-122543_Unidades.php(33): CodeIgniter\Database\Forge->createTable('unidades')
#5 C:\xampp\htdocs\pizeria\system\Database\MigrationRunner.php(877): App\Database\Migrations\Unidades->up()
#6 C:\xampp\htdocs\pizeria\system\Database\MigrationRunner.php(188): CodeIgniter\Database\MigrationRunner->migrate('up', Object(stdClass))
#7 C:\xampp\htdocs\pizeria\system\Commands\Database\Migrate.php(84): CodeIgniter\Database\MigrationRunner->latest(NULL)
#8 C:\xampp\htdocs\pizeria\system\CLI\Commands.php(65): CodeIgniter\Commands\Database\Migrate->run(Array)
#9 C:\xampp\htdocs\pizeria\system\CLI\Console.php(37): CodeIgniter\CLI\Commands->run('migrate', Array)
#10 C:\xampp\htdocs\pizeria\spark(102): CodeIgniter\CLI\Console->run()
#11 {main}
INFO - 2023-10-23 12:59:28 --> Session: Class initialized using 'CodeIgniter\Session\Handlers\FileHandler' driver.
INFO - 2023-10-23 13:01:15 --> Session: Class initialized using 'CodeIgniter\Session\Handlers\FileHandler' driver.
INFO - 2023-10-23 13:08:37 --> Session: Class initialized using 'CodeIgniter\Session\Handlers\FileHandler' driver.
INFO - 2023-10-23 13:08:44 --> Session: Class initialized using 'CodeIgniter\Session\Handlers\FileHandler' driver.
INFO - 2023-10-23 13:10:08 --> Session: Class initialized using 'CodeIgniter\Session\Handlers\FileHandler' driver.
INFO - 2023-10-23 13:10:10 --> Session: Class initialized using 'CodeIgniter\Session\Handlers\FileHandler' driver.
INFO - 2023-10-23 13:10:16 --> Session: Class initialized using 'CodeIgniter\Session\Handlers\FileHandler' driver.
INFO - 2023-10-23 13:10:20 --> Session: Class initialized using 'CodeIgniter\Session\Handlers\FileHandler' driver.
INFO - 2023-10-23 13:13:36 --> Session: Class initialized using 'CodeIgniter\Session\Handlers\FileHandler' driver.
INFO - 2023-10-23 13:13:40 --> Session: Class initialized using 'CodeIgniter\Session\Handlers\FileHandler' driver.
INFO - 2023-10-23 13:13:42 --> Session: Class initialized using 'CodeIgniter\Session\Handlers\FileHandler' driver.
CRITICAL - 2023-10-23 13:54:47 --> Class "App\Models\UnidadesModel" not found
in APPPATH\Controllers\Unidades.php on line 10.
 1 SYSTEMPATH\CodeIgniter.php(919): App\Controllers\Unidades->index()
 2 SYSTEMPATH\CodeIgniter.php(494): CodeIgniter\CodeIgniter->runController(Object(App\Controllers\Unidades))
 3 SYSTEMPATH\CodeIgniter.php(353): CodeIgniter\CodeIgniter->handleRequest(null, Object(Config\Cache), false)
 4 FCPATH\index.php(79): CodeIgniter\CodeIgniter->run()
INFO - 2023-10-23 14:24:58 --> Session: Class initialized using 'CodeIgniter\Session\Handlers\FileHandler' driver.
INFO - 2023-10-23 14:25:01 --> Session: Class initialized using 'CodeIgniter\Session\Handlers\FileHandler' driver.
CRITICAL - 2023-10-23 14:25:05 --> syntax error, unexpected variable "$data", expecting ")"
in APPPATH\Controllers\Unidades.php on line 21.
 1 SYSTEMPATH\Autoloader\Autoloader.php(285): CodeIgniter\Autoloader\Autoloader->includeFile('C:\\xampp\\htdocs\\pizeria\\app\\Controllers\\Unidades.php')
 2 SYSTEMPATH\Autoloader\Autoloader.php(263): CodeIgniter\Autoloader\Autoloader->loadInNamespace('App\\Controllers\\Unidades')
 3 [internal function]: CodeIgniter\Autoloader\Autoloader->loadClass('App\\Controllers\\Unidades')
 4 SYSTEMPATH\CodeIgniter.php(877): class_exists('\\App\\Controllers\\Unidades', true)
 5 SYSTEMPATH\CodeIgniter.php(481): CodeIgniter\CodeIgniter->startController()
 6 SYSTEMPATH\CodeIgniter.php(353): CodeIgniter\CodeIgniter->handleRequest(null, Object(Config\Cache), false)
 7 FCPATH\index.php(79): CodeIgniter\CodeIgniter->run()
INFO - 2023-10-23 14:25:57 --> Session: Class initialized using 'CodeIgniter\Session\Handlers\FileHandler' driver.
INFO - 2023-10-23 14:26:00 --> Session: Class initialized using 'CodeIgniter\Session\Handlers\FileHandler' driver.
WARNING - 2023-10-23 14:26:03 --> [DEPRECATED] Creation of dynamic property App\Controllers\Unidades::$unidades is deprecated in APPPATH\Controllers\Unidades.php on line 9.
 1 SYSTEMPATH\CodeIgniter.php(891): App\Controllers\Unidades->__construct()
 2 SYSTEMPATH\CodeIgniter.php(485): CodeIgniter\CodeIgniter->createController()
 3 SYSTEMPATH\CodeIgniter.php(353): CodeIgniter\CodeIgniter->handleRequest(null, Object(Config\Cache), false)
 4 FCPATH\index.php(79): CodeIgniter\CodeIgniter->run()
INFO - 2023-10-23 14:26:03 --> Session: Class initialized using 'CodeIgniter\Session\Handlers\FileHandler' driver.
WARNING - 2023-10-23 14:28:00 --> [DEPRECATED] Creation of dynamic property App\Controllers\Unidades::$unidades is deprecated in APPPATH\Controllers\Unidades.php on line 9.
 1 SYSTEMPATH\CodeIgniter.php(891): App\Controllers\Unidades->__construct()
 2 SYSTEMPATH\CodeIgniter.php(485): CodeIgniter\CodeIgniter->createController()
 3 SYSTEMPATH\CodeIgniter.php(353): CodeIgniter\CodeIgniter->handleRequest(null, Object(Config\Cache), false)
 4 FCPATH\index.php(79): CodeIgniter\CodeIgniter->run()
INFO - 2023-10-23 14:28:00 --> Session: Class initialized using 'CodeIgniter\Session\Handlers\FileHandler' driver.
WARNING - 2023-10-23 14:30:46 --> [DEPRECATED] Creation of dynamic property App\Controllers\Unidades::$unidades is deprecated in APPPATH\Controllers\Unidades.php on line 9.
 1 SYSTEMPATH\CodeIgniter.php(891): App\Controllers\Unidades->__construct()
 2 SYSTEMPATH\CodeIgniter.php(485): CodeIgniter\CodeIgniter->createController()
 3 SYSTEMPATH\CodeIgniter.php(353): CodeIgniter\CodeIgniter->handleRequest(null, Object(Config\Cache), false)
 4 FCPATH\index.php(79): CodeIgniter\CodeIgniter->run()
INFO - 2023-10-23 14:30:46 --> Session: Class initialized using 'CodeIgniter\Session\Handlers\FileHandler' driver.
WARNING - 2023-10-23 14:30:51 --> [DEPRECATED] Creation of dynamic property App\Controllers\Unidades::$unidades is deprecated in APPPATH\Controllers\Unidades.php on line 9.
 1 SYSTEMPATH\CodeIgniter.php(891): App\Controllers\Unidades->__construct()
 2 SYSTEMPATH\CodeIgniter.php(485): CodeIgniter\CodeIgniter->createController()
 3 SYSTEMPATH\CodeIgniter.php(353): CodeIgniter\CodeIgniter->handleRequest(null, Object(Config\Cache), false)
 4 FCPATH\index.php(79): CodeIgniter\CodeIgniter->run()
INFO - 2023-10-23 14:30:51 --> Session: Class initialized using 'CodeIgniter\Session\Handlers\FileHandler' driver.
INFO - 2023-10-23 14:30:54 --> Session: Class initialized using 'CodeIgniter\Session\Handlers\FileHandler' driver.
WARNING - 2023-10-23 14:30:57 --> [DEPRECATED] Creation of dynamic property App\Controllers\Unidades::$unidades is deprecated in APPPATH\Controllers\Unidades.php on line 9.
 1 SYSTEMPATH\CodeIgniter.php(891): App\Controllers\Unidades->__construct()
 2 SYSTEMPATH\CodeIgniter.php(485): CodeIgniter\CodeIgniter->createController()
 3 SYSTEMPATH\CodeIgniter.php(353): CodeIgniter\CodeIgniter->handleRequest(null, Object(Config\Cache), false)
 4 FCPATH\index.php(79): CodeIgniter\CodeIgniter->run()
INFO - 2023-10-23 14:30:57 --> Session: Class initialized using 'CodeIgniter\Session\Handlers\FileHandler' driver.
WARNING - 2023-10-23 14:31:52 --> [DEPRECATED] Creation of dynamic property App\Controllers\Unidades::$unidades is deprecated in APPPATH\Controllers\Unidades.php on line 9.
 1 SYSTEMPATH\CodeIgniter.php(891): App\Controllers\Unidades->__construct()
 2 SYSTEMPATH\CodeIgniter.php(485): CodeIgniter\CodeIgniter->createController()
 3 SYSTEMPATH\CodeIgniter.php(353): CodeIgniter\CodeIgniter->handleRequest(null, Object(Config\Cache), false)
 4 FCPATH\index.php(79): CodeIgniter\CodeIgniter->run()
INFO - 2023-10-23 14:31:52 --> Session: Class initialized using 'CodeIgniter\Session\Handlers\FileHandler' driver.
INFO - 2023-10-23 14:33:40 --> Session: Class initialized using 'CodeIgniter\Session\Handlers\FileHandler' driver.
INFO - 2023-10-23 14:33:44 --> Session: Class initialized using 'CodeIgniter\Session\Handlers\FileHandler' driver.
WARNING - 2023-10-23 14:33:47 --> [DEPRECATED] Creation of dynamic property App\Controllers\Unidades::$unidades is deprecated in APPPATH\Controllers\Unidades.php on line 9.
 1 SYSTEMPATH\CodeIgniter.php(891): App\Controllers\Unidades->__construct()
 2 SYSTEMPATH\CodeIgniter.php(485): CodeIgniter\CodeIgniter->createController()
 3 SYSTEMPATH\CodeIgniter.php(353): CodeIgniter\CodeIgniter->handleRequest(null, Object(Config\Cache), false)
 4 FCPATH\index.php(79): CodeIgniter\CodeIgniter->run()
INFO - 2023-10-23 14:33:47 --> Session: Class initialized using 'CodeIgniter\Session\Handlers\FileHandler' driver.
WARNING - 2023-10-23 17:42:34 --> [DEPRECATED] Creation of dynamic property App\Controllers\Unidades::$unidades is deprecated in APPPATH\Controllers\Unidades.php on line 9.
 1 SYSTEMPATH\CodeIgniter.php(891): App\Controllers\Unidades->__construct()
 2 SYSTEMPATH\CodeIgniter.php(485): CodeIgniter\CodeIgniter->createController()
 3 SYSTEMPATH\CodeIgniter.php(353): CodeIgniter\CodeIgniter->handleRequest(null, Object(Config\Cache), false)
 4 FCPATH\index.php(79): CodeIgniter\CodeIgniter->run()
INFO - 2023-10-23 17:42:34 --> Session: Class initialized using 'CodeIgniter\Session\Handlers\FileHandler' driver.
WARNING - 2023-10-23 17:43:32 --> [DEPRECATED] Creation of dynamic property App\Controllers\Unidades::$unidades is deprecated in APPPATH\Controllers\Unidades.php on line 9.
 1 SYSTEMPATH\CodeIgniter.php(891): App\Controllers\Unidades->__construct()
 2 SYSTEMPATH\CodeIgniter.php(485): CodeIgniter\CodeIgniter->createController()
 3 SYSTEMPATH\CodeIgniter.php(353): CodeIgniter\CodeIgniter->handleRequest(null, Object(Config\Cache), false)
 4 FCPATH\index.php(79): CodeIgniter\CodeIgniter->run()
INFO - 2023-10-23 17:43:32 --> Session: Class initialized using 'CodeIgniter\Session\Handlers\FileHandler' driver.
WARNING - 2023-10-23 17:44:00 --> [DEPRECATED] Creation of dynamic property App\Controllers\Unidades::$unidades is deprecated in APPPATH\Controllers\Unidades.php on line 9.
 1 SYSTEMPATH\CodeIgniter.php(891): App\Controllers\Unidades->__construct()
 2 SYSTEMPATH\CodeIgniter.php(485): CodeIgniter\CodeIgniter->createController()
 3 SYSTEMPATH\CodeIgniter.php(353): CodeIgniter\CodeIgniter->handleRequest(null, Object(Config\Cache), false)
 4 FCPATH\index.php(79): CodeIgniter\CodeIgniter->run()
INFO - 2023-10-23 17:44:00 --> Session: Class initialized using 'CodeIgniter\Session\Handlers\FileHandler' driver.
WARNING - 2023-10-23 17:45:31 --> [DEPRECATED] Creation of dynamic property App\Controllers\Unidades::$unidades is deprecated in APPPATH\Controllers\Unidades.php on line 9.
 1 SYSTEMPATH\CodeIgniter.php(891): App\Controllers\Unidades->__construct()
 2 SYSTEMPATH\CodeIgniter.php(485): CodeIgniter\CodeIgniter->createController()
 3 SYSTEMPATH\CodeIgniter.php(353): CodeIgniter\CodeIgniter->handleRequest(null, Object(Config\Cache), false)
 4 FCPATH\index.php(79): CodeIgniter\CodeIgniter->run()
INFO - 2023-10-23 17:45:31 --> Session: Class initialized using 'CodeIgniter\Session\Handlers\FileHandler' driver.
WARNING - 2023-10-23 17:46:00 --> [DEPRECATED] Creation of dynamic property App\Controllers\Unidades::$unidades is deprecated in APPPATH\Controllers\Unidades.php on line 9.
 1 SYSTEMPATH\CodeIgniter.php(891): App\Controllers\Unidades->__construct()
 2 SYSTEMPATH\CodeIgniter.php(485): CodeIgniter\CodeIgniter->createController()
 3 SYSTEMPATH\CodeIgniter.php(353): CodeIgniter\CodeIgniter->handleRequest(null, Object(Config\Cache), false)
 4 FCPATH\index.php(79): CodeIgniter\CodeIgniter->run()
INFO - 2023-10-23 17:46:00 --> Session: Class initialized using 'CodeIgniter\Session\Handlers\FileHandler' driver.
WARNING - 2023-10-23 18:04:51 --> [DEPRECATED] Creation of dynamic property App\Controllers\Unidades::$unidades is deprecated in APPPATH\Controllers\Unidades.php on line 9.
 1 SYSTEMPATH\CodeIgniter.php(891): App\Controllers\Unidades->__construct()
 2 SYSTEMPATH\CodeIgniter.php(485): CodeIgniter\CodeIgniter->createController()
 3 SYSTEMPATH\CodeIgniter.php(353): CodeIgniter\CodeIgniter->handleRequest(null, Object(Config\Cache), false)
 4 FCPATH\index.php(79): CodeIgniter\CodeIgniter->run()
INFO - 2023-10-23 18:04:51 --> Session: Class initialized using 'CodeIgniter\Session\Handlers\FileHandler' driver.
CRITICAL - 2023-10-23 18:04:51 --> Undefined array key "nombre_corto"
in APPPATH\Views\unidades.php on line 32.
 1 APPPATH\Views\unidades.php(32): CodeIgniter\Debug\Exceptions->errorHandler(2, 'Undefined array key "nombre_corto"', 'C:\\xampp\\htdocs\\pizeria\\app\\Views\\unidades.php', 32)
 2 SYSTEMPATH\View\View.php(226): include('C:\\xampp\\htdocs\\pizeria\\app\\Views\\unidades.php')
 3 SYSTEMPATH\View\View.php(229): CodeIgniter\View\View->CodeIgniter\View\{closure}()
 4 SYSTEMPATH\Common.php(1188): CodeIgniter\View\View->render('unidades', [], true)
 5 APPPATH\Controllers\Unidades.php(21): view('unidades', [...])
 6 SYSTEMPATH\CodeIgniter.php(919): App\Controllers\Unidades->index()
 7 SYSTEMPATH\CodeIgniter.php(494): CodeIgniter\CodeIgniter->runController(Object(App\Controllers\Unidades))
 8 SYSTEMPATH\CodeIgniter.php(353): CodeIgniter\CodeIgniter->handleRequest(null, Object(Config\Cache), false)
 9 FCPATH\index.php(79): CodeIgniter\CodeIgniter->run()
WARNING - 2023-10-23 18:06:10 --> [DEPRECATED] Creation of dynamic property App\Controllers\Unidades::$unidades is deprecated in APPPATH\Controllers\Unidades.php on line 9.
 1 SYSTEMPATH\CodeIgniter.php(891): App\Controllers\Unidades->__construct()
 2 SYSTEMPATH\CodeIgniter.php(485): CodeIgniter\CodeIgniter->createController()
 3 SYSTEMPATH\CodeIgniter.php(353): CodeIgniter\CodeIgniter->handleRequest(null, Object(Config\Cache), false)
 4 FCPATH\index.php(79): CodeIgniter\CodeIgniter->run()
INFO - 2023-10-23 18:06:10 --> Session: Class initialized using 'CodeIgniter\Session\Handlers\FileHandler' driver.
WARNING - 2023-10-23 18:06:58 --> [DEPRECATED] Creation of dynamic property App\Controllers\Unidades::$unidades is deprecated in APPPATH\Controllers\Unidades.php on line 9.
 1 SYSTEMPATH\CodeIgniter.php(891): App\Controllers\Unidades->__construct()
 2 SYSTEMPATH\CodeIgniter.php(485): CodeIgniter\CodeIgniter->createController()
 3 SYSTEMPATH\CodeIgniter.php(353): CodeIgniter\CodeIgniter->handleRequest(null, Object(Config\Cache), false)
 4 FCPATH\index.php(79): CodeIgniter\CodeIgniter->run()
INFO - 2023-10-23 18:06:58 --> Session: Class initialized using 'CodeIgniter\Session\Handlers\FileHandler' driver.
WARNING - 2023-10-23 18:12:47 --> [DEPRECATED] Creation of dynamic property App\Controllers\Unidades::$unidades is deprecated in APPPATH\Controllers\Unidades.php on line 9.
 1 SYSTEMPATH\CodeIgniter.php(891): App\Controllers\Unidades->__construct()
 2 SYSTEMPATH\CodeIgniter.php(485): CodeIgniter\CodeIgniter->createController()
 3 SYSTEMPATH\CodeIgniter.php(353): CodeIgniter\CodeIgniter->handleRequest(null, Object(Config\Cache), false)
 4 FCPATH\index.php(79): CodeIgniter\CodeIgniter->run()
INFO - 2023-10-23 18:12:47 --> Session: Class initialized using 'CodeIgniter\Session\Handlers\FileHandler' driver.
WARNING - 2023-10-23 18:13:38 --> [DEPRECATED] Creation of dynamic property App\Controllers\Unidades::$unidades is deprecated in APPPATH\Controllers\Unidades.php on line 9.
 1 SYSTEMPATH\CodeIgniter.php(891): App\Controllers\Unidades->__construct()
 2 SYSTEMPATH\CodeIgniter.php(485): CodeIgniter\CodeIgniter->createController()
 3 SYSTEMPATH\CodeIgniter.php(353): CodeIgniter\CodeIgniter->handleRequest(null, Object(Config\Cache), false)
 4 FCPATH\index.php(79): CodeIgniter\CodeIgniter->run()
INFO - 2023-10-23 18:13:38 --> Session: Class initialized using 'CodeIgniter\Session\Handlers\FileHandler' driver.
WARNING - 2023-10-23 18:14:21 --> [DEPRECATED] Creation of dynamic property App\Controllers\Unidades::$unidades is deprecated in APPPATH\Controllers\Unidades.php on line 9.
 1 SYSTEMPATH\CodeIgniter.php(891): App\Controllers\Unidades->__construct()
 2 SYSTEMPATH\CodeIgniter.php(485): CodeIgniter\CodeIgniter->createController()
 3 SYSTEMPATH\CodeIgniter.php(353): CodeIgniter\CodeIgniter->handleRequest(null, Object(Config\Cache), false)
 4 FCPATH\index.php(79): CodeIgniter\CodeIgniter->run()
INFO - 2023-10-23 18:14:21 --> Session: Class initialized using 'CodeIgniter\Session\Handlers\FileHandler' driver.
WARNING - 2023-10-23 18:15:57 --> [DEPRECATED] Creation of dynamic property App\Controllers\Unidades::$unidades is deprecated in APPPATH\Controllers\Unidades.php on line 9.
 1 SYSTEMPATH\CodeIgniter.php(891): App\Controllers\Unidades->__construct()
 2 SYSTEMPATH\CodeIgniter.php(485): CodeIgniter\CodeIgniter->createController()
 3 SYSTEMPATH\CodeIgniter.php(353): CodeIgniter\CodeIgniter->handleRequest(null, Object(Config\Cache), false)
 4 FCPATH\index.php(79): CodeIgniter\CodeIgniter->run()
INFO - 2023-10-23 18:15:57 --> Session: Class initialized using 'CodeIgniter\Session\Handlers\FileHandler' driver.
WARNING - 2023-10-23 18:16:18 --> [DEPRECATED] Creation of dynamic property App\Controllers\Unidades::$unidades is deprecated in APPPATH\Controllers\Unidades.php on line 9.
 1 SYSTEMPATH\CodeIgniter.php(891): App\Controllers\Unidades->__construct()
 2 SYSTEMPATH\CodeIgniter.php(485): CodeIgniter\CodeIgniter->createController()
 3 SYSTEMPATH\CodeIgniter.php(353): CodeIgniter\CodeIgniter->handleRequest(null, Object(Config\Cache), false)
 4 FCPATH\index.php(79): CodeIgniter\CodeIgniter->run()
INFO - 2023-10-23 18:16:19 --> Session: Class initialized using 'CodeIgniter\Session\Handlers\FileHandler' driver.
INFO - 2023-10-23 18:16:23 --> Session: Class initialized using 'CodeIgniter\Session\Handlers\FileHandler' driver.
INFO - 2023-10-23 18:16:26 --> Session: Class initialized using 'CodeIgniter\Session\Handlers\FileHandler' driver.
WARNING - 2023-10-23 18:16:59 --> [DEPRECATED] Creation of dynamic property App\Controllers\Unidades::$unidades is deprecated in APPPATH\Controllers\Unidades.php on line 9.
 1 SYSTEMPATH\CodeIgniter.php(891): App\Controllers\Unidades->__construct()
 2 SYSTEMPATH\CodeIgniter.php(485): CodeIgniter\CodeIgniter->createController()
 3 SYSTEMPATH\CodeIgniter.php(353): CodeIgniter\CodeIgniter->handleRequest(null, Object(Config\Cache), false)
 4 FCPATH\index.php(79): CodeIgniter\CodeIgniter->run()
INFO - 2023-10-23 18:16:59 --> Session: Class initialized using 'CodeIgniter\Session\Handlers\FileHandler' driver.
WARNING - 2023-10-23 18:27:21 --> [DEPRECATED] Creation of dynamic property App\Controllers\Unidades::$unidades is deprecated in APPPATH\Controllers\Unidades.php on line 9.
 1 SYSTEMPATH\CodeIgniter.php(891): App\Controllers\Unidades->__construct()
 2 SYSTEMPATH\CodeIgniter.php(485): CodeIgniter\CodeIgniter->createController()
 3 SYSTEMPATH\CodeIgniter.php(353): CodeIgniter\CodeIgniter->handleRequest(null, Object(Config\Cache), false)
 4 FCPATH\index.php(79): CodeIgniter\CodeIgniter->run()
INFO - 2023-10-23 18:27:21 --> Session: Class initialized using 'CodeIgniter\Session\Handlers\FileHandler' driver.
WARNING - 2023-10-23 18:30:02 --> [DEPRECATED] Creation of dynamic property App\Controllers\Unidades::$unidades is deprecated in APPPATH\Controllers\Unidades.php on line 9.
 1 SYSTEMPATH\CodeIgniter.php(891): App\Controllers\Unidades->__construct()
 2 SYSTEMPATH\CodeIgniter.php(485): CodeIgniter\CodeIgniter->createController()
 3 SYSTEMPATH\CodeIgniter.php(353): CodeIgniter\CodeIgniter->handleRequest(null, Object(Config\Cache), false)
 4 FCPATH\index.php(79): CodeIgniter\CodeIgniter->run()
INFO - 2023-10-23 18:30:02 --> Session: Class initialized using 'CodeIgniter\Session\Handlers\FileHandler' driver.
WARNING - 2023-10-23 18:30:05 --> [DEPRECATED] Creation of dynamic property App\Controllers\Unidades::$unidades is deprecated in APPPATH\Controllers\Unidades.php on line 9.
 1 SYSTEMPATH\CodeIgniter.php(891): App\Controllers\Unidades->__construct()
 2 SYSTEMPATH\CodeIgniter.php(485): CodeIgniter\CodeIgniter->createController()
 3 SYSTEMPATH\CodeIgniter.php(353): CodeIgniter\CodeIgniter->handleRequest(null, Object(Config\Cache), false)
 4 FCPATH\index.php(79): CodeIgniter\CodeIgniter->run()
INFO - 2023-10-23 18:30:05 --> Session: Class initialized using 'CodeIgniter\Session\Handlers\FileHandler' driver.
CRITICAL - 2023-10-23 18:30:05 --> Invalid file: "unidades/nuevo.php"
in SYSTEMPATH\Exceptions\FrameworkException.php on line 39.
 1 SYSTEMPATH\View\View.php(214): CodeIgniter\Exceptions\FrameworkException::forInvalidFile('unidades/nuevo.php')
 2 SYSTEMPATH\Common.php(1188): CodeIgniter\View\View->render('unidades/nuevo', [], true)
 3 APPPATH\Controllers\Unidades.php(31): view('unidades/nuevo', [...])
 4 SYSTEMPATH\CodeIgniter.php(919): App\Controllers\Unidades->nuevo()
 5 SYSTEMPATH\CodeIgniter.php(494): CodeIgniter\CodeIgniter->runController(Object(App\Controllers\Unidades))
 6 SYSTEMPATH\CodeIgniter.php(353): CodeIgniter\CodeIgniter->handleRequest(null, Object(Config\Cache), false)
 7 FCPATH\index.php(79): CodeIgniter\CodeIgniter->run()
WARNING - 2023-10-23 18:30:15 --> [DEPRECATED] Creation of dynamic property App\Controllers\Unidades::$unidades is deprecated in APPPATH\Controllers\Unidades.php on line 9.
 1 SYSTEMPATH\CodeIgniter.php(891): App\Controllers\Unidades->__construct()
 2 SYSTEMPATH\CodeIgniter.php(485): CodeIgniter\CodeIgniter->createController()
 3 SYSTEMPATH\CodeIgniter.php(353): CodeIgniter\CodeIgniter->handleRequest(null, Object(Config\Cache), false)
 4 FCPATH\index.php(79): CodeIgniter\CodeIgniter->run()
INFO - 2023-10-23 18:30:15 --> Session: Class initialized using 'CodeIgniter\Session\Handlers\FileHandler' driver.
WARNING - 2023-10-23 18:31:15 --> [DEPRECATED] Creation of dynamic property App\Controllers\Unidades::$unidades is deprecated in APPPATH\Controllers\Unidades.php on line 9.
 1 SYSTEMPATH\CodeIgniter.php(891): App\Controllers\Unidades->__construct()
 2 SYSTEMPATH\CodeIgniter.php(485): CodeIgniter\CodeIgniter->createController()
 3 SYSTEMPATH\CodeIgniter.php(353): CodeIgniter\CodeIgniter->handleRequest(null, Object(Config\Cache), false)
 4 FCPATH\index.php(79): CodeIgniter\CodeIgniter->run()
INFO - 2023-10-23 18:31:15 --> Session: Class initialized using 'CodeIgniter\Session\Handlers\FileHandler' driver.
WARNING - 2023-10-23 18:31:22 --> [DEPRECATED] Creation of dynamic property App\Controllers\Unidades::$unidades is deprecated in APPPATH\Controllers\Unidades.php on line 9.
 1 SYSTEMPATH\CodeIgniter.php(891): App\Controllers\Unidades->__construct()
 2 SYSTEMPATH\CodeIgniter.php(485): CodeIgniter\CodeIgniter->createController()
 3 SYSTEMPATH\CodeIgniter.php(353): CodeIgniter\CodeIgniter->handleRequest(null, Object(Config\Cache), false)
 4 FCPATH\index.php(79): CodeIgniter\CodeIgniter->run()
INFO - 2023-10-23 18:31:22 --> Session: Class initialized using 'CodeIgniter\Session\Handlers\FileHandler' driver.
CRITICAL - 2023-10-23 18:31:22 --> Invalid file: "unidades/nuevo.php"
in SYSTEMPATH\Exceptions\FrameworkException.php on line 39.
 1 SYSTEMPATH\View\View.php(214): CodeIgniter\Exceptions\FrameworkException::forInvalidFile('unidades/nuevo.php')
 2 SYSTEMPATH\Common.php(1188): CodeIgniter\View\View->render('unidades/nuevo', [], true)
 3 APPPATH\Controllers\Unidades.php(31): view('unidades/nuevo', [...])
 4 SYSTEMPATH\CodeIgniter.php(919): App\Controllers\Unidades->nuevo()
 5 SYSTEMPATH\CodeIgniter.php(494): CodeIgniter\CodeIgniter->runController(Object(App\Controllers\Unidades))
 6 SYSTEMPATH\CodeIgniter.php(353): CodeIgniter\CodeIgniter->handleRequest(null, Object(Config\Cache), false)
 7 FCPATH\index.php(79): CodeIgniter\CodeIgniter->run()
WARNING - 2023-10-23 18:31:25 --> [DEPRECATED] Creation of dynamic property App\Controllers\Unidades::$unidades is deprecated in APPPATH\Controllers\Unidades.php on line 9.
 1 SYSTEMPATH\CodeIgniter.php(891): App\Controllers\Unidades->__construct()
 2 SYSTEMPATH\CodeIgniter.php(485): CodeIgniter\CodeIgniter->createController()
 3 SYSTEMPATH\CodeIgniter.php(353): CodeIgniter\CodeIgniter->handleRequest(null, Object(Config\Cache), false)
 4 FCPATH\index.php(79): CodeIgniter\CodeIgniter->run()
INFO - 2023-10-23 18:31:25 --> Session: Class initialized using 'CodeIgniter\Session\Handlers\FileHandler' driver.
WARNING - 2023-10-23 18:31:52 --> [DEPRECATED] Creation of dynamic property App\Controllers\Unidades::$unidades is deprecated in APPPATH\Controllers\Unidades.php on line 9.
 1 SYSTEMPATH\CodeIgniter.php(891): App\Controllers\Unidades->__construct()
 2 SYSTEMPATH\CodeIgniter.php(485): CodeIgniter\CodeIgniter->createController()
 3 SYSTEMPATH\CodeIgniter.php(353): CodeIgniter\CodeIgniter->handleRequest(null, Object(Config\Cache), false)
 4 FCPATH\index.php(79): CodeIgniter\CodeIgniter->run()
INFO - 2023-10-23 18:31:52 --> Session: Class initialized using 'CodeIgniter\Session\Handlers\FileHandler' driver.
WARNING - 2023-10-23 18:32:10 --> [DEPRECATED] Creation of dynamic property App\Controllers\Unidades::$unidades is deprecated in APPPATH\Controllers\Unidades.php on line 9.
 1 SYSTEMPATH\CodeIgniter.php(891): App\Controllers\Unidades->__construct()
 2 SYSTEMPATH\CodeIgniter.php(485): CodeIgniter\CodeIgniter->createController()
 3 SYSTEMPATH\CodeIgniter.php(353): CodeIgniter\CodeIgniter->handleRequest(null, Object(Config\Cache), false)
 4 FCPATH\index.php(79): CodeIgniter\CodeIgniter->run()
INFO - 2023-10-23 18:32:10 --> Session: Class initialized using 'CodeIgniter\Session\Handlers\FileHandler' driver.
CRITICAL - 2023-10-23 18:32:10 --> Invalid file: "unidades/nuevo.php"
in SYSTEMPATH\Exceptions\FrameworkException.php on line 39.
 1 SYSTEMPATH\View\View.php(214): CodeIgniter\Exceptions\FrameworkException::forInvalidFile('unidades/nuevo.php')
 2 SYSTEMPATH\Common.php(1188): CodeIgniter\View\View->render('unidades/nuevo', [], true)
 3 APPPATH\Controllers\Unidades.php(31): view('unidades/nuevo', [...])
 4 SYSTEMPATH\CodeIgniter.php(919): App\Controllers\Unidades->nuevo()
 5 SYSTEMPATH\CodeIgniter.php(494): CodeIgniter\CodeIgniter->runController(Object(App\Controllers\Unidades))
 6 SYSTEMPATH\CodeIgniter.php(353): CodeIgniter\CodeIgniter->handleRequest(null, Object(Config\Cache), false)
 7 FCPATH\index.php(79): CodeIgniter\CodeIgniter->run()
WARNING - 2023-10-23 18:32:52 --> [DEPRECATED] Creation of dynamic property App\Controllers\Unidades::$unidades is deprecated in APPPATH\Controllers\Unidades.php on line 9.
 1 SYSTEMPATH\CodeIgniter.php(891): App\Controllers\Unidades->__construct()
 2 SYSTEMPATH\CodeIgniter.php(485): CodeIgniter\CodeIgniter->createController()
 3 SYSTEMPATH\CodeIgniter.php(353): CodeIgniter\CodeIgniter->handleRequest(null, Object(Config\Cache), false)
 4 FCPATH\index.php(79): CodeIgniter\CodeIgniter->run()
INFO - 2023-10-23 18:32:52 --> Session: Class initialized using 'CodeIgniter\Session\Handlers\FileHandler' driver.
WARNING - 2023-10-23 18:32:55 --> [DEPRECATED] Creation of dynamic property App\Controllers\Unidades::$unidades is deprecated in APPPATH\Controllers\Unidades.php on line 9.
 1 SYSTEMPATH\CodeIgniter.php(891): App\Controllers\Unidades->__construct()
 2 SYSTEMPATH\CodeIgniter.php(485): CodeIgniter\CodeIgniter->createController()
 3 SYSTEMPATH\CodeIgniter.php(353): CodeIgniter\CodeIgniter->handleRequest(null, Object(Config\Cache), false)
 4 FCPATH\index.php(79): CodeIgniter\CodeIgniter->run()
INFO - 2023-10-23 18:32:55 --> Session: Class initialized using 'CodeIgniter\Session\Handlers\FileHandler' driver.
WARNING - 2023-10-23 18:33:06 --> [DEPRECATED] Creation of dynamic property App\Controllers\Unidades::$unidades is deprecated in APPPATH\Controllers\Unidades.php on line 9.
 1 SYSTEMPATH\CodeIgniter.php(891): App\Controllers\Unidades->__construct()
 2 SYSTEMPATH\CodeIgniter.php(485): CodeIgniter\CodeIgniter->createController()
 3 SYSTEMPATH\CodeIgniter.php(353): CodeIgniter\CodeIgniter->handleRequest(null, Object(Config\Cache), false)
 4 FCPATH\index.php(79): CodeIgniter\CodeIgniter->run()
INFO - 2023-10-23 18:33:06 --> Session: Class initialized using 'CodeIgniter\Session\Handlers\FileHandler' driver.
CRITICAL - 2023-10-23 18:33:06 --> Invalid file: "unidades/nuevo.php"
in SYSTEMPATH\Exceptions\FrameworkException.php on line 39.
 1 SYSTEMPATH\View\View.php(214): CodeIgniter\Exceptions\FrameworkException::forInvalidFile('unidades/nuevo.php')
 2 SYSTEMPATH\Common.php(1188): CodeIgniter\View\View->render('unidades/nuevo', [], true)
 3 APPPATH\Controllers\Unidades.php(31): view('unidades/nuevo', [...])
 4 SYSTEMPATH\CodeIgniter.php(919): App\Controllers\Unidades->nuevo()
 5 SYSTEMPATH\CodeIgniter.php(494): CodeIgniter\CodeIgniter->runController(Object(App\Controllers\Unidades))
 6 SYSTEMPATH\CodeIgniter.php(353): CodeIgniter\CodeIgniter->handleRequest(null, Object(Config\Cache), false)
 7 FCPATH\index.php(79): CodeIgniter\CodeIgniter->run()
WARNING - 2023-10-23 18:33:33 --> [DEPRECATED] Creation of dynamic property App\Controllers\Unidades::$unidades is deprecated in APPPATH\Controllers\Unidades.php on line 9.
 1 SYSTEMPATH\CodeIgniter.php(891): App\Controllers\Unidades->__construct()
 2 SYSTEMPATH\CodeIgniter.php(485): CodeIgniter\CodeIgniter->createController()
 3 SYSTEMPATH\CodeIgniter.php(353): CodeIgniter\CodeIgniter->handleRequest(null, Object(Config\Cache), false)
 4 FCPATH\index.php(79): CodeIgniter\CodeIgniter->run()
INFO - 2023-10-23 18:33:33 --> Session: Class initialized using 'CodeIgniter\Session\Handlers\FileHandler' driver.
WARNING - 2023-10-23 18:33:36 --> [DEPRECATED] Creation of dynamic property App\Controllers\Unidades::$unidades is deprecated in APPPATH\Controllers\Unidades.php on line 9.
 1 SYSTEMPATH\CodeIgniter.php(891): App\Controllers\Unidades->__construct()
 2 SYSTEMPATH\CodeIgniter.php(485): CodeIgniter\CodeIgniter->createController()
 3 SYSTEMPATH\CodeIgniter.php(353): CodeIgniter\CodeIgniter->handleRequest(null, Object(Config\Cache), false)
 4 FCPATH\index.php(79): CodeIgniter\CodeIgniter->run()
INFO - 2023-10-23 18:33:36 --> Session: Class initialized using 'CodeIgniter\Session\Handlers\FileHandler' driver.
WARNING - 2023-10-23 18:34:09 --> [DEPRECATED] Creation of dynamic property App\Controllers\Unidades::$unidades is deprecated in APPPATH\Controllers\Unidades.php on line 9.
 1 SYSTEMPATH\CodeIgniter.php(891): App\Controllers\Unidades->__construct()
 2 SYSTEMPATH\CodeIgniter.php(485): CodeIgniter\CodeIgniter->createController()
 3 SYSTEMPATH\CodeIgniter.php(353): CodeIgniter\CodeIgniter->handleRequest(null, Object(Config\Cache), false)
 4 FCPATH\index.php(79): CodeIgniter\CodeIgniter->run()
INFO - 2023-10-23 18:34:09 --> Session: Class initialized using 'CodeIgniter\Session\Handlers\FileHandler' driver.
CRITICAL - 2023-10-23 18:34:09 --> Invalid file: "unidades/nuevo.php"
in SYSTEMPATH\Exceptions\FrameworkException.php on line 39.
 1 SYSTEMPATH\View\View.php(214): CodeIgniter\Exceptions\FrameworkException::forInvalidFile('unidades/nuevo.php')
 2 SYSTEMPATH\Common.php(1188): CodeIgniter\View\View->render('unidades/nuevo', [], true)
 3 APPPATH\Controllers\Unidades.php(31): view('unidades/nuevo', [...])
 4 SYSTEMPATH\CodeIgniter.php(919): App\Controllers\Unidades->nuevo()
 5 SYSTEMPATH\CodeIgniter.php(494): CodeIgniter\CodeIgniter->runController(Object(App\Controllers\Unidades))
 6 SYSTEMPATH\CodeIgniter.php(353): CodeIgniter\CodeIgniter->handleRequest(null, Object(Config\Cache), false)
 7 FCPATH\index.php(79): CodeIgniter\CodeIgniter->run()
WARNING - 2023-10-23 18:34:17 --> [DEPRECATED] Creation of dynamic property App\Controllers\Unidades::$unidades is deprecated in APPPATH\Controllers\Unidades.php on line 9.
 1 SYSTEMPATH\CodeIgniter.php(891): App\Controllers\Unidades->__construct()
 2 SYSTEMPATH\CodeIgniter.php(485): CodeIgniter\CodeIgniter->createController()
 3 SYSTEMPATH\CodeIgniter.php(353): CodeIgniter\CodeIgniter->handleRequest(null, Object(Config\Cache), false)
 4 FCPATH\index.php(79): CodeIgniter\CodeIgniter->run()
INFO - 2023-10-23 18:34:17 --> Session: Class initialized using 'CodeIgniter\Session\Handlers\FileHandler' driver.
WARNING - 2023-10-23 18:34:20 --> [DEPRECATED] Creation of dynamic property App\Controllers\Unidades::$unidades is deprecated in APPPATH\Controllers\Unidades.php on line 9.
 1 SYSTEMPATH\CodeIgniter.php(891): App\Controllers\Unidades->__construct()
 2 SYSTEMPATH\CodeIgniter.php(485): CodeIgniter\CodeIgniter->createController()
 3 SYSTEMPATH\CodeIgniter.php(353): CodeIgniter\CodeIgniter->handleRequest(null, Object(Config\Cache), false)
 4 FCPATH\index.php(79): CodeIgniter\CodeIgniter->run()
INFO - 2023-10-23 18:34:20 --> Session: Class initialized using 'CodeIgniter\Session\Handlers\FileHandler' driver.
WARNING - 2023-10-23 18:36:40 --> [DEPRECATED] Creation of dynamic property App\Controllers\Unidades::$unidades is deprecated in APPPATH\Controllers\Unidades.php on line 9.
 1 SYSTEMPATH\CodeIgniter.php(891): App\Controllers\Unidades->__construct()
 2 SYSTEMPATH\CodeIgniter.php(485): CodeIgniter\CodeIgniter->createController()
 3 SYSTEMPATH\CodeIgniter.php(353): CodeIgniter\CodeIgniter->handleRequest(null, Object(Config\Cache), false)
 4 FCPATH\index.php(79): CodeIgniter\CodeIgniter->run()
INFO - 2023-10-23 18:36:40 --> Session: Class initialized using 'CodeIgniter\Session\Handlers\FileHandler' driver.
CRITICAL - 2023-10-23 18:36:40 --> Invalid file: "unidades/nuevo.php"
in SYSTEMPATH\Exceptions\FrameworkException.php on line 39.
 1 SYSTEMPATH\View\View.php(214): CodeIgniter\Exceptions\FrameworkException::forInvalidFile('unidades/nuevo.php')
 2 SYSTEMPATH\Common.php(1188): CodeIgniter\View\View->render('unidades/nuevo', [], true)
 3 APPPATH\Controllers\Unidades.php(31): view('unidades/nuevo', [...])
 4 SYSTEMPATH\CodeIgniter.php(919): App\Controllers\Unidades->nuevo()
 5 SYSTEMPATH\CodeIgniter.php(494): CodeIgniter\CodeIgniter->runController(Object(App\Controllers\Unidades))
 6 SYSTEMPATH\CodeIgniter.php(353): CodeIgniter\CodeIgniter->handleRequest(null, Object(Config\Cache), false)
 7 FCPATH\index.php(79): CodeIgniter\CodeIgniter->run()
WARNING - 2023-10-23 18:36:42 --> [DEPRECATED] Creation of dynamic property App\Controllers\Unidades::$unidades is deprecated in APPPATH\Controllers\Unidades.php on line 9.
 1 SYSTEMPATH\CodeIgniter.php(891): App\Controllers\Unidades->__construct()
 2 SYSTEMPATH\CodeIgniter.php(485): CodeIgniter\CodeIgniter->createController()
 3 SYSTEMPATH\CodeIgniter.php(353): CodeIgniter\CodeIgniter->handleRequest(null, Object(Config\Cache), false)
 4 FCPATH\index.php(79): CodeIgniter\CodeIgniter->run()
INFO - 2023-10-23 18:36:42 --> Session: Class initialized using 'CodeIgniter\Session\Handlers\FileHandler' driver.
WARNING - 2023-10-23 18:36:56 --> [DEPRECATED] Creation of dynamic property App\Controllers\Unidades::$unidades is deprecated in APPPATH\Controllers\Unidades.php on line 9.
 1 SYSTEMPATH\CodeIgniter.php(891): App\Controllers\Unidades->__construct()
 2 SYSTEMPATH\CodeIgniter.php(485): CodeIgniter\CodeIgniter->createController()
 3 SYSTEMPATH\CodeIgniter.php(353): CodeIgniter\CodeIgniter->handleRequest(null, Object(Config\Cache), false)
 4 FCPATH\index.php(79): CodeIgniter\CodeIgniter->run()
INFO - 2023-10-23 18:36:57 --> Session: Class initialized using 'CodeIgniter\Session\Handlers\FileHandler' driver.
WARNING - 2023-10-23 18:41:16 --> [DEPRECATED] Creation of dynamic property App\Controllers\Unidades::$unidades is deprecated in APPPATH\Controllers\Unidades.php on line 9.
 1 SYSTEMPATH\CodeIgniter.php(891): App\Controllers\Unidades->__construct()
 2 SYSTEMPATH\CodeIgniter.php(485): CodeIgniter\CodeIgniter->createController()
 3 SYSTEMPATH\CodeIgniter.php(353): CodeIgniter\CodeIgniter->handleRequest(null, Object(Config\Cache), false)
 4 FCPATH\index.php(79): CodeIgniter\CodeIgniter->run()
INFO - 2023-10-23 18:41:16 --> Session: Class initialized using 'CodeIgniter\Session\Handlers\FileHandler' driver.
WARNING - 2023-10-23 18:41:21 --> [DEPRECATED] Creation of dynamic property App\Controllers\Unidades::$unidades is deprecated in APPPATH\Controllers\Unidades.php on line 9.
 1 SYSTEMPATH\CodeIgniter.php(891): App\Controllers\Unidades->__construct()
 2 SYSTEMPATH\CodeIgniter.php(485): CodeIgniter\CodeIgniter->createController()
 3 SYSTEMPATH\CodeIgniter.php(353): CodeIgniter\CodeIgniter->handleRequest(null, Object(Config\Cache), false)
 4 FCPATH\index.php(79): CodeIgniter\CodeIgniter->run()
INFO - 2023-10-23 18:41:21 --> Session: Class initialized using 'CodeIgniter\Session\Handlers\FileHandler' driver.
CRITICAL - 2023-10-23 18:41:21 --> Invalid file: "unidades/nuevo.php"
in SYSTEMPATH\Exceptions\FrameworkException.php on line 39.
 1 SYSTEMPATH\View\View.php(214): CodeIgniter\Exceptions\FrameworkException::forInvalidFile('unidades/nuevo.php')
 2 SYSTEMPATH\Common.php(1188): CodeIgniter\View\View->render('unidades/nuevo', [], true)
 3 APPPATH\Controllers\Unidades.php(31): view('unidades/nuevo', [...])
 4 SYSTEMPATH\CodeIgniter.php(919): App\Controllers\Unidades->nuevo()
 5 SYSTEMPATH\CodeIgniter.php(494): CodeIgniter\CodeIgniter->runController(Object(App\Controllers\Unidades))
 6 SYSTEMPATH\CodeIgniter.php(353): CodeIgniter\CodeIgniter->handleRequest(null, Object(Config\Cache), false)
 7 FCPATH\index.php(79): CodeIgniter\CodeIgniter->run()
WARNING - 2023-10-23 18:41:50 --> [DEPRECATED] Creation of dynamic property App\Controllers\Unidades::$unidades is deprecated in APPPATH\Controllers\Unidades.php on line 9.
 1 SYSTEMPATH\CodeIgniter.php(891): App\Controllers\Unidades->__construct()
 2 SYSTEMPATH\CodeIgniter.php(485): CodeIgniter\CodeIgniter->createController()
 3 SYSTEMPATH\CodeIgniter.php(353): CodeIgniter\CodeIgniter->handleRequest(null, Object(Config\Cache), false)
 4 FCPATH\index.php(79): CodeIgniter\CodeIgniter->run()
INFO - 2023-10-23 18:41:50 --> Session: Class initialized using 'CodeIgniter\Session\Handlers\FileHandler' driver.
WARNING - 2023-10-23 18:41:51 --> [DEPRECATED] Creation of dynamic property App\Controllers\Unidades::$unidades is deprecated in APPPATH\Controllers\Unidades.php on line 9.
 1 SYSTEMPATH\CodeIgniter.php(891): App\Controllers\Unidades->__construct()
 2 SYSTEMPATH\CodeIgniter.php(485): CodeIgniter\CodeIgniter->createController()
 3 SYSTEMPATH\CodeIgniter.php(353): CodeIgniter\CodeIgniter->handleRequest(null, Object(Config\Cache), false)
 4 FCPATH\index.php(79): CodeIgniter\CodeIgniter->run()
INFO - 2023-10-23 18:41:51 --> Session: Class initialized using 'CodeIgniter\Session\Handlers\FileHandler' driver.
WARNING - 2023-10-23 18:42:03 --> [DEPRECATED] Creation of dynamic property App\Controllers\Unidades::$unidades is deprecated in APPPATH\Controllers\Unidades.php on line 9.
 1 SYSTEMPATH\CodeIgniter.php(891): App\Controllers\Unidades->__construct()
 2 SYSTEMPATH\CodeIgniter.php(485): CodeIgniter\CodeIgniter->createController()
 3 SYSTEMPATH\CodeIgniter.php(353): CodeIgniter\CodeIgniter->handleRequest(null, Object(Config\Cache), false)
 4 FCPATH\index.php(79): CodeIgniter\CodeIgniter->run()
INFO - 2023-10-23 18:42:03 --> Session: Class initialized using 'CodeIgniter\Session\Handlers\FileHandler' driver.
WARNING - 2023-10-23 18:42:14 --> [DEPRECATED] Creation of dynamic property App\Controllers\Unidades::$unidades is deprecated in APPPATH\Controllers\Unidades.php on line 9.
 1 SYSTEMPATH\CodeIgniter.php(891): App\Controllers\Unidades->__construct()
 2 SYSTEMPATH\CodeIgniter.php(485): CodeIgniter\CodeIgniter->createController()
 3 SYSTEMPATH\CodeIgniter.php(353): CodeIgniter\CodeIgniter->handleRequest(null, Object(Config\Cache), false)
 4 FCPATH\index.php(79): CodeIgniter\CodeIgniter->run()
INFO - 2023-10-23 18:42:14 --> Session: Class initialized using 'CodeIgniter\Session\Handlers\FileHandler' driver.
WARNING - 2023-10-23 18:42:21 --> [DEPRECATED] Creation of dynamic property App\Controllers\Unidades::$unidades is deprecated in APPPATH\Controllers\Unidades.php on line 9.
 1 SYSTEMPATH\CodeIgniter.php(891): App\Controllers\Unidades->__construct()
 2 SYSTEMPATH\CodeIgniter.php(485): CodeIgniter\CodeIgniter->createController()
 3 SYSTEMPATH\CodeIgniter.php(353): CodeIgniter\CodeIgniter->handleRequest(null, Object(Config\Cache), false)
 4 FCPATH\index.php(79): CodeIgniter\CodeIgniter->run()
INFO - 2023-10-23 18:42:21 --> Session: Class initialized using 'CodeIgniter\Session\Handlers\FileHandler' driver.
CRITICAL - 2023-10-23 18:42:21 --> Invalid file: "unidades/nuevo.php"
in SYSTEMPATH\Exceptions\FrameworkException.php on line 39.
 1 SYSTEMPATH\View\View.php(214): CodeIgniter\Exceptions\FrameworkException::forInvalidFile('unidades/nuevo.php')
 2 SYSTEMPATH\Common.php(1188): CodeIgniter\View\View->render('unidades/nuevo', [], true)
 3 APPPATH\Controllers\Unidades.php(31): view('unidades/nuevo', [...])
 4 SYSTEMPATH\CodeIgniter.php(919): App\Controllers\Unidades->nuevo()
 5 SYSTEMPATH\CodeIgniter.php(494): CodeIgniter\CodeIgniter->runController(Object(App\Controllers\Unidades))
 6 SYSTEMPATH\CodeIgniter.php(353): CodeIgniter\CodeIgniter->handleRequest(null, Object(Config\Cache), false)
 7 FCPATH\index.php(79): CodeIgniter\CodeIgniter->run()
WARNING - 2023-10-23 18:42:30 --> [DEPRECATED] Creation of dynamic property App\Controllers\Unidades::$unidades is deprecated in APPPATH\Controllers\Unidades.php on line 9.
 1 SYSTEMPATH\CodeIgniter.php(891): App\Controllers\Unidades->__construct()
 2 SYSTEMPATH\CodeIgniter.php(485): CodeIgniter\CodeIgniter->createController()
 3 SYSTEMPATH\CodeIgniter.php(353): CodeIgniter\CodeIgniter->handleRequest(null, Object(Config\Cache), false)
 4 FCPATH\index.php(79): CodeIgniter\CodeIgniter->run()
INFO - 2023-10-23 18:42:30 --> Session: Class initialized using 'CodeIgniter\Session\Handlers\FileHandler' driver.
CRITICAL - 2023-10-23 18:42:30 --> Invalid file: "unidades/nuevo.php"
in SYSTEMPATH\Exceptions\FrameworkException.php on line 39.
 1 SYSTEMPATH\View\View.php(214): CodeIgniter\Exceptions\FrameworkException::forInvalidFile('unidades/nuevo.php')
 2 SYSTEMPATH\Common.php(1188): CodeIgniter\View\View->render('unidades/nuevo', [], true)
 3 APPPATH\Controllers\Unidades.php(31): view('unidades/nuevo', [...])
 4 SYSTEMPATH\CodeIgniter.php(919): App\Controllers\Unidades->nuevo()
 5 SYSTEMPATH\CodeIgniter.php(494): CodeIgniter\CodeIgniter->runController(Object(App\Controllers\Unidades))
 6 SYSTEMPATH\CodeIgniter.php(353): CodeIgniter\CodeIgniter->handleRequest(null, Object(Config\Cache), false)
 7 FCPATH\index.php(79): CodeIgniter\CodeIgniter->run()
WARNING - 2023-10-23 18:42:33 --> [DEPRECATED] Creation of dynamic property App\Controllers\Unidades::$unidades is deprecated in APPPATH\Controllers\Unidades.php on line 9.
 1 SYSTEMPATH\CodeIgniter.php(891): App\Controllers\Unidades->__construct()
 2 SYSTEMPATH\CodeIgniter.php(485): CodeIgniter\CodeIgniter->createController()
 3 SYSTEMPATH\CodeIgniter.php(353): CodeIgniter\CodeIgniter->handleRequest(null, Object(Config\Cache), false)
 4 FCPATH\index.php(79): CodeIgniter\CodeIgniter->run()
INFO - 2023-10-23 18:42:33 --> Session: Class initialized using 'CodeIgniter\Session\Handlers\FileHandler' driver.
WARNING - 2023-10-23 18:42:36 --> [DEPRECATED] Creation of dynamic property App\Controllers\Unidades::$unidades is deprecated in APPPATH\Controllers\Unidades.php on line 9.
 1 SYSTEMPATH\CodeIgniter.php(891): App\Controllers\Unidades->__construct()
 2 SYSTEMPATH\CodeIgniter.php(485): CodeIgniter\CodeIgniter->createController()
 3 SYSTEMPATH\CodeIgniter.php(353): CodeIgniter\CodeIgniter->handleRequest(null, Object(Config\Cache), false)
 4 FCPATH\index.php(79): CodeIgniter\CodeIgniter->run()
INFO - 2023-10-23 18:42:36 --> Session: Class initialized using 'CodeIgniter\Session\Handlers\FileHandler' driver.
WARNING - 2023-10-23 18:42:46 --> [DEPRECATED] Creation of dynamic property App\Controllers\Unidades::$unidades is deprecated in APPPATH\Controllers\Unidades.php on line 9.
 1 SYSTEMPATH\CodeIgniter.php(891): App\Controllers\Unidades->__construct()
 2 SYSTEMPATH\CodeIgniter.php(485): CodeIgniter\CodeIgniter->createController()
 3 SYSTEMPATH\CodeIgniter.php(353): CodeIgniter\CodeIgniter->handleRequest(null, Object(Config\Cache), false)
 4 FCPATH\index.php(79): CodeIgniter\CodeIgniter->run()
INFO - 2023-10-23 18:42:46 --> Session: Class initialized using 'CodeIgniter\Session\Handlers\FileHandler' driver.
CRITICAL - 2023-10-23 18:42:46 --> Invalid file: "unidades/nuevo.php"
in SYSTEMPATH\Exceptions\FrameworkException.php on line 39.
 1 SYSTEMPATH\View\View.php(214): CodeIgniter\Exceptions\FrameworkException::forInvalidFile('unidades/nuevo.php')
 2 SYSTEMPATH\Common.php(1188): CodeIgniter\View\View->render('unidades/nuevo', [], true)
 3 APPPATH\Controllers\Unidades.php(31): view('unidades/nuevo', [...])
 4 SYSTEMPATH\CodeIgniter.php(919): App\Controllers\Unidades->nuevo()
 5 SYSTEMPATH\CodeIgniter.php(494): CodeIgniter\CodeIgniter->runController(Object(App\Controllers\Unidades))
 6 SYSTEMPATH\CodeIgniter.php(353): CodeIgniter\CodeIgniter->handleRequest(null, Object(Config\Cache), false)
 7 FCPATH\index.php(79): CodeIgniter\CodeIgniter->run()
WARNING - 2023-10-23 18:44:36 --> [DEPRECATED] Creation of dynamic property App\Controllers\Unidades::$unidades is deprecated in APPPATH\Controllers\Unidades.php on line 9.
 1 SYSTEMPATH\CodeIgniter.php(891): App\Controllers\Unidades->__construct()
 2 SYSTEMPATH\CodeIgniter.php(485): CodeIgniter\CodeIgniter->createController()
 3 SYSTEMPATH\CodeIgniter.php(353): CodeIgniter\CodeIgniter->handleRequest(null, Object(Config\Cache), false)
 4 FCPATH\index.php(79): CodeIgniter\CodeIgniter->run()
INFO - 2023-10-23 18:44:36 --> Session: Class initialized using 'CodeIgniter\Session\Handlers\FileHandler' driver.
WARNING - 2023-10-23 18:44:38 --> [DEPRECATED] Creation of dynamic property App\Controllers\Unidades::$unidades is deprecated in APPPATH\Controllers\Unidades.php on line 9.
 1 SYSTEMPATH\CodeIgniter.php(891): App\Controllers\Unidades->__construct()
 2 SYSTEMPATH\CodeIgniter.php(485): CodeIgniter\CodeIgniter->createController()
 3 SYSTEMPATH\CodeIgniter.php(353): CodeIgniter\CodeIgniter->handleRequest(null, Object(Config\Cache), false)
 4 FCPATH\index.php(79): CodeIgniter\CodeIgniter->run()
INFO - 2023-10-23 18:44:38 --> Session: Class initialized using 'CodeIgniter\Session\Handlers\FileHandler' driver.
WARNING - 2023-10-23 18:44:55 --> [DEPRECATED] Creation of dynamic property App\Controllers\Unidades::$unidades is deprecated in APPPATH\Controllers\Unidades.php on line 9.
 1 SYSTEMPATH\CodeIgniter.php(891): App\Controllers\Unidades->__construct()
 2 SYSTEMPATH\CodeIgniter.php(485): CodeIgniter\CodeIgniter->createController()
 3 SYSTEMPATH\CodeIgniter.php(353): CodeIgniter\CodeIgniter->handleRequest(null, Object(Config\Cache), false)
 4 FCPATH\index.php(79): CodeIgniter\CodeIgniter->run()
INFO - 2023-10-23 18:44:55 --> Session: Class initialized using 'CodeIgniter\Session\Handlers\FileHandler' driver.
WARNING - 2023-10-23 18:45:43 --> [DEPRECATED] Creation of dynamic property App\Controllers\Unidades::$unidades is deprecated in APPPATH\Controllers\Unidades.php on line 9.
 1 SYSTEMPATH\CodeIgniter.php(891): App\Controllers\Unidades->__construct()
 2 SYSTEMPATH\CodeIgniter.php(485): CodeIgniter\CodeIgniter->createController()
 3 SYSTEMPATH\CodeIgniter.php(353): CodeIgniter\CodeIgniter->handleRequest(null, Object(Config\Cache), false)
 4 FCPATH\index.php(79): CodeIgniter\CodeIgniter->run()
INFO - 2023-10-23 18:45:43 --> Session: Class initialized using 'CodeIgniter\Session\Handlers\FileHandler' driver.
WARNING - 2023-10-23 18:45:49 --> [DEPRECATED] Creation of dynamic property App\Controllers\Unidades::$unidades is deprecated in APPPATH\Controllers\Unidades.php on line 9.
 1 SYSTEMPATH\CodeIgniter.php(891): App\Controllers\Unidades->__construct()
 2 SYSTEMPATH\CodeIgniter.php(485): CodeIgniter\CodeIgniter->createController()
 3 SYSTEMPATH\CodeIgniter.php(353): CodeIgniter\CodeIgniter->handleRequest(null, Object(Config\Cache), false)
 4 FCPATH\index.php(79): CodeIgniter\CodeIgniter->run()
INFO - 2023-10-23 18:45:49 --> Session: Class initialized using 'CodeIgniter\Session\Handlers\FileHandler' driver.
WARNING - 2023-10-23 18:47:30 --> [DEPRECATED] Creation of dynamic property App\Controllers\Unidades::$unidades is deprecated in APPPATH\Controllers\Unidades.php on line 9.
 1 SYSTEMPATH\CodeIgniter.php(891): App\Controllers\Unidades->__construct()
 2 SYSTEMPATH\CodeIgniter.php(485): CodeIgniter\CodeIgniter->createController()
 3 SYSTEMPATH\CodeIgniter.php(353): CodeIgniter\CodeIgniter->handleRequest(null, Object(Config\Cache), false)
 4 FCPATH\index.php(79): CodeIgniter\CodeIgniter->run()
INFO - 2023-10-23 18:47:30 --> Session: Class initialized using 'CodeIgniter\Session\Handlers\FileHandler' driver.
WARNING - 2023-10-23 18:48:08 --> [DEPRECATED] Creation of dynamic property App\Controllers\Unidades::$unidades is deprecated in APPPATH\Controllers\Unidades.php on line 9.
 1 SYSTEMPATH\CodeIgniter.php(891): App\Controllers\Unidades->__construct()
 2 SYSTEMPATH\CodeIgniter.php(485): CodeIgniter\CodeIgniter->createController()
 3 SYSTEMPATH\CodeIgniter.php(353): CodeIgniter\CodeIgniter->handleRequest(null, Object(Config\Cache), false)
 4 FCPATH\index.php(79): CodeIgniter\CodeIgniter->run()
INFO - 2023-10-23 18:48:08 --> Session: Class initialized using 'CodeIgniter\Session\Handlers\FileHandler' driver.
INFO - 2023-10-23 18:48:53 --> Session: Class initialized using 'CodeIgniter\Session\Handlers\FileHandler' driver.
INFO - 2023-10-23 18:48:55 --> Session: Class initialized using 'CodeIgniter\Session\Handlers\FileHandler' driver.
INFO - 2023-10-23 18:48:55 --> Session: Class initialized using 'CodeIgniter\Session\Handlers\FileHandler' driver.
INFO - 2023-10-23 18:48:59 --> Session: Class initialized using 'CodeIgniter\Session\Handlers\FileHandler' driver.
INFO - 2023-10-23 18:48:59 --> Session: Class initialized using 'CodeIgniter\Session\Handlers\FileHandler' driver.
WARNING - 2023-10-23 18:49:37 --> [DEPRECATED] Creation of dynamic property App\Controllers\Unidades::$unidades is deprecated in APPPATH\Controllers\Unidades.php on line 9.
 1 SYSTEMPATH\CodeIgniter.php(891): App\Controllers\Unidades->__construct()
 2 SYSTEMPATH\CodeIgniter.php(485): CodeIgniter\CodeIgniter->createController()
 3 SYSTEMPATH\CodeIgniter.php(353): CodeIgniter\CodeIgniter->handleRequest(null, Object(Config\Cache), false)
 4 FCPATH\index.php(79): CodeIgniter\CodeIgniter->run()
INFO - 2023-10-23 18:49:37 --> Session: Class initialized using 'CodeIgniter\Session\Handlers\FileHandler' driver.
WARNING - 2023-10-23 18:49:41 --> [DEPRECATED] Creation of dynamic property App\Controllers\Unidades::$unidades is deprecated in APPPATH\Controllers\Unidades.php on line 9.
 1 SYSTEMPATH\CodeIgniter.php(891): App\Controllers\Unidades->__construct()
 2 SYSTEMPATH\CodeIgniter.php(485): CodeIgniter\CodeIgniter->createController()
 3 SYSTEMPATH\CodeIgniter.php(353): CodeIgniter\CodeIgniter->handleRequest(null, Object(Config\Cache), false)
 4 FCPATH\index.php(79): CodeIgniter\CodeIgniter->run()
INFO - 2023-10-23 18:49:41 --> Session: Class initialized using 'CodeIgniter\Session\Handlers\FileHandler' driver.
WARNING - 2023-10-23 19:02:08 --> [DEPRECATED] Creation of dynamic property App\Controllers\Unidades::$unidades is deprecated in APPPATH\Controllers\Unidades.php on line 9.
 1 SYSTEMPATH\CodeIgniter.php(891): App\Controllers\Unidades->__construct()
 2 SYSTEMPATH\CodeIgniter.php(485): CodeIgniter\CodeIgniter->createController()
 3 SYSTEMPATH\CodeIgniter.php(353): CodeIgniter\CodeIgniter->handleRequest(null, Object(Config\Cache), false)
 4 FCPATH\index.php(79): CodeIgniter\CodeIgniter->run()
INFO - 2023-10-23 19:02:08 --> Session: Class initialized using 'CodeIgniter\Session\Handlers\FileHandler' driver.
WARNING - 2023-10-23 19:02:27 --> [DEPRECATED] Creation of dynamic property App\Controllers\Unidades::$unidades is deprecated in APPPATH\Controllers\Unidades.php on line 9.
 1 SYSTEMPATH\CodeIgniter.php(891): App\Controllers\Unidades->__construct()
 2 SYSTEMPATH\CodeIgniter.php(485): CodeIgniter\CodeIgniter->createController()
 3 SYSTEMPATH\CodeIgniter.php(353): CodeIgniter\CodeIgniter->handleRequest(null, Object(Config\Cache), false)
 4 FCPATH\index.php(79): CodeIgniter\CodeIgniter->run()
INFO - 2023-10-23 19:02:27 --> Session: Class initialized using 'CodeIgniter\Session\Handlers\FileHandler' driver.
WARNING - 2023-10-23 19:02:37 --> [DEPRECATED] Creation of dynamic property App\Controllers\Unidades::$unidades is deprecated in APPPATH\Controllers\Unidades.php on line 9.
 1 SYSTEMPATH\CodeIgniter.php(891): App\Controllers\Unidades->__construct()
 2 SYSTEMPATH\CodeIgniter.php(485): CodeIgniter\CodeIgniter->createController()
 3 SYSTEMPATH\CodeIgniter.php(353): CodeIgniter\CodeIgniter->handleRequest(null, Object(Config\Cache), false)
 4 FCPATH\index.php(79): CodeIgniter\CodeIgniter->run()
INFO - 2023-10-23 19:02:37 --> Session: Class initialized using 'CodeIgniter\Session\Handlers\FileHandler' driver.
INFO - 2023-10-23 19:02:40 --> Session: Class initialized using 'CodeIgniter\Session\Handlers\FileHandler' driver.
WARNING - 2023-10-23 19:03:07 --> [DEPRECATED] Creation of dynamic property App\Controllers\Unidades::$unidades is deprecated in APPPATH\Controllers\Unidades.php on line 9.
 1 SYSTEMPATH\CodeIgniter.php(891): App\Controllers\Unidades->__construct()
 2 SYSTEMPATH\CodeIgniter.php(485): CodeIgniter\CodeIgniter->createController()
 3 SYSTEMPATH\CodeIgniter.php(353): CodeIgniter\CodeIgniter->handleRequest(null, Object(Config\Cache), false)
 4 FCPATH\index.php(79): CodeIgniter\CodeIgniter->run()
INFO - 2023-10-23 19:03:07 --> Session: Class initialized using 'CodeIgniter\Session\Handlers\FileHandler' driver.
WARNING - 2023-10-23 19:03:10 --> [DEPRECATED] Creation of dynamic property App\Controllers\Unidades::$unidades is deprecated in APPPATH\Controllers\Unidades.php on line 9.
 1 SYSTEMPATH\CodeIgniter.php(891): App\Controllers\Unidades->__construct()
 2 SYSTEMPATH\CodeIgniter.php(485): CodeIgniter\CodeIgniter->createController()
 3 SYSTEMPATH\CodeIgniter.php(353): CodeIgniter\CodeIgniter->handleRequest(null, Object(Config\Cache), false)
 4 FCPATH\index.php(79): CodeIgniter\CodeIgniter->run()
INFO - 2023-10-23 19:03:10 --> Session: Class initialized using 'CodeIgniter\Session\Handlers\FileHandler' driver.
WARNING - 2023-10-23 19:03:19 --> [DEPRECATED] Creation of dynamic property App\Controllers\Unidades::$unidades is deprecated in APPPATH\Controllers\Unidades.php on line 9.
 1 SYSTEMPATH\CodeIgniter.php(891): App\Controllers\Unidades->__construct()
 2 SYSTEMPATH\CodeIgniter.php(485): CodeIgniter\CodeIgniter->createController()
 3 SYSTEMPATH\CodeIgniter.php(353): CodeIgniter\CodeIgniter->handleRequest(null, Object(Config\Cache), false)
 4 FCPATH\index.php(79): CodeIgniter\CodeIgniter->run()
INFO - 2023-10-23 19:03:19 --> Session: Class initialized using 'CodeIgniter\Session\Handlers\FileHandler' driver.
WARNING - 2023-10-23 19:03:22 --> [DEPRECATED] Creation of dynamic property App\Controllers\Unidades::$unidades is deprecated in APPPATH\Controllers\Unidades.php on line 9.
 1 SYSTEMPATH\CodeIgniter.php(891): App\Controllers\Unidades->__construct()
 2 SYSTEMPATH\CodeIgniter.php(485): CodeIgniter\CodeIgniter->createController()
 3 SYSTEMPATH\CodeIgniter.php(353): CodeIgniter\CodeIgniter->handleRequest(null, Object(Config\Cache), false)
 4 FCPATH\index.php(79): CodeIgniter\CodeIgniter->run()
INFO - 2023-10-23 19:03:22 --> Session: Class initialized using 'CodeIgniter\Session\Handlers\FileHandler' driver.
WARNING - 2023-10-23 19:03:52 --> [DEPRECATED] Creation of dynamic property App\Controllers\Unidades::$unidades is deprecated in APPPATH\Controllers\Unidades.php on line 9.
 1 SYSTEMPATH\CodeIgniter.php(891): App\Controllers\Unidades->__construct()
 2 SYSTEMPATH\CodeIgniter.php(485): CodeIgniter\CodeIgniter->createController()
 3 SYSTEMPATH\CodeIgniter.php(353): CodeIgniter\CodeIgniter->handleRequest(null, Object(Config\Cache), false)
 4 FCPATH\index.php(79): CodeIgniter\CodeIgniter->run()
INFO - 2023-10-23 19:03:52 --> Session: Class initialized using 'CodeIgniter\Session\Handlers\FileHandler' driver.
WARNING - 2023-10-23 19:10:41 --> [DEPRECATED] Creation of dynamic property App\Controllers\Unidades::$unidades is deprecated in APPPATH\Controllers\Unidades.php on line 9.
 1 SYSTEMPATH\CodeIgniter.php(891): App\Controllers\Unidades->__construct()
 2 SYSTEMPATH\CodeIgniter.php(485): CodeIgniter\CodeIgniter->createController()
 3 SYSTEMPATH\CodeIgniter.php(353): CodeIgniter\CodeIgniter->handleRequest(null, Object(Config\Cache), false)
 4 FCPATH\index.php(79): CodeIgniter\CodeIgniter->run()
INFO - 2023-10-23 19:10:41 --> Session: Class initialized using 'CodeIgniter\Session\Handlers\FileHandler' driver.
WARNING - 2023-10-23 19:15:25 --> [DEPRECATED] Creation of dynamic property App\Controllers\Unidades::$unidades is deprecated in APPPATH\Controllers\Unidades.php on line 9.
 1 SYSTEMPATH\CodeIgniter.php(891): App\Controllers\Unidades->__construct()
 2 SYSTEMPATH\CodeIgniter.php(485): CodeIgniter\CodeIgniter->createController()
 3 SYSTEMPATH\CodeIgniter.php(353): CodeIgniter\CodeIgniter->handleRequest(null, Object(Config\Cache), false)
 4 FCPATH\index.php(79): CodeIgniter\CodeIgniter->run()
INFO - 2023-10-23 19:15:25 --> Session: Class initialized using 'CodeIgniter\Session\Handlers\FileHandler' driver.
WARNING - 2023-10-23 19:15:28 --> [DEPRECATED] Creation of dynamic property App\Controllers\Unidades::$unidades is deprecated in APPPATH\Controllers\Unidades.php on line 9.
 1 SYSTEMPATH\CodeIgniter.php(891): App\Controllers\Unidades->__construct()
 2 SYSTEMPATH\CodeIgniter.php(485): CodeIgniter\CodeIgniter->createController()
 3 SYSTEMPATH\CodeIgniter.php(353): CodeIgniter\CodeIgniter->handleRequest(null, Object(Config\Cache), false)
 4 FCPATH\index.php(79): CodeIgniter\CodeIgniter->run()
INFO - 2023-10-23 19:15:28 --> Session: Class initialized using 'CodeIgniter\Session\Handlers\FileHandler' driver.
WARNING - 2023-10-23 19:15:42 --> [DEPRECATED] Creation of dynamic property App\Controllers\Unidades::$unidades is deprecated in APPPATH\Controllers\Unidades.php on line 9.
 1 SYSTEMPATH\CodeIgniter.php(891): App\Controllers\Unidades->__construct()
 2 SYSTEMPATH\CodeIgniter.php(485): CodeIgniter\CodeIgniter->createController()
 3 SYSTEMPATH\CodeIgniter.php(353): CodeIgniter\CodeIgniter->handleRequest(null, Object(Config\Cache), false)
 4 FCPATH\index.php(79): CodeIgniter\CodeIgniter->run()
ERROR - 2023-10-23 19:15:42 --> mysqli_sql_exception: Column 'nombre' cannot be null in C:\xampp\htdocs\pizeria\system\Database\MySQLi\Connection.php:306
Stack trace:
#0 C:\xampp\htdocs\pizeria\system\Database\MySQLi\Connection.php(306): mysqli->query('INSERT INTO `un...', 0)
#1 C:\xampp\htdocs\pizeria\system\Database\BaseConnection.php(692): CodeIgniter\Database\MySQLi\Connection->execute('INSERT INTO `un...')
#2 C:\xampp\htdocs\pizeria\system\Database\BaseConnection.php(606): CodeIgniter\Database\BaseConnection->simpleQuery('INSERT INTO `un...')
#3 C:\xampp\htdocs\pizeria\system\Database\BaseBuilder.php(2308): CodeIgniter\Database\BaseConnection->query('INSERT INTO `un...', Array, false)
#4 C:\xampp\htdocs\pizeria\system\Model.php(319): CodeIgniter\Database\BaseBuilder->insert()
#5 C:\xampp\htdocs\pizeria\system\BaseModel.php(788): CodeIgniter\Model->doInsert(Array)
#6 C:\xampp\htdocs\pizeria\system\Model.php(715): CodeIgniter\BaseModel->insert(Array, false)
#7 C:\xampp\htdocs\pizeria\system\BaseModel.php(698): CodeIgniter\Model->insert(Array, false)
#8 C:\xampp\htdocs\pizeria\app\Controllers\Unidades.php(36): CodeIgniter\BaseModel->save(Array)
#9 C:\xampp\htdocs\pizeria\system\CodeIgniter.php(919): App\Controllers\Unidades->insertar()
#10 C:\xampp\htdocs\pizeria\system\CodeIgniter.php(494): CodeIgniter\CodeIgniter->runController(Object(App\Controllers\Unidades))
#11 C:\xampp\htdocs\pizeria\system\CodeIgniter.php(353): CodeIgniter\CodeIgniter->handleRequest(NULL, Object(Config\Cache), false)
#12 C:\xampp\htdocs\pizeria\public\index.php(79): CodeIgniter\CodeIgniter->run()
#13 {main}
CRITICAL - 2023-10-23 19:15:42 --> Column 'nombre' cannot be null
in SYSTEMPATH\Database\BaseConnection.php on line 646.
 1 SYSTEMPATH\Database\BaseBuilder.php(2308): CodeIgniter\Database\BaseConnection->query('INSERT INTO `unidades` (`nombre`, `nombre_corto`, `fecha_alta`, `fecha_edit`) VALUES (:nombre:, :nombre_corto:, :fecha_alta:, :fecha_edit:)', [...], false)
 2 SYSTEMPATH\Model.php(319): CodeIgniter\Database\BaseBuilder->insert()
 3 SYSTEMPATH\BaseModel.php(788): CodeIgniter\Model->doInsert([...])
 4 SYSTEMPATH\Model.php(715): CodeIgniter\BaseModel->insert([...], false)
 5 SYSTEMPATH\BaseModel.php(698): CodeIgniter\Model->insert([...], false)
 6 APPPATH\Controllers\Unidades.php(36): CodeIgniter\BaseModel->save([...])
 7 SYSTEMPATH\CodeIgniter.php(919): App\Controllers\Unidades->insertar()
 8 SYSTEMPATH\CodeIgniter.php(494): CodeIgniter\CodeIgniter->runController(Object(App\Controllers\Unidades))
 9 SYSTEMPATH\CodeIgniter.php(353): CodeIgniter\CodeIgniter->handleRequest(null, Object(Config\Cache), false)
10 FCPATH\index.php(79): CodeIgniter\CodeIgniter->run()
WARNING - 2023-10-23 19:17:44 --> [DEPRECATED] Creation of dynamic property App\Controllers\Unidades::$unidades is deprecated in APPPATH\Controllers\Unidades.php on line 9.
 1 SYSTEMPATH\CodeIgniter.php(891): App\Controllers\Unidades->__construct()
 2 SYSTEMPATH\CodeIgniter.php(485): CodeIgniter\CodeIgniter->createController()
 3 SYSTEMPATH\CodeIgniter.php(353): CodeIgniter\CodeIgniter->handleRequest(null, Object(Config\Cache), false)
 4 FCPATH\index.php(79): CodeIgniter\CodeIgniter->run()
INFO - 2023-10-23 19:17:44 --> Session: Class initialized using 'CodeIgniter\Session\Handlers\FileHandler' driver.
WARNING - 2023-10-23 19:19:32 --> [DEPRECATED] Creation of dynamic property App\Controllers\Unidades::$unidades is deprecated in APPPATH\Controllers\Unidades.php on line 9.
 1 SYSTEMPATH\CodeIgniter.php(891): App\Controllers\Unidades->__construct()
 2 SYSTEMPATH\CodeIgniter.php(485): CodeIgniter\CodeIgniter->createController()
 3 SYSTEMPATH\CodeIgniter.php(353): CodeIgniter\CodeIgniter->handleRequest(null, Object(Config\Cache), false)
 4 FCPATH\index.php(79): CodeIgniter\CodeIgniter->run()
INFO - 2023-10-23 19:19:32 --> Session: Class initialized using 'CodeIgniter\Session\Handlers\FileHandler' driver.
WARNING - 2023-10-23 19:19:36 --> [DEPRECATED] Creation of dynamic property App\Controllers\Unidades::$unidades is deprecated in APPPATH\Controllers\Unidades.php on line 9.
 1 SYSTEMPATH\CodeIgniter.php(891): App\Controllers\Unidades->__construct()
 2 SYSTEMPATH\CodeIgniter.php(485): CodeIgniter\CodeIgniter->createController()
 3 SYSTEMPATH\CodeIgniter.php(353): CodeIgniter\CodeIgniter->handleRequest(null, Object(Config\Cache), false)
 4 FCPATH\index.php(79): CodeIgniter\CodeIgniter->run()
INFO - 2023-10-23 19:19:36 --> Session: Class initialized using 'CodeIgniter\Session\Handlers\FileHandler' driver.
WARNING - 2023-10-23 19:19:47 --> [DEPRECATED] Creation of dynamic property App\Controllers\Unidades::$unidades is deprecated in APPPATH\Controllers\Unidades.php on line 9.
 1 SYSTEMPATH\CodeIgniter.php(891): App\Controllers\Unidades->__construct()
 2 SYSTEMPATH\CodeIgniter.php(485): CodeIgniter\CodeIgniter->createController()
 3 SYSTEMPATH\CodeIgniter.php(353): CodeIgniter\CodeIgniter->handleRequest(null, Object(Config\Cache), false)
 4 FCPATH\index.php(79): CodeIgniter\CodeIgniter->run()
ERROR - 2023-10-23 19:19:48 --> mysqli_sql_exception: Column 'nombre' cannot be null in C:\xampp\htdocs\pizeria\system\Database\MySQLi\Connection.php:306
Stack trace:
#0 C:\xampp\htdocs\pizeria\system\Database\MySQLi\Connection.php(306): mysqli->query('INSERT INTO `un...', 0)
#1 C:\xampp\htdocs\pizeria\system\Database\BaseConnection.php(692): CodeIgniter\Database\MySQLi\Connection->execute('INSERT INTO `un...')
#2 C:\xampp\htdocs\pizeria\system\Database\BaseConnection.php(606): CodeIgniter\Database\BaseConnection->simpleQuery('INSERT INTO `un...')
#3 C:\xampp\htdocs\pizeria\system\Database\BaseBuilder.php(2308): CodeIgniter\Database\BaseConnection->query('INSERT INTO `un...', Array, false)
#4 C:\xampp\htdocs\pizeria\system\Model.php(319): CodeIgniter\Database\BaseBuilder->insert()
#5 C:\xampp\htdocs\pizeria\system\BaseModel.php(788): CodeIgniter\Model->doInsert(Array)
#6 C:\xampp\htdocs\pizeria\system\Model.php(715): CodeIgniter\BaseModel->insert(Array, false)
#7 C:\xampp\htdocs\pizeria\system\BaseModel.php(698): CodeIgniter\Model->insert(Array, false)
#8 C:\xampp\htdocs\pizeria\app\Controllers\Unidades.php(36): CodeIgniter\BaseModel->save(Array)
#9 C:\xampp\htdocs\pizeria\system\CodeIgniter.php(919): App\Controllers\Unidades->insertar()
#10 C:\xampp\htdocs\pizeria\system\CodeIgniter.php(494): CodeIgniter\CodeIgniter->runController(Object(App\Controllers\Unidades))
#11 C:\xampp\htdocs\pizeria\system\CodeIgniter.php(353): CodeIgniter\CodeIgniter->handleRequest(NULL, Object(Config\Cache), false)
#12 C:\xampp\htdocs\pizeria\public\index.php(79): CodeIgniter\CodeIgniter->run()
#13 {main}
CRITICAL - 2023-10-23 19:19:48 --> Column 'nombre' cannot be null
in SYSTEMPATH\Database\BaseConnection.php on line 646.
 1 SYSTEMPATH\Database\BaseBuilder.php(2308): CodeIgniter\Database\BaseConnection->query('INSERT INTO `unidades` (`nombre`, `nombre_corto`, `fecha_alta`, `fecha_edit`) VALUES (:nombre:, :nombre_corto:, :fecha_alta:, :fecha_edit:)', [...], false)
 2 SYSTEMPATH\Model.php(319): CodeIgniter\Database\BaseBuilder->insert()
 3 SYSTEMPATH\BaseModel.php(788): CodeIgniter\Model->doInsert([...])
 4 SYSTEMPATH\Model.php(715): CodeIgniter\BaseModel->insert([...], false)
 5 SYSTEMPATH\BaseModel.php(698): CodeIgniter\Model->insert([...], false)
 6 APPPATH\Controllers\Unidades.php(36): CodeIgniter\BaseModel->save([...])
 7 SYSTEMPATH\CodeIgniter.php(919): App\Controllers\Unidades->insertar()
 8 SYSTEMPATH\CodeIgniter.php(494): CodeIgniter\CodeIgniter->runController(Object(App\Controllers\Unidades))
 9 SYSTEMPATH\CodeIgniter.php(353): CodeIgniter\CodeIgniter->handleRequest(null, Object(Config\Cache), false)
10 FCPATH\index.php(79): CodeIgniter\CodeIgniter->run()
WARNING - 2023-10-23 19:22:05 --> [DEPRECATED] Creation of dynamic property App\Controllers\Unidades::$unidades is deprecated in APPPATH\Controllers\Unidades.php on line 9.
 1 SYSTEMPATH\CodeIgniter.php(891): App\Controllers\Unidades->__construct()
 2 SYSTEMPATH\CodeIgniter.php(485): CodeIgniter\CodeIgniter->createController()
 3 SYSTEMPATH\CodeIgniter.php(353): CodeIgniter\CodeIgniter->handleRequest(null, Object(Config\Cache), false)
 4 FCPATH\index.php(79): CodeIgniter\CodeIgniter->run()
INFO - 2023-10-23 19:22:05 --> Session: Class initialized using 'CodeIgniter\Session\Handlers\FileHandler' driver.
WARNING - 2023-10-23 19:22:55 --> [DEPRECATED] Creation of dynamic property App\Controllers\Unidades::$unidades is deprecated in APPPATH\Controllers\Unidades.php on line 9.
 1 SYSTEMPATH\CodeIgniter.php(891): App\Controllers\Unidades->__construct()
 2 SYSTEMPATH\CodeIgniter.php(485): CodeIgniter\CodeIgniter->createController()
 3 SYSTEMPATH\CodeIgniter.php(353): CodeIgniter\CodeIgniter->handleRequest(null, Object(Config\Cache), false)
 4 FCPATH\index.php(79): CodeIgniter\CodeIgniter->run()
INFO - 2023-10-23 19:22:55 --> Session: Class initialized using 'CodeIgniter\Session\Handlers\FileHandler' driver.
WARNING - 2023-10-23 19:23:09 --> [DEPRECATED] Creation of dynamic property App\Controllers\Unidades::$unidades is deprecated in APPPATH\Controllers\Unidades.php on line 9.
 1 SYSTEMPATH\CodeIgniter.php(891): App\Controllers\Unidades->__construct()
 2 SYSTEMPATH\CodeIgniter.php(485): CodeIgniter\CodeIgniter->createController()
 3 SYSTEMPATH\CodeIgniter.php(353): CodeIgniter\CodeIgniter->handleRequest(null, Object(Config\Cache), false)
 4 FCPATH\index.php(79): CodeIgniter\CodeIgniter->run()
ERROR - 2023-10-23 19:23:09 --> mysqli_sql_exception: Column 'nombre' cannot be null in C:\xampp\htdocs\pizeria\system\Database\MySQLi\Connection.php:306
Stack trace:
#0 C:\xampp\htdocs\pizeria\system\Database\MySQLi\Connection.php(306): mysqli->query('INSERT INTO `un...', 0)
#1 C:\xampp\htdocs\pizeria\system\Database\BaseConnection.php(692): CodeIgniter\Database\MySQLi\Connection->execute('INSERT INTO `un...')
#2 C:\xampp\htdocs\pizeria\system\Database\BaseConnection.php(606): CodeIgniter\Database\BaseConnection->simpleQuery('INSERT INTO `un...')
#3 C:\xampp\htdocs\pizeria\system\Database\BaseBuilder.php(2308): CodeIgniter\Database\BaseConnection->query('INSERT INTO `un...', Array, false)
#4 C:\xampp\htdocs\pizeria\system\Model.php(319): CodeIgniter\Database\BaseBuilder->insert()
#5 C:\xampp\htdocs\pizeria\system\BaseModel.php(788): CodeIgniter\Model->doInsert(Array)
#6 C:\xampp\htdocs\pizeria\system\Model.php(715): CodeIgniter\BaseModel->insert(Array, false)
#7 C:\xampp\htdocs\pizeria\system\BaseModel.php(698): CodeIgniter\Model->insert(Array, false)
#8 C:\xampp\htdocs\pizeria\app\Controllers\Unidades.php(36): CodeIgniter\BaseModel->save(Array)
#9 C:\xampp\htdocs\pizeria\system\CodeIgniter.php(919): App\Controllers\Unidades->insertar()
#10 C:\xampp\htdocs\pizeria\system\CodeIgniter.php(494): CodeIgniter\CodeIgniter->runController(Object(App\Controllers\Unidades))
#11 C:\xampp\htdocs\pizeria\system\CodeIgniter.php(353): CodeIgniter\CodeIgniter->handleRequest(NULL, Object(Config\Cache), false)
#12 C:\xampp\htdocs\pizeria\public\index.php(79): CodeIgniter\CodeIgniter->run()
#13 {main}
CRITICAL - 2023-10-23 19:23:09 --> Column 'nombre' cannot be null
in SYSTEMPATH\Database\BaseConnection.php on line 646.
 1 SYSTEMPATH\Database\BaseBuilder.php(2308): CodeIgniter\Database\BaseConnection->query('INSERT INTO `unidades` (`nombre`, `nombre_corto`, `fecha_alta`, `fecha_edit`) VALUES (:nombre:, :nombre_corto:, :fecha_alta:, :fecha_edit:)', [...], false)
 2 SYSTEMPATH\Model.php(319): CodeIgniter\Database\BaseBuilder->insert()
 3 SYSTEMPATH\BaseModel.php(788): CodeIgniter\Model->doInsert([...])
 4 SYSTEMPATH\Model.php(715): CodeIgniter\BaseModel->insert([...], false)
 5 SYSTEMPATH\BaseModel.php(698): CodeIgniter\Model->insert([...], false)
 6 APPPATH\Controllers\Unidades.php(36): CodeIgniter\BaseModel->save([...])
 7 SYSTEMPATH\CodeIgniter.php(919): App\Controllers\Unidades->insertar()
 8 SYSTEMPATH\CodeIgniter.php(494): CodeIgniter\CodeIgniter->runController(Object(App\Controllers\Unidades))
 9 SYSTEMPATH\CodeIgniter.php(353): CodeIgniter\CodeIgniter->handleRequest(null, Object(Config\Cache), false)
10 FCPATH\index.php(79): CodeIgniter\CodeIgniter->run()
WARNING - 2023-10-23 19:23:21 --> [DEPRECATED] Creation of dynamic property App\Controllers\Unidades::$unidades is deprecated in APPPATH\Controllers\Unidades.php on line 9.
 1 SYSTEMPATH\CodeIgniter.php(891): App\Controllers\Unidades->__construct()
 2 SYSTEMPATH\CodeIgniter.php(485): CodeIgniter\CodeIgniter->createController()
 3 SYSTEMPATH\CodeIgniter.php(353): CodeIgniter\CodeIgniter->handleRequest(null, Object(Config\Cache), false)
 4 FCPATH\index.php(79): CodeIgniter\CodeIgniter->run()
INFO - 2023-10-23 19:23:21 --> Session: Class initialized using 'CodeIgniter\Session\Handlers\FileHandler' driver.
WARNING - 2023-10-23 19:25:43 --> [DEPRECATED] Creation of dynamic property App\Controllers\Unidades::$unidades is deprecated in APPPATH\Controllers\Unidades.php on line 9.
 1 SYSTEMPATH\CodeIgniter.php(891): App\Controllers\Unidades->__construct()
 2 SYSTEMPATH\CodeIgniter.php(485): CodeIgniter\CodeIgniter->createController()
 3 SYSTEMPATH\CodeIgniter.php(353): CodeIgniter\CodeIgniter->handleRequest(null, Object(Config\Cache), false)
 4 FCPATH\index.php(79): CodeIgniter\CodeIgniter->run()
INFO - 2023-10-23 19:25:43 --> Session: Class initialized using 'CodeIgniter\Session\Handlers\FileHandler' driver.
WARNING - 2023-10-23 19:33:14 --> [DEPRECATED] Creation of dynamic property App\Controllers\Unidades::$unidades is deprecated in APPPATH\Controllers\Unidades.php on line 9.
 1 SYSTEMPATH\CodeIgniter.php(891): App\Controllers\Unidades->__construct()
 2 SYSTEMPATH\CodeIgniter.php(485): CodeIgniter\CodeIgniter->createController()
 3 SYSTEMPATH\CodeIgniter.php(353): CodeIgniter\CodeIgniter->handleRequest(null, Object(Config\Cache), false)
 4 FCPATH\index.php(79): CodeIgniter\CodeIgniter->run()
INFO - 2023-10-23 19:33:14 --> Session: Class initialized using 'CodeIgniter\Session\Handlers\FileHandler' driver.
WARNING - 2023-10-23 19:35:08 --> [DEPRECATED] Creation of dynamic property App\Controllers\Unidades::$unidades is deprecated in APPPATH\Controllers\Unidades.php on line 9.
 1 SYSTEMPATH\CodeIgniter.php(891): App\Controllers\Unidades->__construct()
 2 SYSTEMPATH\CodeIgniter.php(485): CodeIgniter\CodeIgniter->createController()
 3 SYSTEMPATH\CodeIgniter.php(353): CodeIgniter\CodeIgniter->handleRequest(null, Object(Config\Cache), false)
 4 FCPATH\index.php(79): CodeIgniter\CodeIgniter->run()
ERROR - 2023-10-23 19:35:08 --> mysqli_sql_exception: Column 'nombre' cannot be null in C:\xampp\htdocs\pizeria\system\Database\MySQLi\Connection.php:306
Stack trace:
#0 C:\xampp\htdocs\pizeria\system\Database\MySQLi\Connection.php(306): mysqli->query('INSERT INTO `un...', 0)
#1 C:\xampp\htdocs\pizeria\system\Database\BaseConnection.php(692): CodeIgniter\Database\MySQLi\Connection->execute('INSERT INTO `un...')
#2 C:\xampp\htdocs\pizeria\system\Database\BaseConnection.php(606): CodeIgniter\Database\BaseConnection->simpleQuery('INSERT INTO `un...')
#3 C:\xampp\htdocs\pizeria\system\Database\BaseBuilder.php(2308): CodeIgniter\Database\BaseConnection->query('INSERT INTO `un...', Array, false)
#4 C:\xampp\htdocs\pizeria\system\Model.php(319): CodeIgniter\Database\BaseBuilder->insert()
#5 C:\xampp\htdocs\pizeria\system\BaseModel.php(788): CodeIgniter\Model->doInsert(Array)
#6 C:\xampp\htdocs\pizeria\system\Model.php(715): CodeIgniter\BaseModel->insert(Array, false)
#7 C:\xampp\htdocs\pizeria\system\BaseModel.php(698): CodeIgniter\Model->insert(Array, false)
#8 C:\xampp\htdocs\pizeria\app\Controllers\Unidades.php(37): CodeIgniter\BaseModel->save(Array)
#9 C:\xampp\htdocs\pizeria\system\CodeIgniter.php(919): App\Controllers\Unidades->insertar()
#10 C:\xampp\htdocs\pizeria\system\CodeIgniter.php(494): CodeIgniter\CodeIgniter->runController(Object(App\Controllers\Unidades))
#11 C:\xampp\htdocs\pizeria\system\CodeIgniter.php(353): CodeIgniter\CodeIgniter->handleRequest(NULL, Object(Config\Cache), false)
#12 C:\xampp\htdocs\pizeria\public\index.php(79): CodeIgniter\CodeIgniter->run()
#13 {main}
CRITICAL - 2023-10-23 19:35:08 --> Column 'nombre' cannot be null
in SYSTEMPATH\Database\BaseConnection.php on line 646.
 1 SYSTEMPATH\Database\BaseBuilder.php(2308): CodeIgniter\Database\BaseConnection->query('INSERT INTO `unidades` (`nombre`, `nombre_corto`, `fecha_alta`, `fecha_edit`) VALUES (:nombre:, :nombre_corto:, :fecha_alta:, :fecha_edit:)', [...], false)
 2 SYSTEMPATH\Model.php(319): CodeIgniter\Database\BaseBuilder->insert()
 3 SYSTEMPATH\BaseModel.php(788): CodeIgniter\Model->doInsert([...])
 4 SYSTEMPATH\Model.php(715): CodeIgniter\BaseModel->insert([...], false)
 5 SYSTEMPATH\BaseModel.php(698): CodeIgniter\Model->insert([...], false)
 6 APPPATH\Controllers\Unidades.php(37): CodeIgniter\BaseModel->save([...])
 7 SYSTEMPATH\CodeIgniter.php(919): App\Controllers\Unidades->insertar()
 8 SYSTEMPATH\CodeIgniter.php(494): CodeIgniter\CodeIgniter->runController(Object(App\Controllers\Unidades))
 9 SYSTEMPATH\CodeIgniter.php(353): CodeIgniter\CodeIgniter->handleRequest(null, Object(Config\Cache), false)
10 FCPATH\index.php(79): CodeIgniter\CodeIgniter->run()
WARNING - 2023-10-23 19:39:34 --> [DEPRECATED] Creation of dynamic property App\Controllers\Unidades::$unidades is deprecated in APPPATH\Controllers\Unidades.php on line 9.
 1 SYSTEMPATH\CodeIgniter.php(891): App\Controllers\Unidades->__construct()
 2 SYSTEMPATH\CodeIgniter.php(485): CodeIgniter\CodeIgniter->createController()
 3 SYSTEMPATH\CodeIgniter.php(353): CodeIgniter\CodeIgniter->handleRequest(null, Object(Config\Cache), false)
 4 FCPATH\index.php(79): CodeIgniter\CodeIgniter->run()
INFO - 2023-10-23 19:39:34 --> Session: Class initialized using 'CodeIgniter\Session\Handlers\FileHandler' driver.
WARNING - 2023-10-23 19:39:36 --> [DEPRECATED] Creation of dynamic property App\Controllers\Unidades::$unidades is deprecated in APPPATH\Controllers\Unidades.php on line 9.
 1 SYSTEMPATH\CodeIgniter.php(891): App\Controllers\Unidades->__construct()
 2 SYSTEMPATH\CodeIgniter.php(485): CodeIgniter\CodeIgniter->createController()
 3 SYSTEMPATH\CodeIgniter.php(353): CodeIgniter\CodeIgniter->handleRequest(null, Object(Config\Cache), false)
 4 FCPATH\index.php(79): CodeIgniter\CodeIgniter->run()
INFO - 2023-10-23 19:39:36 --> Session: Class initialized using 'CodeIgniter\Session\Handlers\FileHandler' driver.
WARNING - 2023-10-23 19:40:15 --> [DEPRECATED] Creation of dynamic property App\Controllers\Unidades::$unidades is deprecated in APPPATH\Controllers\Unidades.php on line 9.
 1 SYSTEMPATH\CodeIgniter.php(891): App\Controllers\Unidades->__construct()
 2 SYSTEMPATH\CodeIgniter.php(485): CodeIgniter\CodeIgniter->createController()
 3 SYSTEMPATH\CodeIgniter.php(353): CodeIgniter\CodeIgniter->handleRequest(null, Object(Config\Cache), false)
 4 FCPATH\index.php(79): CodeIgniter\CodeIgniter->run()
INFO - 2023-10-23 19:40:15 --> Session: Class initialized using 'CodeIgniter\Session\Handlers\FileHandler' driver.
WARNING - 2023-10-23 19:40:17 --> [DEPRECATED] Creation of dynamic property App\Controllers\Unidades::$unidades is deprecated in APPPATH\Controllers\Unidades.php on line 9.
 1 SYSTEMPATH\CodeIgniter.php(891): App\Controllers\Unidades->__construct()
 2 SYSTEMPATH\CodeIgniter.php(485): CodeIgniter\CodeIgniter->createController()
 3 SYSTEMPATH\CodeIgniter.php(353): CodeIgniter\CodeIgniter->handleRequest(null, Object(Config\Cache), false)
 4 FCPATH\index.php(79): CodeIgniter\CodeIgniter->run()
INFO - 2023-10-23 19:40:17 --> Session: Class initialized using 'CodeIgniter\Session\Handlers\FileHandler' driver.
WARNING - 2023-10-23 19:40:27 --> [DEPRECATED] Creation of dynamic property App\Controllers\Unidades::$unidades is deprecated in APPPATH\Controllers\Unidades.php on line 9.
 1 SYSTEMPATH\CodeIgniter.php(891): App\Controllers\Unidades->__construct()
 2 SYSTEMPATH\CodeIgniter.php(485): CodeIgniter\CodeIgniter->createController()
 3 SYSTEMPATH\CodeIgniter.php(353): CodeIgniter\CodeIgniter->handleRequest(null, Object(Config\Cache), false)
 4 FCPATH\index.php(79): CodeIgniter\CodeIgniter->run()
CRITICAL - 2023-10-23 19:40:27 --> Call to undefined method App\Models\UnidadesModel::insertar
in SYSTEMPATH\Model.php on line 873.
 1 APPPATH\Controllers\Unidades.php(43): CodeIgniter\Model->__call('insertar', [...])
 2 SYSTEMPATH\CodeIgniter.php(919): App\Controllers\Unidades->insertar()
 3 SYSTEMPATH\CodeIgniter.php(494): CodeIgniter\CodeIgniter->runController(Object(App\Controllers\Unidades))
 4 SYSTEMPATH\CodeIgniter.php(353): CodeIgniter\CodeIgniter->handleRequest(null, Object(Config\Cache), false)
 5 FCPATH\index.php(79): CodeIgniter\CodeIgniter->run()
WARNING - 2023-10-23 19:42:01 --> [DEPRECATED] Creation of dynamic property App\Controllers\Unidades::$unidades is deprecated in APPPATH\Controllers\Unidades.php on line 9.
 1 SYSTEMPATH\CodeIgniter.php(891): App\Controllers\Unidades->__construct()
 2 SYSTEMPATH\CodeIgniter.php(485): CodeIgniter\CodeIgniter->createController()
 3 SYSTEMPATH\CodeIgniter.php(353): CodeIgniter\CodeIgniter->handleRequest(null, Object(Config\Cache), false)
 4 FCPATH\index.php(79): CodeIgniter\CodeIgniter->run()
INFO - 2023-10-23 19:42:01 --> Session: Class initialized using 'CodeIgniter\Session\Handlers\FileHandler' driver.
WARNING - 2023-10-23 19:42:03 --> [DEPRECATED] Creation of dynamic property App\Controllers\Unidades::$unidades is deprecated in APPPATH\Controllers\Unidades.php on line 9.
 1 SYSTEMPATH\CodeIgniter.php(891): App\Controllers\Unidades->__construct()
 2 SYSTEMPATH\CodeIgniter.php(485): CodeIgniter\CodeIgniter->createController()
 3 SYSTEMPATH\CodeIgniter.php(353): CodeIgniter\CodeIgniter->handleRequest(null, Object(Config\Cache), false)
 4 FCPATH\index.php(79): CodeIgniter\CodeIgniter->run()
INFO - 2023-10-23 19:42:03 --> Session: Class initialized using 'CodeIgniter\Session\Handlers\FileHandler' driver.
WARNING - 2023-10-23 19:42:15 --> [DEPRECATED] Creation of dynamic property App\Controllers\Unidades::$unidades is deprecated in APPPATH\Controllers\Unidades.php on line 9.
 1 SYSTEMPATH\CodeIgniter.php(891): App\Controllers\Unidades->__construct()
 2 SYSTEMPATH\CodeIgniter.php(485): CodeIgniter\CodeIgniter->createController()
 3 SYSTEMPATH\CodeIgniter.php(353): CodeIgniter\CodeIgniter->handleRequest(null, Object(Config\Cache), false)
 4 FCPATH\index.php(79): CodeIgniter\CodeIgniter->run()
WARNING - 2023-10-23 19:42:15 --> [DEPRECATED] Creation of dynamic property App\Controllers\Unidades::$unidades is deprecated in APPPATH\Controllers\Unidades.php on line 9.
 1 SYSTEMPATH\CodeIgniter.php(891): App\Controllers\Unidades->__construct()
 2 SYSTEMPATH\CodeIgniter.php(485): CodeIgniter\CodeIgniter->createController()
 3 SYSTEMPATH\CodeIgniter.php(353): CodeIgniter\CodeIgniter->handleRequest(null, Object(Config\Cache), false)
 4 FCPATH\index.php(79): CodeIgniter\CodeIgniter->run()
INFO - 2023-10-23 19:42:15 --> Session: Class initialized using 'CodeIgniter\Session\Handlers\FileHandler' driver.
