INFO - 2023-11-12 20:55:27 --> Session: Class initialized using 'CodeIgniter\Session\Handlers\FileHandler' driver.
INFO - 2023-11-12 20:55:30 --> Session: Class initialized using 'CodeIgniter\Session\Handlers\FileHandler' driver.
INFO - 2023-11-12 20:55:47 --> Session: Class initialized using 'CodeIgniter\Session\Handlers\FileHandler' driver.
INFO - 2023-11-12 20:55:47 --> Session: Class initialized using 'CodeIgniter\Session\Handlers\FileHandler' driver.
WARNING - 2023-11-12 20:55:54 --> [DEPRECATED] Creation of dynamic property App\Controllers\Productos::$productos is deprecated in APPPATH\Controllers\Productos.php on line 12.
 1 SYSTEMPATH\CodeIgniter.php(891): App\Controllers\Productos->__construct()
 2 SYSTEMPATH\CodeIgniter.php(485): CodeIgniter\CodeIgniter->createController()
 3 SYSTEMPATH\CodeIgniter.php(353): CodeIgniter\CodeIgniter->handleRequest(null, Object(Config\Cache), false)
 4 FCPATH\index.php(79): CodeIgniter\CodeIgniter->run()
WARNING - 2023-11-12 20:55:54 --> [DEPRECATED] Creation of dynamic property App\Controllers\Productos::$categorias is deprecated in APPPATH\Controllers\Productos.php on line 13.
 1 SYSTEMPATH\CodeIgniter.php(891): App\Controllers\Productos->__construct()
 2 SYSTEMPATH\CodeIgniter.php(485): CodeIgniter\CodeIgniter->createController()
 3 SYSTEMPATH\CodeIgniter.php(353): CodeIgniter\CodeIgniter->handleRequest(null, Object(Config\Cache), false)
 4 FCPATH\index.php(79): CodeIgniter\CodeIgniter->run()
WARNING - 2023-11-12 20:55:54 --> [DEPRECATED] Creation of dynamic property App\Controllers\Productos::$unidades is deprecated in APPPATH\Controllers\Productos.php on line 14.
 1 SYSTEMPATH\CodeIgniter.php(891): App\Controllers\Productos->__construct()
 2 SYSTEMPATH\CodeIgniter.php(485): CodeIgniter\CodeIgniter->createController()
 3 SYSTEMPATH\CodeIgniter.php(353): CodeIgniter\CodeIgniter->handleRequest(null, Object(Config\Cache), false)
 4 FCPATH\index.php(79): CodeIgniter\CodeIgniter->run()
INFO - 2023-11-12 20:55:54 --> Session: Class initialized using 'CodeIgniter\Session\Handlers\FileHandler' driver.
WARNING - 2023-11-12 20:56:04 --> [DEPRECATED] Creation of dynamic property App\Controllers\Usuarios::$usuarios is deprecated in APPPATH\Controllers\Usuarios.php on line 14.
 1 SYSTEMPATH\CodeIgniter.php(891): App\Controllers\Usuarios->__construct()
 2 SYSTEMPATH\CodeIgniter.php(485): CodeIgniter\CodeIgniter->createController()
 3 SYSTEMPATH\CodeIgniter.php(353): CodeIgniter\CodeIgniter->handleRequest(null, Object(Config\Cache), false)
 4 FCPATH\index.php(79): CodeIgniter\CodeIgniter->run()
INFO - 2023-11-12 20:56:04 --> Session: Class initialized using 'CodeIgniter\Session\Handlers\FileHandler' driver.
WARNING - 2023-11-12 20:56:04 --> [DEPRECATED] Creation of dynamic property CodeIgniter\View\View::$validation is deprecated in APPPATH\Views\usuarios\nuevo.php on line 8.
 1 SYSTEMPATH\View\View.php(226): include('C:\\xampp\\htdocs\\pizeria\\app\\Views\\usuarios\\nuevo.php')
 2 SYSTEMPATH\View\View.php(229): CodeIgniter\View\View->CodeIgniter\View\{closure}()
 3 SYSTEMPATH\Common.php(1188): CodeIgniter\View\View->render('usuarios/nuevo', [], true)
 4 APPPATH\Controllers\Usuarios.php(114): view('usuarios/nuevo', [...])
 5 SYSTEMPATH\CodeIgniter.php(919): App\Controllers\Usuarios->nuevo()
 6 SYSTEMPATH\CodeIgniter.php(494): CodeIgniter\CodeIgniter->runController(Object(App\Controllers\Usuarios))
 7 SYSTEMPATH\CodeIgniter.php(353): CodeIgniter\CodeIgniter->handleRequest(null, Object(Config\Cache), false)
 8 FCPATH\index.php(79): CodeIgniter\CodeIgniter->run()
WARNING - 2023-11-12 20:59:00 --> [DEPRECATED] Creation of dynamic property App\Controllers\Usuarios::$usuarios is deprecated in APPPATH\Controllers\Usuarios.php on line 14.
 1 SYSTEMPATH\CodeIgniter.php(891): App\Controllers\Usuarios->__construct()
 2 SYSTEMPATH\CodeIgniter.php(485): CodeIgniter\CodeIgniter->createController()
 3 SYSTEMPATH\CodeIgniter.php(353): CodeIgniter\CodeIgniter->handleRequest(null, Object(Config\Cache), false)
 4 FCPATH\index.php(79): CodeIgniter\CodeIgniter->run()
INFO - 2023-11-12 20:59:00 --> Session: Class initialized using 'CodeIgniter\Session\Handlers\FileHandler' driver.
WARNING - 2023-11-12 20:59:00 --> [DEPRECATED] Creation of dynamic property CodeIgniter\View\View::$validation is deprecated in APPPATH\Views\usuarios\nuevo.php on line 8.
 1 SYSTEMPATH\View\View.php(226): include('C:\\xampp\\htdocs\\pizeria\\app\\Views\\usuarios\\nuevo.php')
 2 SYSTEMPATH\View\View.php(229): CodeIgniter\View\View->CodeIgniter\View\{closure}()
 3 SYSTEMPATH\Common.php(1188): CodeIgniter\View\View->render('usuarios/nuevo', [], true)
 4 APPPATH\Controllers\Usuarios.php(114): view('usuarios/nuevo', [...])
 5 SYSTEMPATH\CodeIgniter.php(919): App\Controllers\Usuarios->nuevo()
 6 SYSTEMPATH\CodeIgniter.php(494): CodeIgniter\CodeIgniter->runController(Object(App\Controllers\Usuarios))
 7 SYSTEMPATH\CodeIgniter.php(353): CodeIgniter\CodeIgniter->handleRequest(null, Object(Config\Cache), false)
 8 FCPATH\index.php(79): CodeIgniter\CodeIgniter->run()
WARNING - 2023-11-12 20:59:56 --> [DEPRECATED] Creation of dynamic property App\Controllers\Usuarios::$usuarios is deprecated in APPPATH\Controllers\Usuarios.php on line 14.
 1 SYSTEMPATH\CodeIgniter.php(891): App\Controllers\Usuarios->__construct()
 2 SYSTEMPATH\CodeIgniter.php(485): CodeIgniter\CodeIgniter->createController()
 3 SYSTEMPATH\CodeIgniter.php(353): CodeIgniter\CodeIgniter->handleRequest(null, Object(Config\Cache), false)
 4 FCPATH\index.php(79): CodeIgniter\CodeIgniter->run()
INFO - 2023-11-12 20:59:56 --> Session: Class initialized using 'CodeIgniter\Session\Handlers\FileHandler' driver.
WARNING - 2023-11-12 20:59:56 --> [DEPRECATED] Creation of dynamic property CodeIgniter\View\View::$validation is deprecated in APPPATH\Views\usuarios\nuevo.php on line 8.
 1 SYSTEMPATH\View\View.php(226): include('C:\\xampp\\htdocs\\pizeria\\app\\Views\\usuarios\\nuevo.php')
 2 SYSTEMPATH\View\View.php(229): CodeIgniter\View\View->CodeIgniter\View\{closure}()
 3 SYSTEMPATH\Common.php(1188): CodeIgniter\View\View->render('usuarios/nuevo', [], true)
 4 APPPATH\Controllers\Usuarios.php(114): view('usuarios/nuevo', [...])
 5 SYSTEMPATH\CodeIgniter.php(919): App\Controllers\Usuarios->nuevo()
 6 SYSTEMPATH\CodeIgniter.php(494): CodeIgniter\CodeIgniter->runController(Object(App\Controllers\Usuarios))
 7 SYSTEMPATH\CodeIgniter.php(353): CodeIgniter\CodeIgniter->handleRequest(null, Object(Config\Cache), false)
 8 FCPATH\index.php(79): CodeIgniter\CodeIgniter->run()
WARNING - 2023-11-12 21:03:24 --> [DEPRECATED] Creation of dynamic property App\Controllers\Usuarios::$usuarios is deprecated in APPPATH\Controllers\Usuarios.php on line 14.
 1 SYSTEMPATH\CodeIgniter.php(891): App\Controllers\Usuarios->__construct()
 2 SYSTEMPATH\CodeIgniter.php(485): CodeIgniter\CodeIgniter->createController()
 3 SYSTEMPATH\CodeIgniter.php(353): CodeIgniter\CodeIgniter->handleRequest(null, Object(Config\Cache), false)
 4 FCPATH\index.php(79): CodeIgniter\CodeIgniter->run()
INFO - 2023-11-12 21:03:24 --> Session: Class initialized using 'CodeIgniter\Session\Handlers\FileHandler' driver.
WARNING - 2023-11-12 21:03:24 --> [DEPRECATED] Creation of dynamic property CodeIgniter\View\View::$validation is deprecated in APPPATH\Views\usuarios\nuevo.php on line 8.
 1 SYSTEMPATH\View\View.php(226): include('C:\\xampp\\htdocs\\pizeria\\app\\Views\\usuarios\\nuevo.php')
 2 SYSTEMPATH\View\View.php(229): CodeIgniter\View\View->CodeIgniter\View\{closure}()
 3 SYSTEMPATH\Common.php(1188): CodeIgniter\View\View->render('usuarios/nuevo', [], true)
 4 APPPATH\Controllers\Usuarios.php(114): view('usuarios/nuevo', [...])
 5 SYSTEMPATH\CodeIgniter.php(919): App\Controllers\Usuarios->nuevo()
 6 SYSTEMPATH\CodeIgniter.php(494): CodeIgniter\CodeIgniter->runController(Object(App\Controllers\Usuarios))
 7 SYSTEMPATH\CodeIgniter.php(353): CodeIgniter\CodeIgniter->handleRequest(null, Object(Config\Cache), false)
 8 FCPATH\index.php(79): CodeIgniter\CodeIgniter->run()
WARNING - 2023-11-12 21:05:32 --> [DEPRECATED] Creation of dynamic property App\Controllers\Usuarios::$usuarios is deprecated in APPPATH\Controllers\Usuarios.php on line 14.
 1 SYSTEMPATH\CodeIgniter.php(891): App\Controllers\Usuarios->__construct()
 2 SYSTEMPATH\CodeIgniter.php(485): CodeIgniter\CodeIgniter->createController()
 3 SYSTEMPATH\CodeIgniter.php(353): CodeIgniter\CodeIgniter->handleRequest(null, Object(Config\Cache), false)
 4 FCPATH\index.php(79): CodeIgniter\CodeIgniter->run()
INFO - 2023-11-12 21:05:32 --> Session: Class initialized using 'CodeIgniter\Session\Handlers\FileHandler' driver.
WARNING - 2023-11-12 21:05:32 --> [DEPRECATED] Creation of dynamic property CodeIgniter\View\View::$validation is deprecated in APPPATH\Views\usuarios\nuevo.php on line 8.
 1 SYSTEMPATH\View\View.php(226): include('C:\\xampp\\htdocs\\pizeria\\app\\Views\\usuarios\\nuevo.php')
 2 SYSTEMPATH\View\View.php(229): CodeIgniter\View\View->CodeIgniter\View\{closure}()
 3 SYSTEMPATH\Common.php(1188): CodeIgniter\View\View->render('usuarios/nuevo', [], true)
 4 APPPATH\Controllers\Usuarios.php(114): view('usuarios/nuevo', [...])
 5 SYSTEMPATH\CodeIgniter.php(919): App\Controllers\Usuarios->nuevo()
 6 SYSTEMPATH\CodeIgniter.php(494): CodeIgniter\CodeIgniter->runController(Object(App\Controllers\Usuarios))
 7 SYSTEMPATH\CodeIgniter.php(353): CodeIgniter\CodeIgniter->handleRequest(null, Object(Config\Cache), false)
 8 FCPATH\index.php(79): CodeIgniter\CodeIgniter->run()
INFO - 2023-11-12 21:06:48 --> Session: Class initialized using 'CodeIgniter\Session\Handlers\FileHandler' driver.
INFO - 2023-11-12 21:06:48 --> Session: Class initialized using 'CodeIgniter\Session\Handlers\FileHandler' driver.
INFO - 2023-11-12 21:06:54 --> Session: Class initialized using 'CodeIgniter\Session\Handlers\FileHandler' driver.
INFO - 2023-11-12 21:07:10 --> Session: Class initialized using 'CodeIgniter\Session\Handlers\FileHandler' driver.
INFO - 2023-11-12 21:07:17 --> Session: Class initialized using 'CodeIgniter\Session\Handlers\FileHandler' driver.
INFO - 2023-11-12 21:07:18 --> Session: Class initialized using 'CodeIgniter\Session\Handlers\FileHandler' driver.
WARNING - 2023-11-12 21:07:22 --> [DEPRECATED] Creation of dynamic property App\Controllers\clientes::$reglas is deprecated in APPPATH\Controllers\Clientes.php on line 13.
 1 SYSTEMPATH\CodeIgniter.php(891): App\Controllers\clientes->__construct()
 2 SYSTEMPATH\CodeIgniter.php(485): CodeIgniter\CodeIgniter->createController()
 3 SYSTEMPATH\CodeIgniter.php(353): CodeIgniter\CodeIgniter->handleRequest(null, Object(Config\Cache), false)
 4 FCPATH\index.php(79): CodeIgniter\CodeIgniter->run()
INFO - 2023-11-12 21:07:22 --> Session: Class initialized using 'CodeIgniter\Session\Handlers\FileHandler' driver.
INFO - 2023-11-12 21:07:24 --> Session: Class initialized using 'CodeIgniter\Session\Handlers\FileHandler' driver.
INFO - 2023-11-12 21:07:53 --> Session: Class initialized using 'CodeIgniter\Session\Handlers\FileHandler' driver.
INFO - 2023-11-12 21:18:06 --> Session: Class initialized using 'CodeIgniter\Session\Handlers\FileHandler' driver.
INFO - 2023-11-12 21:18:09 --> Session: Class initialized using 'CodeIgniter\Session\Handlers\FileHandler' driver.
INFO - 2023-11-12 21:18:10 --> Session: Class initialized using 'CodeIgniter\Session\Handlers\FileHandler' driver.
INFO - 2023-11-12 21:18:16 --> Session: Class initialized using 'CodeIgniter\Session\Handlers\FileHandler' driver.
WARNING - 2023-11-12 21:18:24 --> [DEPRECATED] Creation of dynamic property App\Controllers\Usuarios::$usuarios is deprecated in APPPATH\Controllers\Usuarios.php on line 14.
 1 SYSTEMPATH\CodeIgniter.php(891): App\Controllers\Usuarios->__construct()
 2 SYSTEMPATH\CodeIgniter.php(485): CodeIgniter\CodeIgniter->createController()
 3 SYSTEMPATH\CodeIgniter.php(353): CodeIgniter\CodeIgniter->handleRequest(null, Object(Config\Cache), false)
 4 FCPATH\index.php(79): CodeIgniter\CodeIgniter->run()
INFO - 2023-11-12 21:18:24 --> Session: Class initialized using 'CodeIgniter\Session\Handlers\FileHandler' driver.
CRITICAL - 2023-11-12 21:18:24 --> Invalid file: "usuarios/cambia_password.php"
in SYSTEMPATH\Exceptions\FrameworkException.php on line 39.
 1 SYSTEMPATH\View\View.php(214): CodeIgniter\Exceptions\FrameworkException::forInvalidFile('usuarios/cambia_password.php')
 2 SYSTEMPATH\Common.php(1188): CodeIgniter\View\View->render('usuarios/cambia_password', [], true)
 3 APPPATH\Controllers\Usuarios.php(254): view('usuarios/cambia_password', [...])
 4 SYSTEMPATH\CodeIgniter.php(919): App\Controllers\Usuarios->cambia_password()
 5 SYSTEMPATH\CodeIgniter.php(494): CodeIgniter\CodeIgniter->runController(Object(App\Controllers\Usuarios))
 6 SYSTEMPATH\CodeIgniter.php(353): CodeIgniter\CodeIgniter->handleRequest(null, Object(Config\Cache), false)
 7 FCPATH\index.php(79): CodeIgniter\CodeIgniter->run()
INFO - 2023-11-12 21:21:34 --> Session: Class initialized using 'CodeIgniter\Session\Handlers\FileHandler' driver.
INFO - 2023-11-12 21:21:36 --> Session: Class initialized using 'CodeIgniter\Session\Handlers\FileHandler' driver.
WARNING - 2023-11-12 21:21:48 --> [DEPRECATED] Creation of dynamic property App\Controllers\Usuarios::$usuarios is deprecated in APPPATH\Controllers\Usuarios.php on line 14.
 1 SYSTEMPATH\CodeIgniter.php(891): App\Controllers\Usuarios->__construct()
 2 SYSTEMPATH\CodeIgniter.php(485): CodeIgniter\CodeIgniter->createController()
 3 SYSTEMPATH\CodeIgniter.php(353): CodeIgniter\CodeIgniter->handleRequest(null, Object(Config\Cache), false)
 4 FCPATH\index.php(79): CodeIgniter\CodeIgniter->run()
INFO - 2023-11-12 21:21:48 --> Session: Class initialized using 'CodeIgniter\Session\Handlers\FileHandler' driver.
WARNING - 2023-11-12 21:21:48 --> [DEPRECATED] Creation of dynamic property CodeIgniter\View\View::$validation is deprecated in APPPATH\Views\cambia_password.php on line 8.
 1 SYSTEMPATH\View\View.php(226): include('C:\\xampp\\htdocs\\pizeria\\app\\Views\\cambia_password.php')
 2 SYSTEMPATH\View\View.php(229): CodeIgniter\View\View->CodeIgniter\View\{closure}()
 3 SYSTEMPATH\Common.php(1188): CodeIgniter\View\View->render('cambia_password', [], true)
 4 APPPATH\Controllers\Usuarios.php(254): view('cambia_password', [...])
 5 SYSTEMPATH\CodeIgniter.php(919): App\Controllers\Usuarios->cambiaPassword()
 6 SYSTEMPATH\CodeIgniter.php(494): CodeIgniter\CodeIgniter->runController(Object(App\Controllers\Usuarios))
 7 SYSTEMPATH\CodeIgniter.php(353): CodeIgniter\CodeIgniter->handleRequest(null, Object(Config\Cache), false)
 8 FCPATH\index.php(79): CodeIgniter\CodeIgniter->run()
CRITICAL - 2023-11-12 21:21:48 --> Trying to access array offset on value of type null
in APPPATH\Views\cambia_password.php on line 25.
 1 APPPATH\Views\cambia_password.php(25): CodeIgniter\Debug\Exceptions->errorHandler(2, 'Trying to access array offset on value of type null', 'C:\\xampp\\htdocs\\pizeria\\app\\Views\\cambia_password.php', 25)
 2 SYSTEMPATH\View\View.php(226): include('C:\\xampp\\htdocs\\pizeria\\app\\Views\\cambia_password.php')
 3 SYSTEMPATH\View\View.php(229): CodeIgniter\View\View->CodeIgniter\View\{closure}()
 4 SYSTEMPATH\Common.php(1188): CodeIgniter\View\View->render('cambia_password', [], true)
 5 APPPATH\Controllers\Usuarios.php(254): view('cambia_password', [...])
 6 SYSTEMPATH\CodeIgniter.php(919): App\Controllers\Usuarios->cambiaPassword()
 7 SYSTEMPATH\CodeIgniter.php(494): CodeIgniter\CodeIgniter->runController(Object(App\Controllers\Usuarios))
 8 SYSTEMPATH\CodeIgniter.php(353): CodeIgniter\CodeIgniter->handleRequest(null, Object(Config\Cache), false)
 9 FCPATH\index.php(79): CodeIgniter\CodeIgniter->run()
INFO - 2023-11-12 21:28:28 --> Session: Class initialized using 'CodeIgniter\Session\Handlers\FileHandler' driver.
INFO - 2023-11-12 21:28:30 --> Session: Class initialized using 'CodeIgniter\Session\Handlers\FileHandler' driver.
WARNING - 2023-11-12 21:28:45 --> [DEPRECATED] Creation of dynamic property App\Controllers\Usuarios::$usuarios is deprecated in APPPATH\Controllers\Usuarios.php on line 14.
 1 SYSTEMPATH\CodeIgniter.php(891): App\Controllers\Usuarios->__construct()
 2 SYSTEMPATH\CodeIgniter.php(485): CodeIgniter\CodeIgniter->createController()
 3 SYSTEMPATH\CodeIgniter.php(353): CodeIgniter\CodeIgniter->handleRequest(null, Object(Config\Cache), false)
 4 FCPATH\index.php(79): CodeIgniter\CodeIgniter->run()
INFO - 2023-11-12 21:28:45 --> Session: Class initialized using 'CodeIgniter\Session\Handlers\FileHandler' driver.
CRITICAL - 2023-11-12 21:28:45 --> Undefined variable $data
in APPPATH\Controllers\Usuarios.php on line 247.
 1 APPPATH\Controllers\Usuarios.php(247): CodeIgniter\Debug\Exceptions->errorHandler(2, 'Undefined variable $data', 'C:\\xampp\\htdocs\\pizeria\\app\\Controllers\\Usuarios.php', 247)
 2 SYSTEMPATH\CodeIgniter.php(919): App\Controllers\Usuarios->cambiaPassword()
 3 SYSTEMPATH\CodeIgniter.php(494): CodeIgniter\CodeIgniter->runController(Object(App\Controllers\Usuarios))
 4 SYSTEMPATH\CodeIgniter.php(353): CodeIgniter\CodeIgniter->handleRequest(null, Object(Config\Cache), false)
 5 FCPATH\index.php(79): CodeIgniter\CodeIgniter->run()
WARNING - 2023-11-12 21:28:58 --> [DEPRECATED] Creation of dynamic property App\Controllers\Usuarios::$usuarios is deprecated in APPPATH\Controllers\Usuarios.php on line 14.
 1 SYSTEMPATH\CodeIgniter.php(891): App\Controllers\Usuarios->__construct()
 2 SYSTEMPATH\CodeIgniter.php(485): CodeIgniter\CodeIgniter->createController()
 3 SYSTEMPATH\CodeIgniter.php(353): CodeIgniter\CodeIgniter->handleRequest(null, Object(Config\Cache), false)
 4 FCPATH\index.php(79): CodeIgniter\CodeIgniter->run()
INFO - 2023-11-12 21:28:58 --> Session: Class initialized using 'CodeIgniter\Session\Handlers\FileHandler' driver.
ERROR - 2023-11-12 21:28:58 --> mysqli_sql_exception: Unknown column 'id' in 'where clause' in C:\xampp\htdocs\pizeria\system\Database\MySQLi\Connection.php:306
Stack trace:
#0 C:\xampp\htdocs\pizeria\system\Database\MySQLi\Connection.php(306): mysqli->query('SELECT *\nFROM `...', 0)
#1 C:\xampp\htdocs\pizeria\system\Database\BaseConnection.php(692): CodeIgniter\Database\MySQLi\Connection->execute('SELECT *\nFROM `...')
#2 C:\xampp\htdocs\pizeria\system\Database\BaseConnection.php(606): CodeIgniter\Database\BaseConnection->simpleQuery('SELECT *\nFROM `...')
#3 C:\xampp\htdocs\pizeria\system\Database\BaseBuilder.php(1615): CodeIgniter\Database\BaseConnection->query('SELECT *\nFROM `...', Array, false)
#4 C:\xampp\htdocs\pizeria\system\Model.php(264): CodeIgniter\Database\BaseBuilder->get()
#5 C:\xampp\htdocs\pizeria\system\BaseModel.php(662): CodeIgniter\Model->doFirst()
#6 C:\xampp\htdocs\pizeria\app\Controllers\Usuarios.php(248): CodeIgniter\BaseModel->first()
#7 C:\xampp\htdocs\pizeria\system\CodeIgniter.php(919): App\Controllers\Usuarios->cambiaPassword()
#8 C:\xampp\htdocs\pizeria\system\CodeIgniter.php(494): CodeIgniter\CodeIgniter->runController(Object(App\Controllers\Usuarios))
#9 C:\xampp\htdocs\pizeria\system\CodeIgniter.php(353): CodeIgniter\CodeIgniter->handleRequest(NULL, Object(Config\Cache), false)
#10 C:\xampp\htdocs\pizeria\public\index.php(79): CodeIgniter\CodeIgniter->run()
#11 {main}
CRITICAL - 2023-11-12 21:28:58 --> Unknown column 'id' in 'where clause'
in SYSTEMPATH\Database\BaseConnection.php on line 646.
 1 SYSTEMPATH\Database\BaseBuilder.php(1615): CodeIgniter\Database\BaseConnection->query('SELECT *
FROM `usuario`
WHERE `id` IS NULL
 LIMIT 1', [], false)
 2 SYSTEMPATH\Model.php(264): CodeIgniter\Database\BaseBuilder->get()
 3 SYSTEMPATH\BaseModel.php(662): CodeIgniter\Model->doFirst()
 4 APPPATH\Controllers\Usuarios.php(248): CodeIgniter\BaseModel->first()
 5 SYSTEMPATH\CodeIgniter.php(919): App\Controllers\Usuarios->cambiaPassword()
 6 SYSTEMPATH\CodeIgniter.php(494): CodeIgniter\CodeIgniter->runController(Object(App\Controllers\Usuarios))
 7 SYSTEMPATH\CodeIgniter.php(353): CodeIgniter\CodeIgniter->handleRequest(null, Object(Config\Cache), false)
 8 FCPATH\index.php(79): CodeIgniter\CodeIgniter->run()
WARNING - 2023-11-12 21:29:08 --> [DEPRECATED] Creation of dynamic property App\Controllers\Usuarios::$usuarios is deprecated in APPPATH\Controllers\Usuarios.php on line 14.
 1 SYSTEMPATH\CodeIgniter.php(891): App\Controllers\Usuarios->__construct()
 2 SYSTEMPATH\CodeIgniter.php(485): CodeIgniter\CodeIgniter->createController()
 3 SYSTEMPATH\CodeIgniter.php(353): CodeIgniter\CodeIgniter->handleRequest(null, Object(Config\Cache), false)
 4 FCPATH\index.php(79): CodeIgniter\CodeIgniter->run()
INFO - 2023-11-12 21:29:08 --> Session: Class initialized using 'CodeIgniter\Session\Handlers\FileHandler' driver.
ERROR - 2023-11-12 21:29:08 --> mysqli_sql_exception: Unknown column 'id' in 'where clause' in C:\xampp\htdocs\pizeria\system\Database\MySQLi\Connection.php:306
Stack trace:
#0 C:\xampp\htdocs\pizeria\system\Database\MySQLi\Connection.php(306): mysqli->query('SELECT *\nFROM `...', 0)
#1 C:\xampp\htdocs\pizeria\system\Database\BaseConnection.php(692): CodeIgniter\Database\MySQLi\Connection->execute('SELECT *\nFROM `...')
#2 C:\xampp\htdocs\pizeria\system\Database\BaseConnection.php(606): CodeIgniter\Database\BaseConnection->simpleQuery('SELECT *\nFROM `...')
#3 C:\xampp\htdocs\pizeria\system\Database\BaseBuilder.php(1615): CodeIgniter\Database\BaseConnection->query('SELECT *\nFROM `...', Array, false)
#4 C:\xampp\htdocs\pizeria\system\Model.php(264): CodeIgniter\Database\BaseBuilder->get()
#5 C:\xampp\htdocs\pizeria\system\BaseModel.php(662): CodeIgniter\Model->doFirst()
#6 C:\xampp\htdocs\pizeria\app\Controllers\Usuarios.php(248): CodeIgniter\BaseModel->first()
#7 C:\xampp\htdocs\pizeria\system\CodeIgniter.php(919): App\Controllers\Usuarios->cambiaPassword()
#8 C:\xampp\htdocs\pizeria\system\CodeIgniter.php(494): CodeIgniter\CodeIgniter->runController(Object(App\Controllers\Usuarios))
#9 C:\xampp\htdocs\pizeria\system\CodeIgniter.php(353): CodeIgniter\CodeIgniter->handleRequest(NULL, Object(Config\Cache), false)
#10 C:\xampp\htdocs\pizeria\public\index.php(79): CodeIgniter\CodeIgniter->run()
#11 {main}
CRITICAL - 2023-11-12 21:29:08 --> Unknown column 'id' in 'where clause'
in SYSTEMPATH\Database\BaseConnection.php on line 646.
 1 SYSTEMPATH\Database\BaseBuilder.php(1615): CodeIgniter\Database\BaseConnection->query('SELECT *
FROM `usuario`
WHERE `id` IS NULL
 LIMIT 1', [], false)
 2 SYSTEMPATH\Model.php(264): CodeIgniter\Database\BaseBuilder->get()
 3 SYSTEMPATH\BaseModel.php(662): CodeIgniter\Model->doFirst()
 4 APPPATH\Controllers\Usuarios.php(248): CodeIgniter\BaseModel->first()
 5 SYSTEMPATH\CodeIgniter.php(919): App\Controllers\Usuarios->cambiaPassword()
 6 SYSTEMPATH\CodeIgniter.php(494): CodeIgniter\CodeIgniter->runController(Object(App\Controllers\Usuarios))
 7 SYSTEMPATH\CodeIgniter.php(353): CodeIgniter\CodeIgniter->handleRequest(null, Object(Config\Cache), false)
 8 FCPATH\index.php(79): CodeIgniter\CodeIgniter->run()
INFO - 2023-11-12 21:29:10 --> Session: Class initialized using 'CodeIgniter\Session\Handlers\FileHandler' driver.
INFO - 2023-11-12 21:29:12 --> Session: Class initialized using 'CodeIgniter\Session\Handlers\FileHandler' driver.
WARNING - 2023-11-12 21:29:20 --> [DEPRECATED] Creation of dynamic property App\Controllers\Usuarios::$usuarios is deprecated in APPPATH\Controllers\Usuarios.php on line 14.
 1 SYSTEMPATH\CodeIgniter.php(891): App\Controllers\Usuarios->__construct()
 2 SYSTEMPATH\CodeIgniter.php(485): CodeIgniter\CodeIgniter->createController()
 3 SYSTEMPATH\CodeIgniter.php(353): CodeIgniter\CodeIgniter->handleRequest(null, Object(Config\Cache), false)
 4 FCPATH\index.php(79): CodeIgniter\CodeIgniter->run()
INFO - 2023-11-12 21:29:20 --> Session: Class initialized using 'CodeIgniter\Session\Handlers\FileHandler' driver.
ERROR - 2023-11-12 21:29:20 --> mysqli_sql_exception: Unknown column 'id' in 'where clause' in C:\xampp\htdocs\pizeria\system\Database\MySQLi\Connection.php:306
Stack trace:
#0 C:\xampp\htdocs\pizeria\system\Database\MySQLi\Connection.php(306): mysqli->query('SELECT *\nFROM `...', 0)
#1 C:\xampp\htdocs\pizeria\system\Database\BaseConnection.php(692): CodeIgniter\Database\MySQLi\Connection->execute('SELECT *\nFROM `...')
#2 C:\xampp\htdocs\pizeria\system\Database\BaseConnection.php(606): CodeIgniter\Database\BaseConnection->simpleQuery('SELECT *\nFROM `...')
#3 C:\xampp\htdocs\pizeria\system\Database\BaseBuilder.php(1615): CodeIgniter\Database\BaseConnection->query('SELECT *\nFROM `...', Array, false)
#4 C:\xampp\htdocs\pizeria\system\Model.php(264): CodeIgniter\Database\BaseBuilder->get()
#5 C:\xampp\htdocs\pizeria\system\BaseModel.php(662): CodeIgniter\Model->doFirst()
#6 C:\xampp\htdocs\pizeria\app\Controllers\Usuarios.php(248): CodeIgniter\BaseModel->first()
#7 C:\xampp\htdocs\pizeria\system\CodeIgniter.php(919): App\Controllers\Usuarios->cambiaPassword()
#8 C:\xampp\htdocs\pizeria\system\CodeIgniter.php(494): CodeIgniter\CodeIgniter->runController(Object(App\Controllers\Usuarios))
#9 C:\xampp\htdocs\pizeria\system\CodeIgniter.php(353): CodeIgniter\CodeIgniter->handleRequest(NULL, Object(Config\Cache), false)
#10 C:\xampp\htdocs\pizeria\public\index.php(79): CodeIgniter\CodeIgniter->run()
#11 {main}
CRITICAL - 2023-11-12 21:29:20 --> Unknown column 'id' in 'where clause'
in SYSTEMPATH\Database\BaseConnection.php on line 646.
 1 SYSTEMPATH\Database\BaseBuilder.php(1615): CodeIgniter\Database\BaseConnection->query('SELECT *
FROM `usuario`
WHERE `id` IS NULL
 LIMIT 1', [], false)
 2 SYSTEMPATH\Model.php(264): CodeIgniter\Database\BaseBuilder->get()
 3 SYSTEMPATH\BaseModel.php(662): CodeIgniter\Model->doFirst()
 4 APPPATH\Controllers\Usuarios.php(248): CodeIgniter\BaseModel->first()
 5 SYSTEMPATH\CodeIgniter.php(919): App\Controllers\Usuarios->cambiaPassword()
 6 SYSTEMPATH\CodeIgniter.php(494): CodeIgniter\CodeIgniter->runController(Object(App\Controllers\Usuarios))
 7 SYSTEMPATH\CodeIgniter.php(353): CodeIgniter\CodeIgniter->handleRequest(null, Object(Config\Cache), false)
 8 FCPATH\index.php(79): CodeIgniter\CodeIgniter->run()
INFO - 2023-11-12 21:29:55 --> Session: Class initialized using 'CodeIgniter\Session\Handlers\FileHandler' driver.
INFO - 2023-11-12 21:29:58 --> Session: Class initialized using 'CodeIgniter\Session\Handlers\FileHandler' driver.
WARNING - 2023-11-12 21:30:03 --> [DEPRECATED] Creation of dynamic property App\Controllers\Usuarios::$usuarios is deprecated in APPPATH\Controllers\Usuarios.php on line 14.
 1 SYSTEMPATH\CodeIgniter.php(891): App\Controllers\Usuarios->__construct()
 2 SYSTEMPATH\CodeIgniter.php(485): CodeIgniter\CodeIgniter->createController()
 3 SYSTEMPATH\CodeIgniter.php(353): CodeIgniter\CodeIgniter->handleRequest(null, Object(Config\Cache), false)
 4 FCPATH\index.php(79): CodeIgniter\CodeIgniter->run()
INFO - 2023-11-12 21:30:03 --> Session: Class initialized using 'CodeIgniter\Session\Handlers\FileHandler' driver.
ERROR - 2023-11-12 21:30:03 --> mysqli_sql_exception: Unknown column 'id' in 'where clause' in C:\xampp\htdocs\pizeria\system\Database\MySQLi\Connection.php:306
Stack trace:
#0 C:\xampp\htdocs\pizeria\system\Database\MySQLi\Connection.php(306): mysqli->query('SELECT *\nFROM `...', 0)
#1 C:\xampp\htdocs\pizeria\system\Database\BaseConnection.php(692): CodeIgniter\Database\MySQLi\Connection->execute('SELECT *\nFROM `...')
#2 C:\xampp\htdocs\pizeria\system\Database\BaseConnection.php(606): CodeIgniter\Database\BaseConnection->simpleQuery('SELECT *\nFROM `...')
#3 C:\xampp\htdocs\pizeria\system\Database\BaseBuilder.php(1615): CodeIgniter\Database\BaseConnection->query('SELECT *\nFROM `...', Array, false)
#4 C:\xampp\htdocs\pizeria\system\Model.php(264): CodeIgniter\Database\BaseBuilder->get()
#5 C:\xampp\htdocs\pizeria\system\BaseModel.php(662): CodeIgniter\Model->doFirst()
#6 C:\xampp\htdocs\pizeria\app\Controllers\Usuarios.php(248): CodeIgniter\BaseModel->first()
#7 C:\xampp\htdocs\pizeria\system\CodeIgniter.php(919): App\Controllers\Usuarios->cambiaPassword()
#8 C:\xampp\htdocs\pizeria\system\CodeIgniter.php(494): CodeIgniter\CodeIgniter->runController(Object(App\Controllers\Usuarios))
#9 C:\xampp\htdocs\pizeria\system\CodeIgniter.php(353): CodeIgniter\CodeIgniter->handleRequest(NULL, Object(Config\Cache), false)
#10 C:\xampp\htdocs\pizeria\public\index.php(79): CodeIgniter\CodeIgniter->run()
#11 {main}
CRITICAL - 2023-11-12 21:30:03 --> Unknown column 'id' in 'where clause'
in SYSTEMPATH\Database\BaseConnection.php on line 646.
 1 SYSTEMPATH\Database\BaseBuilder.php(1615): CodeIgniter\Database\BaseConnection->query('SELECT *
FROM `usuario`
WHERE `id` IS NULL
 LIMIT 1', [], false)
 2 SYSTEMPATH\Model.php(264): CodeIgniter\Database\BaseBuilder->get()
 3 SYSTEMPATH\BaseModel.php(662): CodeIgniter\Model->doFirst()
 4 APPPATH\Controllers\Usuarios.php(248): CodeIgniter\BaseModel->first()
 5 SYSTEMPATH\CodeIgniter.php(919): App\Controllers\Usuarios->cambiaPassword()
 6 SYSTEMPATH\CodeIgniter.php(494): CodeIgniter\CodeIgniter->runController(Object(App\Controllers\Usuarios))
 7 SYSTEMPATH\CodeIgniter.php(353): CodeIgniter\CodeIgniter->handleRequest(null, Object(Config\Cache), false)
 8 FCPATH\index.php(79): CodeIgniter\CodeIgniter->run()
INFO - 2023-11-12 21:31:50 --> Session: Class initialized using 'CodeIgniter\Session\Handlers\FileHandler' driver.
INFO - 2023-11-12 21:31:52 --> Session: Class initialized using 'CodeIgniter\Session\Handlers\FileHandler' driver.
INFO - 2023-11-12 21:31:58 --> Session: Class initialized using 'CodeIgniter\Session\Handlers\FileHandler' driver.
INFO - 2023-11-12 21:32:19 --> Session: Class initialized using 'CodeIgniter\Session\Handlers\FileHandler' driver.
INFO - 2023-11-12 21:32:19 --> Session: Class initialized using 'CodeIgniter\Session\Handlers\FileHandler' driver.
INFO - 2023-11-12 21:32:21 --> Session: Class initialized using 'CodeIgniter\Session\Handlers\FileHandler' driver.
INFO - 2023-11-12 21:32:21 --> Session: Class initialized using 'CodeIgniter\Session\Handlers\FileHandler' driver.
WARNING - 2023-11-12 21:32:27 --> [DEPRECATED] Creation of dynamic property App\Controllers\Usuarios::$usuarios is deprecated in APPPATH\Controllers\Usuarios.php on line 14.
 1 SYSTEMPATH\CodeIgniter.php(891): App\Controllers\Usuarios->__construct()
 2 SYSTEMPATH\CodeIgniter.php(485): CodeIgniter\CodeIgniter->createController()
 3 SYSTEMPATH\CodeIgniter.php(353): CodeIgniter\CodeIgniter->handleRequest(null, Object(Config\Cache), false)
 4 FCPATH\index.php(79): CodeIgniter\CodeIgniter->run()
INFO - 2023-11-12 21:32:27 --> Session: Class initialized using 'CodeIgniter\Session\Handlers\FileHandler' driver.
WARNING - 2023-11-12 21:32:27 --> [DEPRECATED] Creation of dynamic property CodeIgniter\View\View::$validation is deprecated in APPPATH\Views\cambia_password.php on line 8.
 1 SYSTEMPATH\View\View.php(226): include('C:\\xampp\\htdocs\\pizeria\\app\\Views\\cambia_password.php')
 2 SYSTEMPATH\View\View.php(229): CodeIgniter\View\View->CodeIgniter\View\{closure}()
 3 SYSTEMPATH\Common.php(1188): CodeIgniter\View\View->render('cambia_password', [], true)
 4 APPPATH\Controllers\Usuarios.php(256): view('cambia_password', [...])
 5 SYSTEMPATH\CodeIgniter.php(919): App\Controllers\Usuarios->cambiaPassword()
 6 SYSTEMPATH\CodeIgniter.php(494): CodeIgniter\CodeIgniter->runController(Object(App\Controllers\Usuarios))
 7 SYSTEMPATH\CodeIgniter.php(353): CodeIgniter\CodeIgniter->handleRequest(null, Object(Config\Cache), false)
 8 FCPATH\index.php(79): CodeIgniter\CodeIgniter->run()
CRITICAL - 2023-11-12 21:32:27 --> Trying to access array offset on value of type null
in APPPATH\Views\cambia_password.php on line 25.
 1 APPPATH\Views\cambia_password.php(25): CodeIgniter\Debug\Exceptions->errorHandler(2, 'Trying to access array offset on value of type null', 'C:\\xampp\\htdocs\\pizeria\\app\\Views\\cambia_password.php', 25)
 2 SYSTEMPATH\View\View.php(226): include('C:\\xampp\\htdocs\\pizeria\\app\\Views\\cambia_password.php')
 3 SYSTEMPATH\View\View.php(229): CodeIgniter\View\View->CodeIgniter\View\{closure}()
 4 SYSTEMPATH\Common.php(1188): CodeIgniter\View\View->render('cambia_password', [], true)
 5 APPPATH\Controllers\Usuarios.php(256): view('cambia_password', [...])
 6 SYSTEMPATH\CodeIgniter.php(919): App\Controllers\Usuarios->cambiaPassword()
 7 SYSTEMPATH\CodeIgniter.php(494): CodeIgniter\CodeIgniter->runController(Object(App\Controllers\Usuarios))
 8 SYSTEMPATH\CodeIgniter.php(353): CodeIgniter\CodeIgniter->handleRequest(null, Object(Config\Cache), false)
 9 FCPATH\index.php(79): CodeIgniter\CodeIgniter->run()
INFO - 2023-11-12 21:36:42 --> Session: Class initialized using 'CodeIgniter\Session\Handlers\FileHandler' driver.
INFO - 2023-11-12 21:36:43 --> Session: Class initialized using 'CodeIgniter\Session\Handlers\FileHandler' driver.
WARNING - 2023-11-12 21:36:49 --> [DEPRECATED] Creation of dynamic property App\Controllers\Usuarios::$usuarios is deprecated in APPPATH\Controllers\Usuarios.php on line 14.
 1 SYSTEMPATH\CodeIgniter.php(891): App\Controllers\Usuarios->__construct()
 2 SYSTEMPATH\CodeIgniter.php(485): CodeIgniter\CodeIgniter->createController()
 3 SYSTEMPATH\CodeIgniter.php(353): CodeIgniter\CodeIgniter->handleRequest(null, Object(Config\Cache), false)
 4 FCPATH\index.php(79): CodeIgniter\CodeIgniter->run()
INFO - 2023-11-12 21:36:49 --> Session: Class initialized using 'CodeIgniter\Session\Handlers\FileHandler' driver.
WARNING - 2023-11-12 21:36:49 --> [DEPRECATED] Creation of dynamic property CodeIgniter\View\View::$validation is deprecated in APPPATH\Views\cambia_password.php on line 8.
 1 SYSTEMPATH\View\View.php(226): include('C:\\xampp\\htdocs\\pizeria\\app\\Views\\cambia_password.php')
 2 SYSTEMPATH\View\View.php(229): CodeIgniter\View\View->CodeIgniter\View\{closure}()
 3 SYSTEMPATH\Common.php(1188): CodeIgniter\View\View->render('cambia_password', [], true)
 4 APPPATH\Controllers\Usuarios.php(256): view('cambia_password', [...])
 5 SYSTEMPATH\CodeIgniter.php(919): App\Controllers\Usuarios->cambiaPassword()
 6 SYSTEMPATH\CodeIgniter.php(494): CodeIgniter\CodeIgniter->runController(Object(App\Controllers\Usuarios))
 7 SYSTEMPATH\CodeIgniter.php(353): CodeIgniter\CodeIgniter->handleRequest(null, Object(Config\Cache), false)
 8 FCPATH\index.php(79): CodeIgniter\CodeIgniter->run()
CRITICAL - 2023-11-12 21:36:49 --> Trying to access array offset on value of type null
in APPPATH\Views\cambia_password.php on line 25.
 1 APPPATH\Views\cambia_password.php(25): CodeIgniter\Debug\Exceptions->errorHandler(2, 'Trying to access array offset on value of type null', 'C:\\xampp\\htdocs\\pizeria\\app\\Views\\cambia_password.php', 25)
 2 SYSTEMPATH\View\View.php(226): include('C:\\xampp\\htdocs\\pizeria\\app\\Views\\cambia_password.php')
 3 SYSTEMPATH\View\View.php(229): CodeIgniter\View\View->CodeIgniter\View\{closure}()
 4 SYSTEMPATH\Common.php(1188): CodeIgniter\View\View->render('cambia_password', [], true)
 5 APPPATH\Controllers\Usuarios.php(256): view('cambia_password', [...])
 6 SYSTEMPATH\CodeIgniter.php(919): App\Controllers\Usuarios->cambiaPassword()
 7 SYSTEMPATH\CodeIgniter.php(494): CodeIgniter\CodeIgniter->runController(Object(App\Controllers\Usuarios))
 8 SYSTEMPATH\CodeIgniter.php(353): CodeIgniter\CodeIgniter->handleRequest(null, Object(Config\Cache), false)
 9 FCPATH\index.php(79): CodeIgniter\CodeIgniter->run()
INFO - 2023-11-12 21:42:14 --> Session: Class initialized using 'CodeIgniter\Session\Handlers\FileHandler' driver.
INFO - 2023-11-12 21:42:16 --> Session: Class initialized using 'CodeIgniter\Session\Handlers\FileHandler' driver.
INFO - 2023-11-12 21:42:20 --> Session: Class initialized using 'CodeIgniter\Session\Handlers\FileHandler' driver.
WARNING - 2023-11-12 21:42:25 --> [DEPRECATED] Creation of dynamic property App\Controllers\Usuarios::$usuarios is deprecated in APPPATH\Controllers\Usuarios.php on line 14.
 1 SYSTEMPATH\CodeIgniter.php(891): App\Controllers\Usuarios->__construct()
 2 SYSTEMPATH\CodeIgniter.php(485): CodeIgniter\CodeIgniter->createController()
 3 SYSTEMPATH\CodeIgniter.php(353): CodeIgniter\CodeIgniter->handleRequest(null, Object(Config\Cache), false)
 4 FCPATH\index.php(79): CodeIgniter\CodeIgniter->run()
INFO - 2023-11-12 21:42:25 --> Session: Class initialized using 'CodeIgniter\Session\Handlers\FileHandler' driver.
CRITICAL - 2023-11-12 21:42:25 --> Trying to access array offset on value of type null
in APPPATH\Views\cambia_password.php on line 24.
 1 APPPATH\Views\cambia_password.php(24): CodeIgniter\Debug\Exceptions->errorHandler(2, 'Trying to access array offset on value of type null', 'C:\\xampp\\htdocs\\pizeria\\app\\Views\\cambia_password.php', 24)
 2 SYSTEMPATH\View\View.php(226): include('C:\\xampp\\htdocs\\pizeria\\app\\Views\\cambia_password.php')
 3 SYSTEMPATH\View\View.php(229): CodeIgniter\View\View->CodeIgniter\View\{closure}()
 4 SYSTEMPATH\Common.php(1188): CodeIgniter\View\View->render('cambia_password', [], true)
 5 APPPATH\Controllers\Usuarios.php(256): view('cambia_password', [...])
 6 SYSTEMPATH\CodeIgniter.php(919): App\Controllers\Usuarios->cambiaPassword()
 7 SYSTEMPATH\CodeIgniter.php(494): CodeIgniter\CodeIgniter->runController(Object(App\Controllers\Usuarios))
 8 SYSTEMPATH\CodeIgniter.php(353): CodeIgniter\CodeIgniter->handleRequest(null, Object(Config\Cache), false)
 9 FCPATH\index.php(79): CodeIgniter\CodeIgniter->run()
WARNING - 2023-11-12 21:45:17 --> [DEPRECATED] Creation of dynamic property App\Controllers\Usuarios::$usuarios is deprecated in APPPATH\Controllers\Usuarios.php on line 14.
 1 SYSTEMPATH\CodeIgniter.php(891): App\Controllers\Usuarios->__construct()
 2 SYSTEMPATH\CodeIgniter.php(485): CodeIgniter\CodeIgniter->createController()
 3 SYSTEMPATH\CodeIgniter.php(353): CodeIgniter\CodeIgniter->handleRequest(null, Object(Config\Cache), false)
 4 FCPATH\index.php(79): CodeIgniter\CodeIgniter->run()
INFO - 2023-11-12 21:45:17 --> Session: Class initialized using 'CodeIgniter\Session\Handlers\FileHandler' driver.
CRITICAL - 2023-11-12 21:45:18 --> Undefined array key "nombre_corto"
in APPPATH\Views\cambia_password.php on line 29.
 1 APPPATH\Views\cambia_password.php(29): CodeIgniter\Debug\Exceptions->errorHandler(2, 'Undefined array key "nombre_corto"', 'C:\\xampp\\htdocs\\pizeria\\app\\Views\\cambia_password.php', 29)
 2 SYSTEMPATH\View\View.php(226): include('C:\\xampp\\htdocs\\pizeria\\app\\Views\\cambia_password.php')
 3 SYSTEMPATH\View\View.php(229): CodeIgniter\View\View->CodeIgniter\View\{closure}()
 4 SYSTEMPATH\Common.php(1188): CodeIgniter\View\View->render('cambia_password', [], true)
 5 APPPATH\Controllers\Usuarios.php(256): view('cambia_password', [...])
 6 SYSTEMPATH\CodeIgniter.php(919): App\Controllers\Usuarios->cambiaPassword()
 7 SYSTEMPATH\CodeIgniter.php(494): CodeIgniter\CodeIgniter->runController(Object(App\Controllers\Usuarios))
 8 SYSTEMPATH\CodeIgniter.php(353): CodeIgniter\CodeIgniter->handleRequest(null, Object(Config\Cache), false)
 9 FCPATH\index.php(79): CodeIgniter\CodeIgniter->run()
WARNING - 2023-11-12 21:45:53 --> [DEPRECATED] Creation of dynamic property App\Controllers\Usuarios::$usuarios is deprecated in APPPATH\Controllers\Usuarios.php on line 14.
 1 SYSTEMPATH\CodeIgniter.php(891): App\Controllers\Usuarios->__construct()
 2 SYSTEMPATH\CodeIgniter.php(485): CodeIgniter\CodeIgniter->createController()
 3 SYSTEMPATH\CodeIgniter.php(353): CodeIgniter\CodeIgniter->handleRequest(null, Object(Config\Cache), false)
 4 FCPATH\index.php(79): CodeIgniter\CodeIgniter->run()
INFO - 2023-11-12 21:45:53 --> Session: Class initialized using 'CodeIgniter\Session\Handlers\FileHandler' driver.
WARNING - 2023-11-12 21:47:08 --> [DEPRECATED] Creation of dynamic property App\Controllers\Usuarios::$usuarios is deprecated in APPPATH\Controllers\Usuarios.php on line 14.
 1 SYSTEMPATH\CodeIgniter.php(891): App\Controllers\Usuarios->__construct()
 2 SYSTEMPATH\CodeIgniter.php(485): CodeIgniter\CodeIgniter->createController()
 3 SYSTEMPATH\CodeIgniter.php(353): CodeIgniter\CodeIgniter->handleRequest(null, Object(Config\Cache), false)
 4 FCPATH\index.php(79): CodeIgniter\CodeIgniter->run()
INFO - 2023-11-12 21:47:08 --> Session: Class initialized using 'CodeIgniter\Session\Handlers\FileHandler' driver.
