WARNING - 2023-11-17 11:24:09 --> [DEPRECATED] Creation of dynamic property App\Controllers\Usuarios::$usuarios is deprecated in APPPATH\Controllers\Usuarios.php on line 14.
 1 SYSTEMPATH\CodeIgniter.php(891): App\Controllers\Usuarios->__construct()
 2 SYSTEMPATH\CodeIgniter.php(485): CodeIgniter\CodeIgniter->createController()
 3 SYSTEMPATH\CodeIgniter.php(353): CodeIgniter\CodeIgniter->handleRequest(null, Object(Config\Cache), false)
 4 FCPATH\index.php(79): CodeIgniter\CodeIgniter->run()
INFO - 2023-11-17 11:24:09 --> Session: Class initialized using 'CodeIgniter\Session\Handlers\FileHandler' driver.
WARNING - 2023-11-17 11:24:11 --> [DEPRECATED] Creation of dynamic property App\Controllers\Usuarios::$usuarios is deprecated in APPPATH\Controllers\Usuarios.php on line 14.
 1 SYSTEMPATH\CodeIgniter.php(891): App\Controllers\Usuarios->__construct()
 2 SYSTEMPATH\CodeIgniter.php(485): CodeIgniter\CodeIgniter->createController()
 3 SYSTEMPATH\CodeIgniter.php(353): CodeIgniter\CodeIgniter->handleRequest(null, Object(Config\Cache), false)
 4 FCPATH\index.php(79): CodeIgniter\CodeIgniter->run()
CRITICAL - 2023-11-17 11:24:12 --> Trying to access array offset on value of type bool
in APPPATH\Controllers\Usuarios.php on line 230.
 1 APPPATH\Controllers\Usuarios.php(230): CodeIgniter\Debug\Exceptions->errorHandler(2, 'Trying to access array offset on value of type bool', 'C:\\xampp\\htdocs\\pizeria\\app\\Controllers\\Usuarios.php', 230)
 2 SYSTEMPATH\CodeIgniter.php(919): App\Controllers\Usuarios->valida()
 3 SYSTEMPATH\CodeIgniter.php(494): CodeIgniter\CodeIgniter->runController(Object(App\Controllers\Usuarios))
 4 SYSTEMPATH\CodeIgniter.php(353): CodeIgniter\CodeIgniter->handleRequest(null, Object(Config\Cache), false)
 5 FCPATH\index.php(79): CodeIgniter\CodeIgniter->run()
INFO - 2023-11-17 11:24:24 --> Session: Class initialized using 'CodeIgniter\Session\Handlers\FileHandler' driver.
INFO - 2023-11-17 11:24:28 --> Session: Class initialized using 'CodeIgniter\Session\Handlers\FileHandler' driver.
INFO - 2023-11-17 11:24:28 --> Session: Class initialized using 'CodeIgniter\Session\Handlers\FileHandler' driver.
WARNING - 2023-11-17 11:24:44 --> [DEPRECATED] Creation of dynamic property App\Controllers\Compras::$compras is deprecated in APPPATH\Controllers\Compras.php on line 12.
 1 SYSTEMPATH\CodeIgniter.php(891): App\Controllers\Compras->__construct()
 2 SYSTEMPATH\CodeIgniter.php(485): CodeIgniter\CodeIgniter->createController()
 3 SYSTEMPATH\CodeIgniter.php(353): CodeIgniter\CodeIgniter->handleRequest(null, Object(Config\Cache), false)
 4 FCPATH\index.php(79): CodeIgniter\CodeIgniter->run()
INFO - 2023-11-17 11:24:44 --> Session: Class initialized using 'CodeIgniter\Session\Handlers\FileHandler' driver.
WARNING - 2023-11-17 11:26:52 --> [DEPRECATED] Creation of dynamic property App\Controllers\Compras::$compras is deprecated in APPPATH\Controllers\Compras.php on line 12.
 1 SYSTEMPATH\CodeIgniter.php(891): App\Controllers\Compras->__construct()
 2 SYSTEMPATH\CodeIgniter.php(485): CodeIgniter\CodeIgniter->createController()
 3 SYSTEMPATH\CodeIgniter.php(353): CodeIgniter\CodeIgniter->handleRequest(null, Object(Config\Cache), false)
 4 FCPATH\index.php(79): CodeIgniter\CodeIgniter->run()
INFO - 2023-11-17 11:26:52 --> Session: Class initialized using 'CodeIgniter\Session\Handlers\FileHandler' driver.
WARNING - 2023-11-17 11:27:46 --> [DEPRECATED] Creation of dynamic property App\Controllers\Compras::$compras is deprecated in APPPATH\Controllers\Compras.php on line 12.
 1 SYSTEMPATH\CodeIgniter.php(891): App\Controllers\Compras->__construct()
 2 SYSTEMPATH\CodeIgniter.php(485): CodeIgniter\CodeIgniter->createController()
 3 SYSTEMPATH\CodeIgniter.php(353): CodeIgniter\CodeIgniter->handleRequest(null, Object(Config\Cache), false)
 4 FCPATH\index.php(79): CodeIgniter\CodeIgniter->run()
INFO - 2023-11-17 11:27:46 --> Session: Class initialized using 'CodeIgniter\Session\Handlers\FileHandler' driver.
